{"obj": {"type": "AssignString", "path": ["sys", "name"], "value": "Untitled"}, "version": 1}
{"obj": {"type": "AssignString", "path": ["sys", "description"], "value": ""}, "version": 2}
{"obj": {"type": "AssignString", "path": ["sys", "hostname"], "value": "jun-XPS-8940"}, "version": 3}
{"obj": {"type": "AssignBool", "path": ["sys", "failed"], "value": false}, "version": 4}
{"obj": {"type": "ClearStringLog", "path": ["monitoring", "stdout"]}, "version": 5}
{"obj": {"type": "ClearStringLog", "path": ["monitoring", "stderr"]}, "version": 6}
{"obj": {"type": "ConfigFloatSeries", "path": ["monitoring", "cpu"], "min": 0.0, "max": 100.0, "unit": "%"}, "version": 7}
{"obj": {"type": "ClearFloatLog", "path": ["monitoring", "cpu"]}, "version": 8}
{"obj": {"type": "ConfigFloatSeries", "path": ["monitoring", "memory"], "min": 0.0, "max": 15.308197021484375, "unit": "GB"}, "version": 9}
{"obj": {"type": "ClearFloatLog", "path": ["monitoring", "memory"]}, "version": 10}
{"obj": {"type": "ConfigFloatSeries", "path": ["monitoring", "gpu"], "min": 0.0, "max": 100.0, "unit": "%"}, "version": 11}
{"obj": {"type": "ClearFloatLog", "path": ["monitoring", "gpu"]}, "version": 12}
{"obj": {"type": "ConfigFloatSeries", "path": ["monitoring", "gpu_memory"], "min": 0.0, "max": 7.77325439453125, "unit": "GB"}, "version": 13}
{"obj": {"type": "ClearFloatLog", "path": ["monitoring", "gpu_memory"]}, "version": 14}
{"obj": {"type": "LogStrings", "path": ["monitoring", "stdout"], "values": [{"value": "", "step": null, "ts": 1644255727.8793502}]}, "version": 15}
{"obj": {"type": "LogStrings", "path": ["monitoring", "stdout"], "values": [{"value": "https://app.neptune.ai/junkataoka/SRDC/e/SRDC-165\n", "step": null, "ts": 1644255727.8797114}]}, "version": 16}
{"obj": {"type": "LogStrings", "path": ["monitoring", "stdout"], "values": [{"value": "Remember to stop your run once you\u2019ve finished logging your metadata (https://docs.neptune.ai/api-reference/run#stop). It will be stopped automatically only when the notebook kernel/interactive console is terminated.\n", "step": null, "ts": 1644255727.8798788}]}, "version": 17}
{"obj": {"type": "LogFloats", "path": ["monitoring", "cpu"], "values": [{"value": 5.1, "step": null, "ts": 1644255727.8775811}]}, "version": 18}
{"obj": {"type": "LogFloats", "path": ["monitoring", "memory"], "values": [{"value": 4.9985809326171875, "step": null, "ts": 1644255727.8775811}]}, "version": 19}
{"obj": {"type": "LogFloats", "path": ["monitoring", "gpu_memory"], "values": [{"value": 1.4005126953125, "step": null, "ts": 1644255727.8775811}]}, "version": 20}
{"obj": {"type": "LogStrings", "path": ["monitoring", "stdout"], "values": [{"value": "begin training", "step": null, "ts": 1644255727.8992445}]}, "version": 21}
{"obj": {"type": "LogStrings", "path": ["monitoring", "stdout"], "values": [{"value": "\n", "step": null, "ts": 1644255727.8993564}]}, "version": 22}
{"obj": {"type": "LogStrings", "path": ["monitoring", "stdout"], "values": [{"value": "Test on T training set - [0][0/13]\tT 0.340 (0.340)\tD 0.252 (0.252)\tT@1 100.000 (100.000)\tT@5 100.000 (100.000)\tL 0.1955 (0.1955)", "step": null, "ts": 1644255734.122539}]}, "version": 23}
{"obj": {"type": "LogStrings", "path": ["monitoring", "stdout"], "values": [{"value": "\n", "step": null, "ts": 1644255734.1228142}]}, "version": 24}
{"obj": {"type": "LogStrings", "path": ["monitoring", "stdout"], "values": [{"value": "Test on T training set - [0][10/13]\tT 0.187 (0.194)\tD 0.099 (0.106)\tT@1 76.190 (81.530)\tT@5 100.000 (94.517)\tL 0.8892 (0.7919)", "step": null, "ts": 1644255735.9136934}]}, "version": 25}
{"obj": {"type": "LogStrings", "path": ["monitoring", "stdout"], "values": [{"value": "\n", "step": null, "ts": 1644255735.9138424}]}, "version": 26}
{"obj": {"type": "LogStrings", "path": ["monitoring", "stdout"], "values": [{"value": "torch.Size([795])", "step": null, "ts": 1644255736.657386}]}, "version": 27}
{"obj": {"type": "LogStrings", "path": ["monitoring", "stdout"], "values": [{"value": "\n", "step": null, "ts": 1644255736.6575072}]}, "version": 28}
{"obj": {"type": "LogStrings", "path": ["monitoring", "stdout"], "values": [{"value": "torch.Size([39])", "step": null, "ts": 1644255736.6575541}]}, "version": 29}
{"obj": {"type": "LogStrings", "path": ["monitoring", "stdout"], "values": [{"value": "\n", "step": null, "ts": 1644255736.6575954}]}, "version": 30}
{"obj": {"type": "LogStrings", "path": ["monitoring", "traceback"], "values": [{"value": "An uncaught exception occurred while run was active on worker jun-XPS-8940.", "step": null, "ts": 1644255736.658345}, {"value": "Marking run as failed", "step": null, "ts": 1644255736.658345}, {"value": "Traceback:", "step": null, "ts": 1644255736.658345}, {"value": "  File \"main.py\", line 280, in <module>\n    main()\n", "step": null, "ts": 1644255736.658345}, {"value": "  File \"main.py\", line 134, in main\n    prec1, c_s, c_s_2, c_t, c_t_2, c_srctar, c_srctar_2, source_features, source_features_2, source_targets, target_features, target_features_2, target_targets, pseudo_labels = validate_compute_cen(val_loader_target, val_loader_source, model, criterion, epoch, args, run)\n", "step": null, "ts": 1644255736.658345}, {"value": "  File \"/home/jun/GoogleDrive/project/DANN_RegClustering/trainer.py\", line 408, in validate_compute_cen\n    log_confusion_matrix(target_targets, target_preds, 31, \"Target True VS Target Pred\", run)\n", "step": null, "ts": 1644255736.658345}, {"value": "  File \"/home/jun/GoogleDrive/project/DANN_RegClustering/trainer.py\", line 476, in log_confusion_matrix\n    confusion_matrix = torchmetrics.functional.confusion_matrix(target, label, num_classes=num_classes)\n", "step": null, "ts": 1644255736.658345}, {"value": "  File \"/home/jun/anaconda3/envs/cyclegan/lib/python3.8/site-packages/torchmetrics/functional/classification/confusion_matrix.py\", line 183, in confusion_matrix\n    confmat = _confusion_matrix_update(preds, target, num_classes, threshold, multilabel)\n", "step": null, "ts": 1644255736.658345}, {"value": "  File \"/home/jun/anaconda3/envs/cyclegan/lib/python3.8/site-packages/torchmetrics/functional/classification/confusion_matrix.py\", line 37, in _confusion_matrix_update\n    preds, target, mode = _input_format_classification(preds, target, threshold)\n", "step": null, "ts": 1644255736.658345}, {"value": "  File \"/home/jun/anaconda3/envs/cyclegan/lib/python3.8/site-packages/torchmetrics/utilities/checks.py\", line 392, in _input_format_classification\n    case = _check_classification_inputs(\n", "step": null, "ts": 1644255736.658345}, {"value": "  File \"/home/jun/anaconda3/envs/cyclegan/lib/python3.8/site-packages/torchmetrics/utilities/checks.py\", line 251, in _check_classification_inputs\n    _basic_input_validation(preds, target, threshold, multiclass)\n", "step": null, "ts": 1644255736.658345}, {"value": "  File \"/home/jun/anaconda3/envs/cyclegan/lib/python3.8/site-packages/torchmetrics/utilities/checks.py\", line 42, in _basic_input_validation\n    raise ValueError(\"The `preds` and `target` should have the same first dimension.\")\n", "step": null, "ts": 1644255736.658345}, {"value": "The `preds` and `target` should have the same first dimension.", "step": null, "ts": 1644255736.658345}]}, "version": 31}
{"obj": {"type": "AssignBool", "path": ["sys", "failed"], "value": true}, "version": 32}
{"obj": {"type": "LogStrings", "path": ["monitoring", "stderr"], "values": [{"value": "Traceback (most recent call last):\n", "step": null, "ts": 1644255736.6586165}]}, "version": 33}
{"obj": {"type": "LogStrings", "path": ["monitoring", "stderr"], "values": [{"value": "", "step": null, "ts": 1644255736.658662}]}, "version": 34}
{"obj": {"type": "LogStrings", "path": ["monitoring", "stderr"], "values": [{"value": "  File \"main.py\", line 280, in <module>\n    main()\n", "step": null, "ts": 1644255736.658719}]}, "version": 35}
{"obj": {"type": "LogStrings", "path": ["monitoring", "stderr"], "values": [{"value": "", "step": null, "ts": 1644255736.658778}]}, "version": 36}
{"obj": {"type": "LogStrings", "path": ["monitoring", "stderr"], "values": [{"value": "  File \"main.py\", line 134, in main\n    prec1, c_s, c_s_2, c_t, c_t_2, c_srctar, c_srctar_2, source_features, source_features_2, source_targets, target_features, target_features_2, target_targets, pseudo_labels = validate_compute_cen(val_loader_target, val_loader_source, model, criterion, epoch, args, run)\n", "step": null, "ts": 1644255736.6588454}]}, "version": 37}
{"obj": {"type": "LogStrings", "path": ["monitoring", "stderr"], "values": [{"value": "", "step": null, "ts": 1644255736.6589105}]}, "version": 38}
{"obj": {"type": "LogStrings", "path": ["monitoring", "stderr"], "values": [{"value": "  File \"/home/jun/GoogleDrive/project/DANN_RegClustering/trainer.py\", line 408, in validate_compute_cen\n    log_confusion_matrix(target_targets, target_preds, 31, \"Target True VS Target Pred\", run)\n", "step": null, "ts": 1644255736.65896}]}, "version": 39}
{"obj": {"type": "LogStrings", "path": ["monitoring", "stderr"], "values": [{"value": "", "step": null, "ts": 1644255736.659023}]}, "version": 40}
{"obj": {"type": "LogStrings", "path": ["monitoring", "stderr"], "values": [{"value": "  File \"/home/jun/GoogleDrive/project/DANN_RegClustering/trainer.py\", line 476, in log_confusion_matrix\n    confusion_matrix = torchmetrics.functional.confusion_matrix(target, label, num_classes=num_classes)\n", "step": null, "ts": 1644255736.659086}]}, "version": 41}
{"obj": {"type": "LogStrings", "path": ["monitoring", "stderr"], "values": [{"value": "", "step": null, "ts": 1644255736.6591556}]}, "version": 42}
{"obj": {"type": "LogStrings", "path": ["monitoring", "stderr"], "values": [{"value": "  File \"/home/jun/anaconda3/envs/cyclegan/lib/python3.8/site-packages/torchmetrics/functional/classification/confusion_matrix.py\", line 183, in confusion_matrix\n    confmat = _confusion_matrix_update(preds, target, num_classes, threshold, multilabel)\n", "step": null, "ts": 1644255736.659211}]}, "version": 43}
{"obj": {"type": "LogStrings", "path": ["monitoring", "stderr"], "values": [{"value": "", "step": null, "ts": 1644255736.659276}]}, "version": 44}
{"obj": {"type": "LogStrings", "path": ["monitoring", "stderr"], "values": [{"value": "  File \"/home/jun/anaconda3/envs/cyclegan/lib/python3.8/site-packages/torchmetrics/functional/classification/confusion_matrix.py\", line 37, in _confusion_matrix_update\n    preds, target, mode = _input_format_classification(preds, target, threshold)\n", "step": null, "ts": 1644255736.659336}]}, "version": 45}
{"obj": {"type": "LogStrings", "path": ["monitoring", "stderr"], "values": [{"value": "", "step": null, "ts": 1644255736.6594026}]}, "version": 46}
{"obj": {"type": "LogStrings", "path": ["monitoring", "stderr"], "values": [{"value": "  File \"/home/jun/anaconda3/envs/cyclegan/lib/python3.8/site-packages/torchmetrics/utilities/checks.py\", line 392, in _input_format_classification\n    case = _check_classification_inputs(\n", "step": null, "ts": 1644255736.6594734}]}, "version": 47}
{"obj": {"type": "LogStrings", "path": ["monitoring", "stderr"], "values": [{"value": "", "step": null, "ts": 1644255736.6595473}]}, "version": 48}
{"obj": {"type": "LogStrings", "path": ["monitoring", "stderr"], "values": [{"value": "  File \"/home/jun/anaconda3/envs/cyclegan/lib/python3.8/site-packages/torchmetrics/utilities/checks.py\", line 251, in _check_classification_inputs\n    _basic_input_validation(preds, target, threshold, multiclass)\n", "step": null, "ts": 1644255736.659606}]}, "version": 49}
{"obj": {"type": "LogStrings", "path": ["monitoring", "stderr"], "values": [{"value": "", "step": null, "ts": 1644255736.6596494}]}, "version": 50}
{"obj": {"type": "LogStrings", "path": ["monitoring", "stderr"], "values": [{"value": "  File \"/home/jun/anaconda3/envs/cyclegan/lib/python3.8/site-packages/torchmetrics/utilities/checks.py\", line 42, in _basic_input_validation\n    raise ValueError(\"The `preds` and `target` should have the same first dimension.\")\n", "step": null, "ts": 1644255736.6597126}]}, "version": 51}
{"obj": {"type": "LogStrings", "path": ["monitoring", "stderr"], "values": [{"value": "", "step": null, "ts": 1644255736.6597636}]}, "version": 52}
{"obj": {"type": "LogStrings", "path": ["monitoring", "stderr"], "values": [{"value": "ValueError: The `preds` and `target` should have the same first dimension.\n", "step": null, "ts": 1644255736.6598277}]}, "version": 53}
{"obj": {"type": "LogStrings", "path": ["monitoring", "stderr"], "values": [{"value": "", "step": null, "ts": 1644255736.659888}]}, "version": 54}
{"obj": {"type": "LogStrings", "path": ["monitoring", "stderr"], "values": [{"value": "\nIf you suspect this is an IPython 7.27.0 bug, please report it at:\n    https://github.com/ipython/ipython/issues\nor send an email to the mailing list at ipython-dev@python.org\n\nYou can print a more detailed traceback right now with \"%tb\", or use \"%debug\"\nto interactively debug it.\n\nExtra-detailed tracebacks for bug-reporting purposes can be enabled via:\n    %config Application.verbose_crash=True\n", "step": null, "ts": 1644255736.6599634}]}, "version": 55}
{"obj": {"type": "LogStrings", "path": ["monitoring", "stderr"], "values": [{"value": "\n", "step": null, "ts": 1644255736.6600256}]}, "version": 56}
{"obj": {"type": "LogStrings", "path": ["monitoring", "stdout"], "values": [{"value": "Shutting down background jobs, please wait a moment...\n", "step": null, "ts": 1644255736.6601448}]}, "version": 57}
