{"obj": {"type": "AssignString", "path": ["sys", "name"], "value": "Untitled"}, "version": 1}
{"obj": {"type": "AssignString", "path": ["sys", "description"], "value": ""}, "version": 2}
{"obj": {"type": "AssignString", "path": ["sys", "hostname"], "value": "compute133"}, "version": 3}
{"obj": {"type": "AssignBool", "path": ["sys", "failed"], "value": false}, "version": 4}
{"obj": {"type": "ClearStringLog", "path": ["monitoring", "stdout"]}, "version": 5}
{"obj": {"type": "ClearStringLog", "path": ["monitoring", "stderr"]}, "version": 6}
{"obj": {"type": "ConfigFloatSeries", "path": ["monitoring", "cpu"], "min": 0.0, "max": 100.0, "unit": "%"}, "version": 7}
{"obj": {"type": "ClearFloatLog", "path": ["monitoring", "cpu"]}, "version": 8}
{"obj": {"type": "ConfigFloatSeries", "path": ["monitoring", "memory"], "min": 0.0, "max": 251.8083610534668, "unit": "GB"}, "version": 9}
{"obj": {"type": "ClearFloatLog", "path": ["monitoring", "memory"]}, "version": 10}
{"obj": {"type": "ConfigFloatSeries", "path": ["monitoring", "gpu"], "min": 0.0, "max": 100.0, "unit": "%"}, "version": 11}
{"obj": {"type": "ClearFloatLog", "path": ["monitoring", "gpu"]}, "version": 12}
{"obj": {"type": "ConfigFloatSeries", "path": ["monitoring", "gpu_memory"], "min": 0.0, "max": 11.9124755859375, "unit": "GB"}, "version": 13}
{"obj": {"type": "ClearFloatLog", "path": ["monitoring", "gpu_memory"]}, "version": 14}
{"obj": {"type": "LogFloats", "path": ["monitoring", "cpu"], "values": [{"value": 5.4, "step": null, "ts": 1642480645.133677}]}, "version": 15}
{"obj": {"type": "LogFloats", "path": ["monitoring", "memory"], "values": [{"value": 10.388458251953125, "step": null, "ts": 1642480645.133677}]}, "version": 16}
{"obj": {"type": "LogFloats", "path": ["monitoring", "gpu_memory"], "values": [{"value": 0.9229736328125, "step": null, "ts": 1642480645.133677}]}, "version": 17}
{"obj": {"type": "LogStrings", "path": ["monitoring", "stdout"], "values": [{"value": "", "step": null, "ts": 1642480645.1408548}]}, "version": 18}
{"obj": {"type": "LogStrings", "path": ["monitoring", "stdout"], "values": [{"value": "https://app.neptune.ai/junkataoka/SRDC/e/SRDC-82\n", "step": null, "ts": 1642480645.1414583}]}, "version": 19}
{"obj": {"type": "LogStrings", "path": ["monitoring", "stdout"], "values": [{"value": "Remember to stop your run once you\u2019ve finished logging your metadata (https://docs.neptune.ai/api-reference/run#stop). It will be stopped automatically only when the notebook kernel/interactive console is terminated.\n", "step": null, "ts": 1642480645.1419256}]}, "version": 20}
{"obj": {"type": "LogStrings", "path": ["monitoring", "stdout"], "values": [{"value": "begin training", "step": null, "ts": 1642480645.2865353}]}, "version": 21}
{"obj": {"type": "LogStrings", "path": ["monitoring", "stdout"], "values": [{"value": "\n", "step": null, "ts": 1642480645.2873497}]}, "version": 22}
{"obj": {"type": "LogFloats", "path": ["monitoring", "cpu"], "values": [{"value": 6.7, "step": null, "ts": 1642480655.140934}]}, "version": 23}
{"obj": {"type": "LogFloats", "path": ["monitoring", "memory"], "values": [{"value": 10.71023941040039, "step": null, "ts": 1642480655.140934}]}, "version": 24}
{"obj": {"type": "LogFloats", "path": ["monitoring", "gpu"], "values": [{"value": 45.0, "step": null, "ts": 1642480655.140934}]}, "version": 25}
{"obj": {"type": "LogFloats", "path": ["monitoring", "gpu_memory"], "values": [{"value": 4.0382080078125, "step": null, "ts": 1642480655.140934}]}, "version": 26}
{"obj": {"type": "LogStrings", "path": ["monitoring", "stdout"], "values": [{"value": "Test on T training set - [0][0/13]\tT 0.663 (0.663)\tD 0.540 (0.540)\tT@1 100.000 (100.000)\tT@5 100.000 (100.000)\tL 0.1956 (0.1956)", "step": null, "ts": 1642480661.6991093}]}, "version": 27}
{"obj": {"type": "LogStrings", "path": ["monitoring", "stdout"], "values": [{"value": "\n", "step": null, "ts": 1642480661.7131712}]}, "version": 28}
{"obj": {"type": "LogFloats", "path": ["monitoring", "cpu"], "values": [{"value": 6.9, "step": null, "ts": 1642480665.1447818}]}, "version": 29}
{"obj": {"type": "LogFloats", "path": ["monitoring", "memory"], "values": [{"value": 10.675418853759766, "step": null, "ts": 1642480665.1447818}]}, "version": 30}
{"obj": {"type": "LogFloats", "path": ["monitoring", "gpu_memory"], "values": [{"value": 3.9600830078125, "step": null, "ts": 1642480665.1447818}]}, "version": 31}
{"obj": {"type": "LogStrings", "path": ["monitoring", "stdout"], "values": [{"value": "Test on T training set - [0][10/13]\tT 0.493 (0.483)\tD 0.372 (0.364)\tT@1 76.190 (81.530)\tT@5 100.000 (94.517)\tL 0.8891 (0.7919)", "step": null, "ts": 1642480666.346853}]}, "version": 32}
{"obj": {"type": "LogStrings", "path": ["monitoring", "stdout"], "values": [{"value": "\n", "step": null, "ts": 1642480666.3539226}]}, "version": 33}
{"obj": {"type": "LogStrings", "path": ["monitoring", "stdout"], "values": [{"value": " * Test on T training set - Prec@1 81.132, Prec@5 94.843", "step": null, "ts": 1642480667.648424}]}, "version": 34}
{"obj": {"type": "LogStrings", "path": ["monitoring", "stdout"], "values": [{"value": "\n", "step": null, "ts": 1642480667.6493466}]}, "version": 35}
{"obj": {"type": "LogStrings", "path": ["monitoring", "stdout"], "values": [{"value": "Test on T test set - [0][0/13]\tTime 0.717 (0.717)\tLoss 0.1956 (0.1956)\tPrec@1 100.000 (100.000)\tPrec@5 100.000 (100.000)", "step": null, "ts": 1642480668.3697572}]}, "version": 36}
{"obj": {"type": "LogStrings", "path": ["monitoring", "stdout"], "values": [{"value": "\n", "step": null, "ts": 1642480668.3838716}]}, "version": 37}
{"obj": {"type": "LogStrings", "path": ["monitoring", "stdout"], "values": [{"value": "Test on T test set - [0][10/13]\tTime 0.495 (0.490)\tLoss 0.8891 (0.7919)\tPrec@1 76.190 (81.530)\tPrec@5 100.000 (94.517)", "step": null, "ts": 1642480673.0370944}]}, "version": 38}
{"obj": {"type": "LogStrings", "path": ["monitoring", "stdout"], "values": [{"value": "\n", "step": null, "ts": 1642480673.0449042}]}, "version": 39}
{"obj": {"type": "LogStrings", "path": ["monitoring", "stdout"], "values": [{"value": " * Test on T test set - Prec@1 81.132, Prec@5 94.843", "step": null, "ts": 1642480673.7932549}]}, "version": 40}
{"obj": {"type": "LogStrings", "path": ["monitoring", "stdout"], "values": [{"value": "\n", "step": null, "ts": 1642480673.7939806}]}, "version": 41}
{"obj": {"type": "LogStrings", "path": ["monitoring", "stdout"], "values": [{"value": "Epoch 0, K-means clustering 0, Average clustering time 0.018, Prec@1 74.465", "step": null, "ts": 1642480673.8133364}]}, "version": 42}
{"obj": {"type": "LogStrings", "path": ["monitoring", "stdout"], "values": [{"value": "\n", "step": null, "ts": 1642480673.8139944}]}, "version": 43}
{"obj": {"type": "LogStrings", "path": ["monitoring", "stdout"], "values": [{"value": "Epoch 0, K-means clustering 1, Average clustering time 0.056, Prec@1 81.258", "step": null, "ts": 1642480673.9078853}]}, "version": 44}
{"obj": {"type": "LogStrings", "path": ["monitoring", "stdout"], "values": [{"value": "\n", "step": null, "ts": 1642480673.913186}]}, "version": 45}
{"obj": {"type": "LogStrings", "path": ["monitoring", "stdout"], "values": [{"value": "Epoch 0, K-means clustering 2, Average clustering time 0.063, Prec@1 82.013", "step": null, "ts": 1642480673.984362}]}, "version": 46}
{"obj": {"type": "LogStrings", "path": ["monitoring", "stdout"], "values": [{"value": "\n", "step": null, "ts": 1642480673.9852185}]}, "version": 47}
{"obj": {"type": "LogStrings", "path": ["monitoring", "stdout"], "values": [{"value": "Epoch 0, K-means clustering 3, Average clustering time 0.063, Prec@1 82.138", "step": null, "ts": 1642480674.0480096}]}, "version": 48}
{"obj": {"type": "LogStrings", "path": ["monitoring", "stdout"], "values": [{"value": "\n", "step": null, "ts": 1642480674.04887}]}, "version": 49}
{"obj": {"type": "LogStrings", "path": ["monitoring", "stdout"], "values": [{"value": "Epoch 0, K-means clustering 4, Average clustering time 0.064, Prec@1 82.642", "step": null, "ts": 1642480674.1129403}]}, "version": 50}
{"obj": {"type": "LogStrings", "path": ["monitoring", "stdout"], "values": [{"value": "\n", "step": null, "ts": 1642480674.1165473}]}, "version": 51}
{"obj": {"type": "LogStrings", "path": ["monitoring", "stdout"], "values": [{"value": "Epoch 0, K-means clustering 0, Average clustering time 0.001, Prec@1 77.610", "step": null, "ts": 1642480674.234593}]}, "version": 52}
{"obj": {"type": "LogStrings", "path": ["monitoring", "stdout"], "values": [{"value": "\n", "step": null, "ts": 1642480674.235169}]}, "version": 53}
{"obj": {"type": "LogStrings", "path": ["monitoring", "stdout"], "values": [{"value": "Epoch 0, K-means clustering 1, Average clustering time 0.029, Prec@1 83.648", "step": null, "ts": 1642480674.292344}]}, "version": 54}
{"obj": {"type": "LogStrings", "path": ["monitoring", "stdout"], "values": [{"value": "\n", "step": null, "ts": 1642480674.2931008}]}, "version": 55}
{"obj": {"type": "LogStrings", "path": ["monitoring", "stdout"], "values": [{"value": "Epoch 0, K-means clustering 2, Average clustering time 0.038, Prec@1 85.283", "step": null, "ts": 1642480674.3490665}]}, "version": 56}
{"obj": {"type": "LogStrings", "path": ["monitoring", "stdout"], "values": [{"value": "\n", "step": null, "ts": 1642480674.3522468}]}, "version": 57}
{"obj": {"type": "LogStrings", "path": ["monitoring", "stdout"], "values": [{"value": "Epoch 0, K-means clustering 3, Average clustering time 0.046, Prec@1 86.038", "step": null, "ts": 1642480674.419065}]}, "version": 58}
{"obj": {"type": "LogStrings", "path": ["monitoring", "stdout"], "values": [{"value": "\n", "step": null, "ts": 1642480674.4200125}]}, "version": 59}
{"obj": {"type": "LogStrings", "path": ["monitoring", "stdout"], "values": [{"value": "Epoch 0, K-means clustering 4, Average clustering time 0.048, Prec@1 86.289", "step": null, "ts": 1642480674.4741285}]}, "version": 60}
{"obj": {"type": "LogStrings", "path": ["monitoring", "stdout"], "values": [{"value": "\n", "step": null, "ts": 1642480674.4750075}]}, "version": 61}
{"obj": {"type": "LogFloats", "path": ["metrics", "current_acc"], "values": [{"value": 81.13207617705723, "step": null, "ts": 1642480674.8462293}]}, "version": 62}
{"obj": {"type": "LogFloats", "path": ["metrics", "best_acc"], "values": [{"value": 81.13207617705723, "step": null, "ts": 1642480674.8559024}]}, "version": 63}
{"obj": {"type": "LogFloats", "path": ["monitoring", "cpu"], "values": [{"value": 6.6, "step": null, "ts": 1642480675.1477196}]}, "version": 64}
{"obj": {"type": "LogFloats", "path": ["monitoring", "memory"], "values": [{"value": 10.728996276855469, "step": null, "ts": 1642480675.1477196}]}, "version": 65}
{"obj": {"type": "LogFloats", "path": ["monitoring", "gpu"], "values": [{"value": 2.0, "step": null, "ts": 1642480675.1477196}]}, "version": 66}
{"obj": {"type": "LogFloats", "path": ["monitoring", "gpu_memory"], "values": [{"value": 1.0108642578125, "step": null, "ts": 1642480675.1477196}]}, "version": 67}
{"obj": {"type": "LogFloats", "path": ["metrics", "tardis_loss"], "values": [{"value": 0.0, "step": null, "ts": 1642480676.849262}]}, "version": 68}
{"obj": {"type": "LogFloats", "path": ["metrics", "d_t_loss"], "values": [{"value": 0.0, "step": null, "ts": 1642480676.850744}]}, "version": 69}
{"obj": {"type": "LogFloats", "path": ["metrics", "tar_dis_loss_f1"], "values": [{"value": 0.0, "step": null, "ts": 1642480676.8528101}]}, "version": 70}
{"obj": {"type": "LogFloats", "path": ["metrics", "tar_dis_loss_f2"], "values": [{"value": 0.0, "step": null, "ts": 1642480676.8546758}]}, "version": 71}
{"obj": {"type": "LogFloats", "path": ["metrics", "src_dis_loss"], "values": [{"value": 0.0, "step": null, "ts": 1642480676.9502954}]}, "version": 72}
{"obj": {"type": "LogFloats", "path": ["metrics", "d_s_loss"], "values": [{"value": 0.0, "step": null, "ts": 1642480676.9567502}]}, "version": 73}
{"obj": {"type": "LogFloats", "path": ["metrics", "src_dis_loss_f1"], "values": [{"value": 0.0, "step": null, "ts": 1642480676.963732}]}, "version": 74}
{"obj": {"type": "LogFloats", "path": ["metrics", "src_dis_loss_f2"], "values": [{"value": 0.0, "step": null, "ts": 1642480676.970567}]}, "version": 75}
{"obj": {"type": "LogFloats", "path": ["metrics", "mix_up_loss"], "values": [{"value": 0.0, "step": null, "ts": 1642480677.118103}]}, "version": 76}
{"obj": {"type": "LogFloats", "path": ["metrics", "d_mix_up_loss"], "values": [{"value": 0.0, "step": null, "ts": 1642480677.1247375}]}, "version": 77}
{"obj": {"type": "LogStrings", "path": ["monitoring", "stdout"], "values": [{"value": "Train - epoch [0/200]\tBT 2.146 (2.146)\tDT 0.000 (0.000)\tS@1 95.238 (95.238)\tLoss 0.0000 (0.0000)", "step": null, "ts": 1642480678.2495224}]}, "version": 78}
{"obj": {"type": "LogStrings", "path": ["monitoring", "stdout"], "values": [{"value": "\n", "step": null, "ts": 1642480678.2503712}]}, "version": 79}
{"obj": {"type": "LogStrings", "path": ["monitoring", "stdout"], "values": [{"value": "The penalty weight is 0.000000", "step": null, "ts": 1642480678.251266}]}, "version": 80}
{"obj": {"type": "LogStrings", "path": ["monitoring", "stdout"], "values": [{"value": "\n", "step": null, "ts": 1642480678.2517135}]}, "version": 81}
{"obj": {"type": "LogFloats", "path": ["metrics", "tardis_loss"], "values": [{"value": 0.0, "step": null, "ts": 1642480678.4639401}]}, "version": 82}
{"obj": {"type": "LogFloats", "path": ["metrics", "d_t_loss"], "values": [{"value": 0.0, "step": null, "ts": 1642480678.475232}]}, "version": 83}
{"obj": {"type": "LogFloats", "path": ["metrics", "tar_dis_loss_f1"], "values": [{"value": 0.0, "step": null, "ts": 1642480678.482803}]}, "version": 84}
{"obj": {"type": "LogFloats", "path": ["metrics", "tar_dis_loss_f2"], "values": [{"value": 0.0, "step": null, "ts": 1642480678.484294}]}, "version": 85}
{"obj": {"type": "LogFloats", "path": ["metrics", "src_dis_loss"], "values": [{"value": 0.0, "step": null, "ts": 1642480678.571606}]}, "version": 86}
{"obj": {"type": "LogFloats", "path": ["metrics", "d_s_loss"], "values": [{"value": 0.0, "step": null, "ts": 1642480678.5762942}]}, "version": 87}
{"obj": {"type": "LogFloats", "path": ["metrics", "src_dis_loss_f1"], "values": [{"value": 0.0, "step": null, "ts": 1642480678.580301}]}, "version": 88}
{"obj": {"type": "LogFloats", "path": ["metrics", "src_dis_loss_f2"], "values": [{"value": 0.0, "step": null, "ts": 1642480678.5849323}]}, "version": 89}
{"obj": {"type": "LogFloats", "path": ["metrics", "mix_up_loss"], "values": [{"value": -0.0, "step": null, "ts": 1642480678.7499795}]}, "version": 90}
{"obj": {"type": "LogFloats", "path": ["metrics", "d_mix_up_loss"], "values": [{"value": 0.0, "step": null, "ts": 1642480678.7633457}]}, "version": 91}
{"obj": {"type": "LogFloats", "path": ["metrics", "tardis_loss"], "values": [{"value": 0.0, "step": null, "ts": 1642480679.4628353}]}, "version": 92}
{"obj": {"type": "LogFloats", "path": ["metrics", "d_t_loss"], "values": [{"value": 0.0, "step": null, "ts": 1642480679.4773502}]}, "version": 93}
{"obj": {"type": "LogFloats", "path": ["metrics", "tar_dis_loss_f1"], "values": [{"value": 0.0, "step": null, "ts": 1642480679.4836884}]}, "version": 94}
{"obj": {"type": "LogFloats", "path": ["metrics", "tar_dis_loss_f2"], "values": [{"value": 0.0, "step": null, "ts": 1642480679.485045}]}, "version": 95}
{"obj": {"type": "LogFloats", "path": ["metrics", "src_dis_loss"], "values": [{"value": 0.0, "step": null, "ts": 1642480679.5729282}]}, "version": 96}
{"obj": {"type": "LogFloats", "path": ["metrics", "d_s_loss"], "values": [{"value": 0.0, "step": null, "ts": 1642480679.5904956}]}, "version": 97}
{"obj": {"type": "LogFloats", "path": ["metrics", "src_dis_loss_f1"], "values": [{"value": 0.0, "step": null, "ts": 1642480679.5916965}]}, "version": 98}
{"obj": {"type": "LogFloats", "path": ["metrics", "src_dis_loss_f2"], "values": [{"value": 0.0, "step": null, "ts": 1642480679.5930767}]}, "version": 99}
{"obj": {"type": "LogFloats", "path": ["metrics", "mix_up_loss"], "values": [{"value": 0.0, "step": null, "ts": 1642480679.7748547}]}, "version": 100}
{"obj": {"type": "LogFloats", "path": ["metrics", "d_mix_up_loss"], "values": [{"value": 0.0, "step": null, "ts": 1642480679.7889168}]}, "version": 101}
{"obj": {"type": "LogFloats", "path": ["metrics", "tardis_loss"], "values": [{"value": 0.0, "step": null, "ts": 1642480680.364737}]}, "version": 102}
{"obj": {"type": "LogFloats", "path": ["metrics", "d_t_loss"], "values": [{"value": 0.0, "step": null, "ts": 1642480680.3807323}]}, "version": 103}
{"obj": {"type": "LogFloats", "path": ["metrics", "tar_dis_loss_f1"], "values": [{"value": 0.0, "step": null, "ts": 1642480680.3847551}]}, "version": 104}
{"obj": {"type": "LogFloats", "path": ["metrics", "tar_dis_loss_f2"], "values": [{"value": 0.0, "step": null, "ts": 1642480680.3859723}]}, "version": 105}
{"obj": {"type": "LogFloats", "path": ["metrics", "src_dis_loss"], "values": [{"value": 0.0, "step": null, "ts": 1642480680.47794}]}, "version": 106}
{"obj": {"type": "LogFloats", "path": ["metrics", "d_s_loss"], "values": [{"value": 0.0, "step": null, "ts": 1642480680.4897575}]}, "version": 107}
{"obj": {"type": "LogFloats", "path": ["metrics", "src_dis_loss_f1"], "values": [{"value": 0.0, "step": null, "ts": 1642480680.4936016}]}, "version": 108}
{"obj": {"type": "LogFloats", "path": ["metrics", "src_dis_loss_f2"], "values": [{"value": 0.0, "step": null, "ts": 1642480680.4991994}]}, "version": 109}
{"obj": {"type": "LogFloats", "path": ["metrics", "mix_up_loss"], "values": [{"value": 0.0, "step": null, "ts": 1642480680.6741736}]}, "version": 110}
{"obj": {"type": "LogFloats", "path": ["metrics", "d_mix_up_loss"], "values": [{"value": 0.0, "step": null, "ts": 1642480680.7282662}]}, "version": 111}
{"obj": {"type": "LogFloats", "path": ["metrics", "tardis_loss"], "values": [{"value": 0.0, "step": null, "ts": 1642480681.3012016}]}, "version": 112}
{"obj": {"type": "LogFloats", "path": ["metrics", "d_t_loss"], "values": [{"value": 0.0, "step": null, "ts": 1642480681.3095841}]}, "version": 113}
{"obj": {"type": "LogFloats", "path": ["metrics", "tar_dis_loss_f1"], "values": [{"value": 0.0, "step": null, "ts": 1642480681.3200798}]}, "version": 114}
{"obj": {"type": "LogFloats", "path": ["metrics", "tar_dis_loss_f2"], "values": [{"value": 0.0, "step": null, "ts": 1642480681.3215046}]}, "version": 115}
{"obj": {"type": "LogFloats", "path": ["metrics", "src_dis_loss"], "values": [{"value": 0.0, "step": null, "ts": 1642480681.408907}]}, "version": 116}
{"obj": {"type": "LogFloats", "path": ["metrics", "d_s_loss"], "values": [{"value": 0.0, "step": null, "ts": 1642480681.4203064}]}, "version": 117}
{"obj": {"type": "LogFloats", "path": ["metrics", "src_dis_loss_f1"], "values": [{"value": 0.0, "step": null, "ts": 1642480681.4217644}]}, "version": 118}
{"obj": {"type": "LogFloats", "path": ["metrics", "src_dis_loss_f2"], "values": [{"value": 0.0, "step": null, "ts": 1642480681.4229407}]}, "version": 119}
{"obj": {"type": "LogFloats", "path": ["metrics", "mix_up_loss"], "values": [{"value": 0.0, "step": null, "ts": 1642480681.6029587}]}, "version": 120}
{"obj": {"type": "LogFloats", "path": ["metrics", "d_mix_up_loss"], "values": [{"value": 0.0, "step": null, "ts": 1642480681.6096814}]}, "version": 121}
{"obj": {"type": "LogFloats", "path": ["metrics", "tardis_loss"], "values": [{"value": 0.0, "step": null, "ts": 1642480682.185373}]}, "version": 122}
{"obj": {"type": "LogFloats", "path": ["metrics", "d_t_loss"], "values": [{"value": 0.0, "step": null, "ts": 1642480682.1936755}]}, "version": 123}
{"obj": {"type": "LogFloats", "path": ["metrics", "tar_dis_loss_f1"], "values": [{"value": 0.0, "step": null, "ts": 1642480682.2010705}]}, "version": 124}
{"obj": {"type": "LogFloats", "path": ["metrics", "tar_dis_loss_f2"], "values": [{"value": 0.0, "step": null, "ts": 1642480682.2027297}]}, "version": 125}
{"obj": {"type": "LogFloats", "path": ["metrics", "src_dis_loss"], "values": [{"value": 0.0, "step": null, "ts": 1642480682.2898405}]}, "version": 126}
{"obj": {"type": "LogFloats", "path": ["metrics", "d_s_loss"], "values": [{"value": 0.0, "step": null, "ts": 1642480682.2936928}]}, "version": 127}
{"obj": {"type": "LogFloats", "path": ["metrics", "src_dis_loss_f1"], "values": [{"value": 0.0, "step": null, "ts": 1642480682.3010585}]}, "version": 128}
{"obj": {"type": "LogFloats", "path": ["metrics", "src_dis_loss_f2"], "values": [{"value": 0.0, "step": null, "ts": 1642480682.3020966}]}, "version": 129}
{"obj": {"type": "LogFloats", "path": ["metrics", "mix_up_loss"], "values": [{"value": -0.0, "step": null, "ts": 1642480682.4290872}]}, "version": 130}
{"obj": {"type": "LogFloats", "path": ["metrics", "d_mix_up_loss"], "values": [{"value": 0.0, "step": null, "ts": 1642480682.4413714}]}, "version": 131}
{"obj": {"type": "LogFloats", "path": ["metrics", "tardis_loss"], "values": [{"value": 0.0, "step": null, "ts": 1642480683.0238135}]}, "version": 132}
{"obj": {"type": "LogFloats", "path": ["metrics", "d_t_loss"], "values": [{"value": 0.0, "step": null, "ts": 1642480683.0291955}]}, "version": 133}
{"obj": {"type": "LogFloats", "path": ["metrics", "tar_dis_loss_f1"], "values": [{"value": 0.0, "step": null, "ts": 1642480683.0308173}]}, "version": 134}
{"obj": {"type": "LogFloats", "path": ["metrics", "tar_dis_loss_f2"], "values": [{"value": 0.0, "step": null, "ts": 1642480683.032121}]}, "version": 135}
{"obj": {"type": "LogFloats", "path": ["metrics", "src_dis_loss"], "values": [{"value": 0.0, "step": null, "ts": 1642480683.132016}]}, "version": 136}
{"obj": {"type": "LogFloats", "path": ["metrics", "d_s_loss"], "values": [{"value": 0.0, "step": null, "ts": 1642480683.1373825}]}, "version": 137}
{"obj": {"type": "LogFloats", "path": ["metrics", "src_dis_loss_f1"], "values": [{"value": 0.0, "step": null, "ts": 1642480683.1414032}]}, "version": 138}
{"obj": {"type": "LogFloats", "path": ["metrics", "src_dis_loss_f2"], "values": [{"value": 0.0, "step": null, "ts": 1642480683.1454184}]}, "version": 139}
{"obj": {"type": "LogFloats", "path": ["metrics", "mix_up_loss"], "values": [{"value": 0.0, "step": null, "ts": 1642480683.3287718}]}, "version": 140}
{"obj": {"type": "LogFloats", "path": ["metrics", "d_mix_up_loss"], "values": [{"value": 0.0, "step": null, "ts": 1642480683.3385036}]}, "version": 141}
{"obj": {"type": "LogFloats", "path": ["metrics", "tardis_loss"], "values": [{"value": 0.0, "step": null, "ts": 1642480683.9145093}]}, "version": 142}
{"obj": {"type": "LogFloats", "path": ["metrics", "d_t_loss"], "values": [{"value": 0.0, "step": null, "ts": 1642480683.942602}]}, "version": 143}
{"obj": {"type": "LogFloats", "path": ["metrics", "tar_dis_loss_f1"], "values": [{"value": 0.0, "step": null, "ts": 1642480684.182893}]}, "version": 144}
{"obj": {"type": "LogFloats", "path": ["metrics", "tar_dis_loss_f2"], "values": [{"value": 0.0, "step": null, "ts": 1642480684.1851034}]}, "version": 145}
{"obj": {"type": "LogFloats", "path": ["metrics", "src_dis_loss"], "values": [{"value": 0.0, "step": null, "ts": 1642480684.268232}]}, "version": 146}
{"obj": {"type": "LogFloats", "path": ["metrics", "d_s_loss"], "values": [{"value": 0.0, "step": null, "ts": 1642480684.2827666}]}, "version": 147}
{"obj": {"type": "LogFloats", "path": ["metrics", "src_dis_loss_f1"], "values": [{"value": 0.0, "step": null, "ts": 1642480684.2867339}]}, "version": 148}
{"obj": {"type": "LogFloats", "path": ["metrics", "src_dis_loss_f2"], "values": [{"value": 0.0, "step": null, "ts": 1642480684.290775}]}, "version": 149}
{"obj": {"type": "LogFloats", "path": ["metrics", "mix_up_loss"], "values": [{"value": 0.0, "step": null, "ts": 1642480684.418089}]}, "version": 150}
{"obj": {"type": "LogFloats", "path": ["metrics", "d_mix_up_loss"], "values": [{"value": 0.0, "step": null, "ts": 1642480684.4248893}]}, "version": 151}
{"obj": {"type": "LogFloats", "path": ["metrics", "tardis_loss"], "values": [{"value": 0.0, "step": null, "ts": 1642480685.0039997}]}, "version": 152}
{"obj": {"type": "LogFloats", "path": ["metrics", "d_t_loss"], "values": [{"value": 0.0, "step": null, "ts": 1642480685.007992}]}, "version": 153}
{"obj": {"type": "LogFloats", "path": ["metrics", "tar_dis_loss_f1"], "values": [{"value": 0.0, "step": null, "ts": 1642480685.0093153}]}, "version": 154}
{"obj": {"type": "LogFloats", "path": ["metrics", "tar_dis_loss_f2"], "values": [{"value": 0.0, "step": null, "ts": 1642480685.0141943}]}, "version": 155}
{"obj": {"type": "LogFloats", "path": ["metrics", "src_dis_loss"], "values": [{"value": 0.0, "step": null, "ts": 1642480685.1113138}]}, "version": 156}
{"obj": {"type": "LogFloats", "path": ["metrics", "d_s_loss"], "values": [{"value": 0.0, "step": null, "ts": 1642480685.11941}]}, "version": 157}
{"obj": {"type": "LogFloats", "path": ["metrics", "src_dis_loss_f1"], "values": [{"value": 0.0, "step": null, "ts": 1642480685.1248004}]}, "version": 158}
{"obj": {"type": "LogFloats", "path": ["metrics", "src_dis_loss_f2"], "values": [{"value": 0.0, "step": null, "ts": 1642480685.1266074}]}, "version": 159}
{"obj": {"type": "LogFloats", "path": ["monitoring", "cpu"], "values": [{"value": 7.0, "step": null, "ts": 1642480685.1509473}]}, "version": 160}
{"obj": {"type": "LogFloats", "path": ["monitoring", "memory"], "values": [{"value": 11.031997680664062, "step": null, "ts": 1642480685.1509473}]}, "version": 161}
{"obj": {"type": "LogFloats", "path": ["monitoring", "gpu"], "values": [{"value": 88.0, "step": null, "ts": 1642480685.1509473}]}, "version": 162}
{"obj": {"type": "LogFloats", "path": ["monitoring", "gpu_memory"], "values": [{"value": 11.6202392578125, "step": null, "ts": 1642480685.1509473}]}, "version": 163}
{"obj": {"type": "LogFloats", "path": ["metrics", "mix_up_loss"], "values": [{"value": 0.0, "step": null, "ts": 1642480685.2579863}]}, "version": 164}
{"obj": {"type": "LogFloats", "path": ["metrics", "d_mix_up_loss"], "values": [{"value": 0.0, "step": null, "ts": 1642480685.2635918}]}, "version": 165}
{"obj": {"type": "LogFloats", "path": ["metrics", "tardis_loss"], "values": [{"value": 0.0, "step": null, "ts": 1642480685.852865}]}, "version": 166}
{"obj": {"type": "LogFloats", "path": ["metrics", "d_t_loss"], "values": [{"value": 0.0, "step": null, "ts": 1642480685.8543477}]}, "version": 167}
{"obj": {"type": "LogFloats", "path": ["metrics", "tar_dis_loss_f1"], "values": [{"value": 0.0, "step": null, "ts": 1642480685.8564785}]}, "version": 168}
{"obj": {"type": "LogFloats", "path": ["metrics", "tar_dis_loss_f2"], "values": [{"value": 0.0, "step": null, "ts": 1642480685.8583057}]}, "version": 169}
{"obj": {"type": "LogFloats", "path": ["metrics", "src_dis_loss"], "values": [{"value": 0.0, "step": null, "ts": 1642480685.9509661}]}, "version": 170}
{"obj": {"type": "LogFloats", "path": ["metrics", "d_s_loss"], "values": [{"value": 0.0, "step": null, "ts": 1642480685.9574552}]}, "version": 171}
{"obj": {"type": "LogFloats", "path": ["metrics", "src_dis_loss_f1"], "values": [{"value": 0.0, "step": null, "ts": 1642480685.9617991}]}, "version": 172}
{"obj": {"type": "LogFloats", "path": ["metrics", "src_dis_loss_f2"], "values": [{"value": 0.0, "step": null, "ts": 1642480685.9672477}]}, "version": 173}
{"obj": {"type": "LogFloats", "path": ["metrics", "mix_up_loss"], "values": [{"value": 0.0, "step": null, "ts": 1642480686.1192102}]}, "version": 174}
{"obj": {"type": "LogFloats", "path": ["metrics", "d_mix_up_loss"], "values": [{"value": 0.0, "step": null, "ts": 1642480686.126879}]}, "version": 175}
{"obj": {"type": "LogFloats", "path": ["metrics", "tardis_loss"], "values": [{"value": 0.0, "step": null, "ts": 1642480686.7100832}]}, "version": 176}
{"obj": {"type": "LogFloats", "path": ["metrics", "d_t_loss"], "values": [{"value": 0.0, "step": null, "ts": 1642480686.7142315}]}, "version": 177}
{"obj": {"type": "LogFloats", "path": ["metrics", "tar_dis_loss_f1"], "values": [{"value": 0.0, "step": null, "ts": 1642480686.715547}]}, "version": 178}
{"obj": {"type": "LogFloats", "path": ["metrics", "tar_dis_loss_f2"], "values": [{"value": 0.0, "step": null, "ts": 1642480686.7168128}]}, "version": 179}
{"obj": {"type": "LogFloats", "path": ["metrics", "src_dis_loss"], "values": [{"value": 0.0, "step": null, "ts": 1642480686.803869}]}, "version": 180}
{"obj": {"type": "LogFloats", "path": ["metrics", "d_s_loss"], "values": [{"value": 0.0, "step": null, "ts": 1642480686.8173437}]}, "version": 181}
{"obj": {"type": "LogFloats", "path": ["metrics", "src_dis_loss_f1"], "values": [{"value": 0.0, "step": null, "ts": 1642480686.8252337}]}, "version": 182}
{"obj": {"type": "LogFloats", "path": ["metrics", "src_dis_loss_f2"], "values": [{"value": 0.0, "step": null, "ts": 1642480686.8267572}]}, "version": 183}
{"obj": {"type": "LogFloats", "path": ["metrics", "mix_up_loss"], "values": [{"value": 0.0, "step": null, "ts": 1642480686.9608653}]}, "version": 184}
{"obj": {"type": "LogFloats", "path": ["metrics", "d_mix_up_loss"], "values": [{"value": 0.0, "step": null, "ts": 1642480686.9675457}]}, "version": 185}
{"obj": {"type": "LogStrings", "path": ["monitoring", "stdout"], "values": [{"value": "Train - epoch [0/200]\tBT 0.840 (0.840)\tDT 0.000 (0.000)\tS@1 90.476 (90.476)\tLoss 0.0000 (0.0000)", "step": null, "ts": 1642480687.381153}]}, "version": 186}
{"obj": {"type": "LogStrings", "path": ["monitoring", "stdout"], "values": [{"value": "\n", "step": null, "ts": 1642480687.382054}]}, "version": 187}
{"obj": {"type": "LogFloats", "path": ["metrics", "tardis_loss"], "values": [{"value": 0.0, "step": null, "ts": 1642480687.5640292}]}, "version": 188}
{"obj": {"type": "LogFloats", "path": ["metrics", "d_t_loss"], "values": [{"value": 0.0, "step": null, "ts": 1642480687.5722136}]}, "version": 189}
{"obj": {"type": "LogFloats", "path": ["metrics", "tar_dis_loss_f1"], "values": [{"value": 0.0, "step": null, "ts": 1642480687.5736475}]}, "version": 190}
{"obj": {"type": "LogFloats", "path": ["metrics", "tar_dis_loss_f2"], "values": [{"value": 0.0, "step": null, "ts": 1642480687.575127}]}, "version": 191}
{"obj": {"type": "LogFloats", "path": ["metrics", "src_dis_loss"], "values": [{"value": 0.0, "step": null, "ts": 1642480687.659673}]}, "version": 192}
{"obj": {"type": "LogFloats", "path": ["metrics", "d_s_loss"], "values": [{"value": 0.0, "step": null, "ts": 1642480687.673634}]}, "version": 193}
{"obj": {"type": "LogFloats", "path": ["metrics", "src_dis_loss_f1"], "values": [{"value": 0.0, "step": null, "ts": 1642480687.6779633}]}, "version": 194}
{"obj": {"type": "LogFloats", "path": ["metrics", "src_dis_loss_f2"], "values": [{"value": 0.0, "step": null, "ts": 1642480687.6790013}]}, "version": 195}
{"obj": {"type": "LogFloats", "path": ["metrics", "mix_up_loss"], "values": [{"value": 0.0, "step": null, "ts": 1642480687.8534117}]}, "version": 196}
{"obj": {"type": "LogFloats", "path": ["metrics", "d_mix_up_loss"], "values": [{"value": 0.0, "step": null, "ts": 1642480687.8637347}]}, "version": 197}
{"obj": {"type": "LogFloats", "path": ["metrics", "tardis_loss"], "values": [{"value": 0.0, "step": null, "ts": 1642480688.4392772}]}, "version": 198}
{"obj": {"type": "LogFloats", "path": ["metrics", "d_t_loss"], "values": [{"value": 0.0, "step": null, "ts": 1642480688.4498422}]}, "version": 199}
{"obj": {"type": "LogFloats", "path": ["metrics", "tar_dis_loss_f1"], "values": [{"value": 0.0, "step": null, "ts": 1642480688.451123}]}, "version": 200}
{"obj": {"type": "LogFloats", "path": ["metrics", "tar_dis_loss_f2"], "values": [{"value": 0.0, "step": null, "ts": 1642480688.452322}]}, "version": 201}
{"obj": {"type": "LogFloats", "path": ["metrics", "src_dis_loss"], "values": [{"value": 0.0, "step": null, "ts": 1642480688.5430424}]}, "version": 202}
{"obj": {"type": "LogFloats", "path": ["metrics", "d_s_loss"], "values": [{"value": 0.0, "step": null, "ts": 1642480688.549494}]}, "version": 203}
{"obj": {"type": "LogFloats", "path": ["metrics", "src_dis_loss_f1"], "values": [{"value": 0.0, "step": null, "ts": 1642480688.5508747}]}, "version": 204}
{"obj": {"type": "LogFloats", "path": ["metrics", "src_dis_loss_f2"], "values": [{"value": 0.0, "step": null, "ts": 1642480688.5518942}]}, "version": 205}
{"obj": {"type": "LogFloats", "path": ["metrics", "mix_up_loss"], "values": [{"value": 0.0, "step": null, "ts": 1642480688.7264247}]}, "version": 206}
{"obj": {"type": "LogFloats", "path": ["metrics", "d_mix_up_loss"], "values": [{"value": 0.0, "step": null, "ts": 1642480688.73572}]}, "version": 207}
{"obj": {"type": "LogFloats", "path": ["metrics", "tardis_loss"], "values": [{"value": 0.0, "step": null, "ts": 1642480689.3111672}]}, "version": 208}
{"obj": {"type": "LogFloats", "path": ["metrics", "d_t_loss"], "values": [{"value": 0.0, "step": null, "ts": 1642480689.3954694}]}, "version": 209}
{"obj": {"type": "LogFloats", "path": ["metrics", "tar_dis_loss_f1"], "values": [{"value": 0.0, "step": null, "ts": 1642480689.397467}]}, "version": 210}
{"obj": {"type": "LogFloats", "path": ["metrics", "tar_dis_loss_f2"], "values": [{"value": 0.0, "step": null, "ts": 1642480689.3992634}]}, "version": 211}
{"obj": {"type": "LogFloats", "path": ["metrics", "src_dis_loss"], "values": [{"value": 0.0, "step": null, "ts": 1642480689.484929}]}, "version": 212}
{"obj": {"type": "LogFloats", "path": ["metrics", "d_s_loss"], "values": [{"value": 0.0, "step": null, "ts": 1642480689.4922225}]}, "version": 213}
{"obj": {"type": "LogFloats", "path": ["metrics", "src_dis_loss_f1"], "values": [{"value": 0.0, "step": null, "ts": 1642480689.5010345}]}, "version": 214}
{"obj": {"type": "LogFloats", "path": ["metrics", "src_dis_loss_f2"], "values": [{"value": 0.0, "step": null, "ts": 1642480689.502468}]}, "version": 215}
{"obj": {"type": "LogFloats", "path": ["metrics", "mix_up_loss"], "values": [{"value": 0.0, "step": null, "ts": 1642480689.6369946}]}, "version": 216}
{"obj": {"type": "LogStrings", "path": ["monitoring", "traceback"], "values": [{"value": "An uncaught exception occurred while run was active on worker compute133.", "step": null, "ts": 1642480689.7506824}, {"value": "Marking run as failed", "step": null, "ts": 1642480689.7506824}, {"value": "Traceback:", "step": null, "ts": 1642480689.7506824}, {"value": "  File \"main.py\", line 280, in <module>\n    main()\n", "step": null, "ts": 1642480689.7506824}, {"value": "  File \"main.py\", line 243, in main\n    train_loader_source_batch, train_loader_target_batch = train(train_loader_source, train_loader_source_batch, train_loader_target, train_loader_target_batch, model, learn_cen, learn_cen_2, criterion_cons, optimizer, itern, epoch, new_epoch_flag, src_cs, args, run)\n", "step": null, "ts": 1642480689.7506824}, {"value": "  File \"/data/home/jkataok1/SRDC-CVPR2020/trainer.py\", line 149, in train\n    run[\"metrics/d_mix_up_loss\"].log(d_mixup_loss)\n", "step": null, "ts": 1642480689.7506824}, {"value": "  File \"/data/home/jkataok1/.conda/envs/cyclegan/lib/python3.8/site-packages/neptune/new/handler.py\", line 225, in log\n    attr.log(value, step=step, timestamp=timestamp, wait=wait, **kwargs)\n", "step": null, "ts": 1642480689.7506824}, {"value": "  File \"/data/home/jkataok1/.conda/envs/cyclegan/lib/python3.8/site-packages/neptune/new/attributes/series/series.py\", line 84, in log\n    value = self._data_to_value([value], **kwargs)\n", "step": null, "ts": 1642480689.7506824}, {"value": "  File \"/data/home/jkataok1/.conda/envs/cyclegan/lib/python3.8/site-packages/neptune/new/attributes/series/float_series.py\", line 60, in _data_to_value\n    return FloatSeriesVal(values)\n", "step": null, "ts": 1642480689.7506824}, {"value": "  File \"/data/home/jkataok1/.conda/envs/cyclegan/lib/python3.8/site-packages/neptune/new/types/series/float_series.py\", line 38, in __init__\n    self._values = [float(value) for value in values]\n", "step": null, "ts": 1642480689.7506824}, {"value": "  File \"/data/home/jkataok1/.conda/envs/cyclegan/lib/python3.8/site-packages/neptune/new/types/series/float_series.py\", line 38, in <listcomp>\n    self._values = [float(value) for value in values]\n", "step": null, "ts": 1642480689.7506824}, {"value": "CUDA error: device-side assert triggered", "step": null, "ts": 1642480689.7506824}, {"value": "CUDA kernel errors might be asynchronously reported at some other API call,so the stacktrace below might be incorrect.", "step": null, "ts": 1642480689.7506824}, {"value": "For debugging consider passing CUDA_LAUNCH_BLOCKING=1.", "step": null, "ts": 1642480689.7506824}]}, "version": 217}
{"obj": {"type": "AssignBool", "path": ["sys", "failed"], "value": true}, "version": 218}
{"obj": {"type": "LogStrings", "path": ["monitoring", "stderr"], "values": [{"value": "Traceback (most recent call last):\n", "step": null, "ts": 1642480689.7531052}]}, "version": 219}
{"obj": {"type": "LogStrings", "path": ["monitoring", "stderr"], "values": [{"value": "", "step": null, "ts": 1642480689.7537484}]}, "version": 220}
{"obj": {"type": "LogStrings", "path": ["monitoring", "stderr"], "values": [{"value": "  File \"main.py\", line 280, in <module>\n    main()\n", "step": null, "ts": 1642480689.7543857}]}, "version": 221}
{"obj": {"type": "LogStrings", "path": ["monitoring", "stderr"], "values": [{"value": "", "step": null, "ts": 1642480689.7548904}]}, "version": 222}
{"obj": {"type": "LogStrings", "path": ["monitoring", "stderr"], "values": [{"value": "  File \"main.py\", line 243, in main\n    train_loader_source_batch, train_loader_target_batch = train(train_loader_source, train_loader_source_batch, train_loader_target, train_loader_target_batch, model, learn_cen, learn_cen_2, criterion_cons, optimizer, itern, epoch, new_epoch_flag, src_cs, args, run)\n", "step": null, "ts": 1642480689.7553945}]}, "version": 223}
{"obj": {"type": "LogStrings", "path": ["monitoring", "stderr"], "values": [{"value": "", "step": null, "ts": 1642480689.7557375}]}, "version": 224}
{"obj": {"type": "LogStrings", "path": ["monitoring", "stderr"], "values": [{"value": "  File \"/data/home/jkataok1/SRDC-CVPR2020/trainer.py\", line 149, in train\n    run[\"metrics/d_mix_up_loss\"].log(d_mixup_loss)\n", "step": null, "ts": 1642480689.7560792}]}, "version": 225}
{"obj": {"type": "LogStrings", "path": ["monitoring", "stderr"], "values": [{"value": "", "step": null, "ts": 1642480689.7565026}]}, "version": 226}
{"obj": {"type": "LogStrings", "path": ["monitoring", "stderr"], "values": [{"value": "  File \"/data/home/jkataok1/.conda/envs/cyclegan/lib/python3.8/site-packages/neptune/new/handler.py\", line 225, in log\n    attr.log(value, step=step, timestamp=timestamp, wait=wait, **kwargs)\n", "step": null, "ts": 1642480689.7568421}]}, "version": 227}
{"obj": {"type": "LogStrings", "path": ["monitoring", "stderr"], "values": [{"value": "", "step": null, "ts": 1642480689.75718}]}, "version": 228}
{"obj": {"type": "LogStrings", "path": ["monitoring", "stderr"], "values": [{"value": "  File \"/data/home/jkataok1/.conda/envs/cyclegan/lib/python3.8/site-packages/neptune/new/attributes/series/series.py\", line 84, in log\n    value = self._data_to_value([value], **kwargs)\n", "step": null, "ts": 1642480689.7575579}]}, "version": 229}
{"obj": {"type": "LogStrings", "path": ["monitoring", "stderr"], "values": [{"value": "", "step": null, "ts": 1642480689.7579923}]}, "version": 230}
{"obj": {"type": "LogStrings", "path": ["monitoring", "stderr"], "values": [{"value": "  File \"/data/home/jkataok1/.conda/envs/cyclegan/lib/python3.8/site-packages/neptune/new/attributes/series/float_series.py\", line 60, in _data_to_value\n    return FloatSeriesVal(values)\n", "step": null, "ts": 1642480689.7584157}]}, "version": 231}
{"obj": {"type": "LogStrings", "path": ["monitoring", "stderr"], "values": [{"value": "", "step": null, "ts": 1642480689.7587876}]}, "version": 232}
{"obj": {"type": "LogStrings", "path": ["monitoring", "stderr"], "values": [{"value": "  File \"/data/home/jkataok1/.conda/envs/cyclegan/lib/python3.8/site-packages/neptune/new/types/series/float_series.py\", line 38, in __init__\n    self._values = [float(value) for value in values]\n", "step": null, "ts": 1642480689.7591386}]}, "version": 233}
{"obj": {"type": "LogStrings", "path": ["monitoring", "stderr"], "values": [{"value": "", "step": null, "ts": 1642480689.7595627}]}, "version": 234}
{"obj": {"type": "LogStrings", "path": ["monitoring", "stderr"], "values": [{"value": "  File \"/data/home/jkataok1/.conda/envs/cyclegan/lib/python3.8/site-packages/neptune/new/types/series/float_series.py\", line 38, in <listcomp>\n    self._values = [float(value) for value in values]\n", "step": null, "ts": 1642480689.7599986}]}, "version": 235}
{"obj": {"type": "LogStrings", "path": ["monitoring", "stderr"], "values": [{"value": "", "step": null, "ts": 1642480689.760424}]}, "version": 236}
{"obj": {"type": "LogStrings", "path": ["monitoring", "stderr"], "values": [{"value": "RuntimeError: CUDA error: device-side assert triggered\nCUDA kernel errors might be asynchronously reported at some other API call,so the stacktrace below might be incorrect.\nFor debugging consider passing CUDA_LAUNCH_BLOCKING=1.\n", "step": null, "ts": 1642480689.7608354}]}, "version": 237}
{"obj": {"type": "LogStrings", "path": ["monitoring", "stderr"], "values": [{"value": "", "step": null, "ts": 1642480689.7613773}]}, "version": 238}
{"obj": {"type": "LogStrings", "path": ["monitoring", "stderr"], "values": [{"value": "\nIf you suspect this is an IPython 7.29.0 bug, please report it at:\n    https://github.com/ipython/ipython/issues\nor send an email to the mailing list at ipython-dev@python.org\n\nYou can print a more detailed traceback right now with \"%tb\", or use \"%debug\"\nto interactively debug it.\n\nExtra-detailed tracebacks for bug-reporting purposes can be enabled via:\n    %config Application.verbose_crash=True\n", "step": null, "ts": 1642480689.7619362}]}, "version": 239}
{"obj": {"type": "LogStrings", "path": ["monitoring", "stderr"], "values": [{"value": "\n", "step": null, "ts": 1642480689.762419}]}, "version": 240}
{"obj": {"type": "LogStrings", "path": ["monitoring", "stdout"], "values": [{"value": "Shutting down background jobs, please wait a moment...\n", "step": null, "ts": 1642480689.7631218}]}, "version": 241}
