{"obj": {"type": "AssignString", "path": ["sys", "name"], "value": "Untitled"}, "version": 1}
{"obj": {"type": "AssignString", "path": ["sys", "description"], "value": ""}, "version": 2}
{"obj": {"type": "AssignString", "path": ["sys", "hostname"], "value": "compute133"}, "version": 3}
{"obj": {"type": "AssignBool", "path": ["sys", "failed"], "value": false}, "version": 4}
{"obj": {"type": "ClearStringLog", "path": ["monitoring", "stdout"]}, "version": 5}
{"obj": {"type": "ClearStringLog", "path": ["monitoring", "stderr"]}, "version": 6}
{"obj": {"type": "ConfigFloatSeries", "path": ["monitoring", "cpu"], "min": 0.0, "max": 100.0, "unit": "%"}, "version": 7}
{"obj": {"type": "ClearFloatLog", "path": ["monitoring", "cpu"]}, "version": 8}
{"obj": {"type": "ConfigFloatSeries", "path": ["monitoring", "memory"], "min": 0.0, "max": 251.8083610534668, "unit": "GB"}, "version": 9}
{"obj": {"type": "ClearFloatLog", "path": ["monitoring", "memory"]}, "version": 10}
{"obj": {"type": "ConfigFloatSeries", "path": ["monitoring", "gpu"], "min": 0.0, "max": 100.0, "unit": "%"}, "version": 11}
{"obj": {"type": "ClearFloatLog", "path": ["monitoring", "gpu"]}, "version": 12}
{"obj": {"type": "ConfigFloatSeries", "path": ["monitoring", "gpu_memory"], "min": 0.0, "max": 11.9124755859375, "unit": "GB"}, "version": 13}
{"obj": {"type": "ClearFloatLog", "path": ["monitoring", "gpu_memory"]}, "version": 14}
{"obj": {"type": "LogFloats", "path": ["monitoring", "cpu"], "values": [{"value": 83.4, "step": null, "ts": 1645480227.3858001}]}, "version": 15}
{"obj": {"type": "LogFloats", "path": ["monitoring", "memory"], "values": [{"value": 40.40041732788086, "step": null, "ts": 1645480227.3858001}]}, "version": 16}
{"obj": {"type": "LogFloats", "path": ["monitoring", "gpu_memory"], "values": [{"value": 0.9229736328125, "step": null, "ts": 1645480227.3858001}]}, "version": 17}
{"obj": {"type": "LogStrings", "path": ["monitoring", "stdout"], "values": [{"value": "", "step": null, "ts": 1645480227.3958006}]}, "version": 18}
{"obj": {"type": "LogStrings", "path": ["monitoring", "stdout"], "values": [{"value": "https://app.neptune.ai/junkataoka/SRDC/e/SRDC-305\n", "step": null, "ts": 1645480227.396492}]}, "version": 19}
{"obj": {"type": "LogStrings", "path": ["monitoring", "stdout"], "values": [{"value": "Remember to stop your run once you\u2019ve finished logging your metadata (https://docs.neptune.ai/api-reference/run#stop). It will be stopped automatically only when the notebook kernel/interactive console is terminated.\n", "step": null, "ts": 1645480227.397142}]}, "version": 20}
{"obj": {"type": "LogStrings", "path": ["monitoring", "stdout"], "values": [{"value": "begin training", "step": null, "ts": 1645480227.5149326}]}, "version": 21}
{"obj": {"type": "LogStrings", "path": ["monitoring", "stdout"], "values": [{"value": "\n", "step": null, "ts": 1645480227.5167923}]}, "version": 22}
{"obj": {"type": "LogStrings", "path": ["monitoring", "traceback"], "values": [{"value": "An uncaught exception occurred while run was active on worker compute133.", "step": null, "ts": 1645480230.0378475}, {"value": "Marking run as failed", "step": null, "ts": 1645480230.0378475}, {"value": "Traceback:", "step": null, "ts": 1645480230.0378475}, {"value": "  File \"main.py\", line 281, in <module>\n    main()\n", "step": null, "ts": 1645480230.0378475}, {"value": "  File \"main.py\", line 135, in main\n    target_features, target_features_2, target_targets, pseudo_labels = validate_compute_cen(val_loader_target, val_loader_source, model, criterion, epoch, args, run)\n", "step": null, "ts": 1645480230.0378475}, {"value": "  File \"/data/home/jkataok1/SRDC_CVPR2020/trainer.py\", line 356, in validate_compute_cen\n    feature, feature_2, output, _ = model(input_var, 1)\n", "step": null, "ts": 1645480230.0378475}, {"value": "  File \"/data/home/jkataok1/.conda/envs/cyclegan/lib/python3.8/site-packages/torch/nn/modules/module.py\", line 1051, in _call_impl\n    return forward_call(*input, **kwargs)\n", "step": null, "ts": 1645480230.0378475}, {"value": "  File \"/data/home/jkataok1/.conda/envs/cyclegan/lib/python3.8/site-packages/torch/nn/parallel/data_parallel.py\", line 166, in forward\n    return self.module(*inputs[0], **kwargs[0])\n", "step": null, "ts": 1645480230.0378475}, {"value": "  File \"/data/home/jkataok1/.conda/envs/cyclegan/lib/python3.8/site-packages/torch/nn/modules/module.py\", line 1051, in _call_impl\n    return forward_call(*input, **kwargs)\n", "step": null, "ts": 1645480230.0378475}, {"value": "  File \"/data/home/jkataok1/SRDC_CVPR2020/models/resnet.py\", line 192, in forward\n    domain_input = self.random_layer([reverse_feature_x, reverse_feature_y, reverse_feature_ca])\n", "step": null, "ts": 1645480230.0378475}, {"value": "  File \"/data/home/jkataok1/.conda/envs/cyclegan/lib/python3.8/site-packages/torch/nn/modules/module.py\", line 1051, in _call_impl\n    return forward_call(*input, **kwargs)\n", "step": null, "ts": 1645480230.0378475}, {"value": "  File \"/data/home/jkataok1/SRDC_CVPR2020/models/resnet.py\", line 37, in forward\n    return_list = [torch.mm(input_list[i], self.random_matrix[i]) for i in range(self.input_num)]\n", "step": null, "ts": 1645480230.0378475}, {"value": "  File \"/data/home/jkataok1/SRDC_CVPR2020/models/resnet.py\", line 37, in <listcomp>\n    return_list = [torch.mm(input_list[i], self.random_matrix[i]) for i in range(self.input_num)]\n", "step": null, "ts": 1645480230.0378475}, {"value": "mat1 and mat2 shapes cannot be multiplied (63x31 and 32x1024)", "step": null, "ts": 1645480230.0378475}]}, "version": 23}
{"obj": {"type": "AssignBool", "path": ["sys", "failed"], "value": true}, "version": 24}
{"obj": {"type": "LogStrings", "path": ["monitoring", "stderr"], "values": [{"value": "Traceback (most recent call last):\n", "step": null, "ts": 1645480230.0395575}]}, "version": 25}
{"obj": {"type": "LogStrings", "path": ["monitoring", "stderr"], "values": [{"value": "", "step": null, "ts": 1645480230.0399926}]}, "version": 26}
{"obj": {"type": "LogStrings", "path": ["monitoring", "stderr"], "values": [{"value": "  File \"main.py\", line 281, in <module>\n    main()\n", "step": null, "ts": 1645480230.0405412}]}, "version": 27}
{"obj": {"type": "LogStrings", "path": ["monitoring", "stderr"], "values": [{"value": "", "step": null, "ts": 1645480230.041149}]}, "version": 28}
{"obj": {"type": "LogStrings", "path": ["monitoring", "stderr"], "values": [{"value": "  File \"main.py\", line 135, in main\n    target_features, target_features_2, target_targets, pseudo_labels = validate_compute_cen(val_loader_target, val_loader_source, model, criterion, epoch, args, run)\n", "step": null, "ts": 1645480230.0415478}]}, "version": 29}
{"obj": {"type": "LogStrings", "path": ["monitoring", "stderr"], "values": [{"value": "", "step": null, "ts": 1645480230.042026}]}, "version": 30}
{"obj": {"type": "LogStrings", "path": ["monitoring", "stderr"], "values": [{"value": "  File \"/data/home/jkataok1/SRDC_CVPR2020/trainer.py\", line 356, in validate_compute_cen\n    feature, feature_2, output, _ = model(input_var, 1)\n", "step": null, "ts": 1645480230.0425363}]}, "version": 31}
{"obj": {"type": "LogStrings", "path": ["monitoring", "stderr"], "values": [{"value": "", "step": null, "ts": 1645480230.0429506}]}, "version": 32}
{"obj": {"type": "LogStrings", "path": ["monitoring", "stderr"], "values": [{"value": "  File \"/data/home/jkataok1/.conda/envs/cyclegan/lib/python3.8/site-packages/torch/nn/modules/module.py\", line 1051, in _call_impl\n    return forward_call(*input, **kwargs)\n", "step": null, "ts": 1645480230.0433664}]}, "version": 33}
{"obj": {"type": "LogStrings", "path": ["monitoring", "stderr"], "values": [{"value": "", "step": null, "ts": 1645480230.0437791}]}, "version": 34}
{"obj": {"type": "LogStrings", "path": ["monitoring", "stderr"], "values": [{"value": "  File \"/data/home/jkataok1/.conda/envs/cyclegan/lib/python3.8/site-packages/torch/nn/parallel/data_parallel.py\", line 166, in forward\n    return self.module(*inputs[0], **kwargs[0])\n", "step": null, "ts": 1645480230.0441365}]}, "version": 35}
{"obj": {"type": "LogStrings", "path": ["monitoring", "stderr"], "values": [{"value": "", "step": null, "ts": 1645480230.0444834}]}, "version": 36}
{"obj": {"type": "LogStrings", "path": ["monitoring", "stderr"], "values": [{"value": "  File \"/data/home/jkataok1/.conda/envs/cyclegan/lib/python3.8/site-packages/torch/nn/modules/module.py\", line 1051, in _call_impl\n    return forward_call(*input, **kwargs)\n", "step": null, "ts": 1645480230.044825}]}, "version": 37}
{"obj": {"type": "LogStrings", "path": ["monitoring", "stderr"], "values": [{"value": "", "step": null, "ts": 1645480230.0452602}]}, "version": 38}
{"obj": {"type": "LogStrings", "path": ["monitoring", "stderr"], "values": [{"value": "  File \"/data/home/jkataok1/SRDC_CVPR2020/models/resnet.py\", line 192, in forward\n    domain_input = self.random_layer([reverse_feature_x, reverse_feature_y, reverse_feature_ca])\n", "step": null, "ts": 1645480230.0456755}]}, "version": 39}
{"obj": {"type": "LogStrings", "path": ["monitoring", "stderr"], "values": [{"value": "", "step": null, "ts": 1645480230.0460253}]}, "version": 40}
{"obj": {"type": "LogStrings", "path": ["monitoring", "stderr"], "values": [{"value": "  File \"/data/home/jkataok1/.conda/envs/cyclegan/lib/python3.8/site-packages/torch/nn/modules/module.py\", line 1051, in _call_impl\n    return forward_call(*input, **kwargs)\n", "step": null, "ts": 1645480230.0465364}]}, "version": 41}
{"obj": {"type": "LogStrings", "path": ["monitoring", "stderr"], "values": [{"value": "", "step": null, "ts": 1645480230.046907}]}, "version": 42}
{"obj": {"type": "LogStrings", "path": ["monitoring", "stderr"], "values": [{"value": "  File \"/data/home/jkataok1/SRDC_CVPR2020/models/resnet.py\", line 37, in forward\n    return_list = [torch.mm(input_list[i], self.random_matrix[i]) for i in range(self.input_num)]\n", "step": null, "ts": 1645480230.0472987}]}, "version": 43}
{"obj": {"type": "LogStrings", "path": ["monitoring", "stderr"], "values": [{"value": "", "step": null, "ts": 1645480230.047643}]}, "version": 44}
{"obj": {"type": "LogStrings", "path": ["monitoring", "stderr"], "values": [{"value": "  File \"/data/home/jkataok1/SRDC_CVPR2020/models/resnet.py\", line 37, in <listcomp>\n    return_list = [torch.mm(input_list[i], self.random_matrix[i]) for i in range(self.input_num)]\n", "step": null, "ts": 1645480230.0479867}]}, "version": 45}
{"obj": {"type": "LogStrings", "path": ["monitoring", "stderr"], "values": [{"value": "", "step": null, "ts": 1645480230.0483873}]}, "version": 46}
{"obj": {"type": "LogStrings", "path": ["monitoring", "stderr"], "values": [{"value": "RuntimeError: mat1 and mat2 shapes cannot be multiplied (63x31 and 32x1024)\n", "step": null, "ts": 1645480230.0487564}]}, "version": 47}
{"obj": {"type": "LogStrings", "path": ["monitoring", "stderr"], "values": [{"value": "", "step": null, "ts": 1645480230.0492206}]}, "version": 48}
{"obj": {"type": "LogStrings", "path": ["monitoring", "stderr"], "values": [{"value": "\nIf you suspect this is an IPython 7.29.0 bug, please report it at:\n    https://github.com/ipython/ipython/issues\nor send an email to the mailing list at ipython-dev@python.org\n\nYou can print a more detailed traceback right now with \"%tb\", or use \"%debug\"\nto interactively debug it.\n\nExtra-detailed tracebacks for bug-reporting purposes can be enabled via:\n    %config Application.verbose_crash=True\n", "step": null, "ts": 1645480230.0497024}]}, "version": 49}
{"obj": {"type": "LogStrings", "path": ["monitoring", "stderr"], "values": [{"value": "\n", "step": null, "ts": 1645480230.0500975}]}, "version": 50}
{"obj": {"type": "LogStrings", "path": ["monitoring", "stdout"], "values": [{"value": "Shutting down background jobs, please wait a moment...\n", "step": null, "ts": 1645480230.0505953}]}, "version": 51}
