{"obj": {"type": "AssignString", "path": ["sys", "name"], "value": "Untitled"}, "version": 1}
{"obj": {"type": "AssignString", "path": ["sys", "description"], "value": ""}, "version": 2}
{"obj": {"type": "AssignString", "path": ["sys", "hostname"], "value": "jun-XPS-8940"}, "version": 3}
{"obj": {"type": "AssignBool", "path": ["sys", "failed"], "value": false}, "version": 4}
{"obj": {"type": "ClearStringLog", "path": ["monitoring", "stdout"]}, "version": 5}
{"obj": {"type": "ClearStringLog", "path": ["monitoring", "stderr"]}, "version": 6}
{"obj": {"type": "ConfigFloatSeries", "path": ["monitoring", "cpu"], "min": 0.0, "max": 100.0, "unit": "%"}, "version": 7}
{"obj": {"type": "ClearFloatLog", "path": ["monitoring", "cpu"]}, "version": 8}
{"obj": {"type": "ConfigFloatSeries", "path": ["monitoring", "memory"], "min": 0.0, "max": 15.308197021484375, "unit": "GB"}, "version": 9}
{"obj": {"type": "ClearFloatLog", "path": ["monitoring", "memory"]}, "version": 10}
{"obj": {"type": "ConfigFloatSeries", "path": ["monitoring", "gpu"], "min": 0.0, "max": 100.0, "unit": "%"}, "version": 11}
{"obj": {"type": "ClearFloatLog", "path": ["monitoring", "gpu"]}, "version": 12}
{"obj": {"type": "ConfigFloatSeries", "path": ["monitoring", "gpu_memory"], "min": 0.0, "max": 7.77325439453125, "unit": "GB"}, "version": 13}
{"obj": {"type": "ClearFloatLog", "path": ["monitoring", "gpu_memory"]}, "version": 14}
{"obj": {"type": "LogStrings", "path": ["monitoring", "stdout"], "values": [{"value": "", "step": null, "ts": 1642525505.7747507}]}, "version": 15}
{"obj": {"type": "LogStrings", "path": ["monitoring", "stdout"], "values": [{"value": "https://app.neptune.ai/junkataoka/SRDC/e/SRDC-90\n", "step": null, "ts": 1642525505.775878}]}, "version": 16}
{"obj": {"type": "LogStrings", "path": ["monitoring", "stdout"], "values": [{"value": "Remember to stop your run once you\u2019ve finished logging your metadata (https://docs.neptune.ai/api-reference/run#stop). It will be stopped automatically only when the notebook kernel/interactive console is terminated.\n", "step": null, "ts": 1642525505.7762256}]}, "version": 17}
{"obj": {"type": "LogFloats", "path": ["monitoring", "cpu"], "values": [{"value": 4.7, "step": null, "ts": 1642525505.7674253}]}, "version": 18}
{"obj": {"type": "LogFloats", "path": ["monitoring", "memory"], "values": [{"value": 5.512809753417969, "step": null, "ts": 1642525505.7674253}]}, "version": 19}
{"obj": {"type": "LogFloats", "path": ["monitoring", "gpu_memory"], "values": [{"value": 1.6361083984375, "step": null, "ts": 1642525505.7674253}]}, "version": 20}
{"obj": {"type": "LogStrings", "path": ["monitoring", "stdout"], "values": [{"value": "begin training", "step": null, "ts": 1642525505.8237052}]}, "version": 21}
{"obj": {"type": "LogStrings", "path": ["monitoring", "stdout"], "values": [{"value": "\n", "step": null, "ts": 1642525505.8238072}]}, "version": 22}
{"obj": {"type": "LogStrings", "path": ["monitoring", "stdout"], "values": [{"value": "Test on T training set - [0][0/13]\tT 0.349 (0.349)\tD 0.259 (0.259)\tT@1 100.000 (100.000)\tT@5 100.000 (100.000)\tL 0.1955 (0.1955)", "step": null, "ts": 1642525511.9950318}]}, "version": 23}
{"obj": {"type": "LogStrings", "path": ["monitoring", "stdout"], "values": [{"value": "\n", "step": null, "ts": 1642525511.9952998}]}, "version": 24}
{"obj": {"type": "LogStrings", "path": ["monitoring", "stdout"], "values": [{"value": "Test on T training set - [0][10/13]\tT 0.187 (0.197)\tD 0.098 (0.108)\tT@1 76.190 (81.530)\tT@5 100.000 (94.517)\tL 0.8892 (0.7919)", "step": null, "ts": 1642525513.8122153}]}, "version": 25}
{"obj": {"type": "LogStrings", "path": ["monitoring", "stdout"], "values": [{"value": "\n", "step": null, "ts": 1642525513.8123753}]}, "version": 26}
{"obj": {"type": "LogStrings", "path": ["monitoring", "stdout"], "values": [{"value": " * Test on T training set - Prec@1 81.132, Prec@5 94.843", "step": null, "ts": 1642525514.6027634}]}, "version": 27}
{"obj": {"type": "LogStrings", "path": ["monitoring", "stdout"], "values": [{"value": "\n", "step": null, "ts": 1642525514.602907}]}, "version": 28}
{"obj": {"type": "LogStrings", "path": ["monitoring", "stdout"], "values": [{"value": "Test on T test set - [0][0/13]\tTime 0.358 (0.358)\tLoss 0.1955 (0.1955)\tPrec@1 100.000 (100.000)\tPrec@5 100.000 (100.000)", "step": null, "ts": 1642525514.96158}]}, "version": 29}
{"obj": {"type": "LogStrings", "path": ["monitoring", "stdout"], "values": [{"value": "\n", "step": null, "ts": 1642525514.9618294}]}, "version": 30}
{"obj": {"type": "LogFloats", "path": ["monitoring", "cpu"], "values": [{"value": 10.9, "step": null, "ts": 1642525515.779401}]}, "version": 31}
{"obj": {"type": "LogFloats", "path": ["monitoring", "memory"], "values": [{"value": 6.244853973388672, "step": null, "ts": 1642525515.779401}]}, "version": 32}
{"obj": {"type": "LogFloats", "path": ["monitoring", "gpu"], "values": [{"value": 39.0, "step": null, "ts": 1642525515.779401}]}, "version": 33}
{"obj": {"type": "LogFloats", "path": ["monitoring", "gpu_memory"], "values": [{"value": 4.8314208984375, "step": null, "ts": 1642525515.779401}]}, "version": 34}
{"obj": {"type": "LogStrings", "path": ["monitoring", "stdout"], "values": [{"value": "Test on T test set - [0][10/13]\tTime 0.186 (0.197)\tLoss 0.8892 (0.7919)\tPrec@1 76.190 (81.530)\tPrec@5 100.000 (94.517)", "step": null, "ts": 1642525516.7742329}]}, "version": 35}
{"obj": {"type": "LogStrings", "path": ["monitoring", "stdout"], "values": [{"value": "\n", "step": null, "ts": 1642525516.774394}]}, "version": 36}
{"obj": {"type": "LogStrings", "path": ["monitoring", "stdout"], "values": [{"value": " * Test on T test set - Prec@1 81.132, Prec@5 94.843", "step": null, "ts": 1642525517.0323784}]}, "version": 37}
{"obj": {"type": "LogStrings", "path": ["monitoring", "stdout"], "values": [{"value": "\n", "step": null, "ts": 1642525517.03251}]}, "version": 38}
{"obj": {"type": "LogStrings", "path": ["monitoring", "stdout"], "values": [{"value": "Epoch 0, K-means clustering 0, Average clustering time 0.008, Prec@1 74.465", "step": null, "ts": 1642525517.040525}]}, "version": 39}
{"obj": {"type": "LogStrings", "path": ["monitoring", "stdout"], "values": [{"value": "\n", "step": null, "ts": 1642525517.0405862}]}, "version": 40}
{"obj": {"type": "LogStrings", "path": ["monitoring", "stdout"], "values": [{"value": "Epoch 0, K-means clustering 1, Average clustering time 0.029, Prec@1 81.258", "step": null, "ts": 1642525517.091688}]}, "version": 41}
{"obj": {"type": "LogStrings", "path": ["monitoring", "stdout"], "values": [{"value": "\n", "step": null, "ts": 1642525517.0918238}]}, "version": 42}
{"obj": {"type": "LogStrings", "path": ["monitoring", "stdout"], "values": [{"value": "Epoch 0, K-means clustering 2, Average clustering time 0.035, Prec@1 82.013", "step": null, "ts": 1642525517.1367395}]}, "version": 43}
{"obj": {"type": "LogStrings", "path": ["monitoring", "stdout"], "values": [{"value": "\n", "step": null, "ts": 1642525517.1368768}]}, "version": 44}
{"obj": {"type": "LogStrings", "path": ["monitoring", "stdout"], "values": [{"value": "Epoch 0, K-means clustering 3, Average clustering time 0.037, Prec@1 82.138", "step": null, "ts": 1642525517.1799033}]}, "version": 45}
{"obj": {"type": "LogStrings", "path": ["monitoring", "stdout"], "values": [{"value": "\n", "step": null, "ts": 1642525517.1800508}]}, "version": 46}
{"obj": {"type": "LogStrings", "path": ["monitoring", "stdout"], "values": [{"value": "Epoch 0, K-means clustering 4, Average clustering time 0.038, Prec@1 82.642", "step": null, "ts": 1642525517.2232797}]}, "version": 47}
{"obj": {"type": "LogStrings", "path": ["monitoring", "stdout"], "values": [{"value": "\n", "step": null, "ts": 1642525517.2234235}]}, "version": 48}
{"obj": {"type": "LogStrings", "path": ["monitoring", "stdout"], "values": [{"value": "Epoch 0, K-means clustering 0, Average clustering time 0.001, Prec@1 77.610", "step": null, "ts": 1642525517.3098867}]}, "version": 49}
{"obj": {"type": "LogStrings", "path": ["monitoring", "stdout"], "values": [{"value": "\n", "step": null, "ts": 1642525517.3100312}]}, "version": 50}
{"obj": {"type": "LogStrings", "path": ["monitoring", "stdout"], "values": [{"value": "Epoch 0, K-means clustering 1, Average clustering time 0.021, Prec@1 83.648", "step": null, "ts": 1642525517.3515208}]}, "version": 51}
{"obj": {"type": "LogStrings", "path": ["monitoring", "stdout"], "values": [{"value": "\n", "step": null, "ts": 1642525517.351674}]}, "version": 52}
{"obj": {"type": "LogStrings", "path": ["monitoring", "stdout"], "values": [{"value": "Epoch 0, K-means clustering 2, Average clustering time 0.028, Prec@1 85.283", "step": null, "ts": 1642525517.3931994}]}, "version": 53}
{"obj": {"type": "LogStrings", "path": ["monitoring", "stdout"], "values": [{"value": "\n", "step": null, "ts": 1642525517.393332}]}, "version": 54}
{"obj": {"type": "LogStrings", "path": ["monitoring", "stdout"], "values": [{"value": "Epoch 0, K-means clustering 3, Average clustering time 0.031, Prec@1 86.038", "step": null, "ts": 1642525517.4347322}]}, "version": 55}
{"obj": {"type": "LogStrings", "path": ["monitoring", "stdout"], "values": [{"value": "\n", "step": null, "ts": 1642525517.4348748}]}, "version": 56}
{"obj": {"type": "LogStrings", "path": ["monitoring", "stdout"], "values": [{"value": "Epoch 0, K-means clustering 4, Average clustering time 0.033, Prec@1 86.289", "step": null, "ts": 1642525517.4760973}]}, "version": 57}
{"obj": {"type": "LogStrings", "path": ["monitoring", "stdout"], "values": [{"value": "\n", "step": null, "ts": 1642525517.476237}]}, "version": 58}
{"obj": {"type": "LogFloats", "path": ["metrics", "current_acc"], "values": [{"value": 81.13207617705723, "step": null, "ts": 1642525517.6630967}]}, "version": 59}
{"obj": {"type": "LogFloats", "path": ["metrics", "best_acc"], "values": [{"value": 81.13207617705723, "step": null, "ts": 1642525517.6632938}]}, "version": 60}
{"obj": {"type": "LogFloats", "path": ["metrics", "tardis_loss"], "values": [{"value": 0.0, "step": null, "ts": 1642525518.4637039}]}, "version": 61}
{"obj": {"type": "LogFloats", "path": ["metrics", "tar_dis_loss_f1"], "values": [{"value": 0.0, "step": null, "ts": 1642525518.465892}]}, "version": 62}
{"obj": {"type": "LogFloats", "path": ["metrics", "tar_dis_loss_f2"], "values": [{"value": 0.0, "step": null, "ts": 1642525518.467419}]}, "version": 63}
{"obj": {"type": "LogFloats", "path": ["metrics", "src_dis_loss"], "values": [{"value": 0.0, "step": null, "ts": 1642525518.5024552}]}, "version": 64}
{"obj": {"type": "LogFloats", "path": ["metrics", "src_dis_loss_f1"], "values": [{"value": 0.0, "step": null, "ts": 1642525518.502938}]}, "version": 65}
{"obj": {"type": "LogFloats", "path": ["metrics", "src_dis_loss_f2"], "values": [{"value": 0.0, "step": null, "ts": 1642525518.5032651}]}, "version": 66}
{"obj": {"type": "LogStrings", "path": ["monitoring", "traceback"], "values": [{"value": "An uncaught exception occurred while run was active on worker jun-XPS-8940.", "step": null, "ts": 1642525518.5225325}, {"value": "Marking run as failed", "step": null, "ts": 1642525518.5225325}, {"value": "Traceback:", "step": null, "ts": 1642525518.5225325}, {"value": "  File \"main.py\", line 280, in <module>\n    main()\n", "step": null, "ts": 1642525518.5225325}, {"value": "  File \"main.py\", line 243, in main\n    train_loader_source_batch, train_loader_target_batch = train(train_loader_source, train_loader_source_batch, train_loader_target, train_loader_target_batch, model, learn_cen, learn_cen_2, criterion_cons, optimizer, itern, epoch, new_epoch_flag, src_cs, args, run)\n", "step": null, "ts": 1642525518.5225325}, {"value": "  File \"/home/jun/GoogleDrive/project/DANN_RegClustering/trainer.py\", line 142, in train\n    target_pred = (ca_t + F.soft_max(t_prob_pred, dim=1), F.soft_max(t_prob_pred, dim=1)).argmax(1)\n", "step": null, "ts": 1642525518.5225325}, {"value": "module 'torch.nn.functional' has no attribute 'soft_max'", "step": null, "ts": 1642525518.5225325}]}, "version": 67}
{"obj": {"type": "AssignBool", "path": ["sys", "failed"], "value": true}, "version": 68}
{"obj": {"type": "LogStrings", "path": ["monitoring", "stderr"], "values": [{"value": "Traceback (most recent call last):\n", "step": null, "ts": 1642525518.5228753}]}, "version": 69}
{"obj": {"type": "LogStrings", "path": ["monitoring", "stderr"], "values": [{"value": "", "step": null, "ts": 1642525518.5229309}]}, "version": 70}
{"obj": {"type": "LogStrings", "path": ["monitoring", "stderr"], "values": [{"value": "  File \"main.py\", line 280, in <module>\n    main()\n", "step": null, "ts": 1642525518.5229857}]}, "version": 71}
{"obj": {"type": "LogStrings", "path": ["monitoring", "stderr"], "values": [{"value": "", "step": null, "ts": 1642525518.5230274}]}, "version": 72}
{"obj": {"type": "LogStrings", "path": ["monitoring", "stderr"], "values": [{"value": "  File \"main.py\", line 243, in main\n    train_loader_source_batch, train_loader_target_batch = train(train_loader_source, train_loader_source_batch, train_loader_target, train_loader_target_batch, model, learn_cen, learn_cen_2, criterion_cons, optimizer, itern, epoch, new_epoch_flag, src_cs, args, run)\n", "step": null, "ts": 1642525518.5230727}]}, "version": 73}
{"obj": {"type": "LogStrings", "path": ["monitoring", "stderr"], "values": [{"value": "", "step": null, "ts": 1642525518.5231109}]}, "version": 74}
{"obj": {"type": "LogStrings", "path": ["monitoring", "stderr"], "values": [{"value": "  File \"/home/jun/GoogleDrive/project/DANN_RegClustering/trainer.py\", line 142, in train\n    target_pred = (ca_t + F.soft_max(t_prob_pred, dim=1), F.soft_max(t_prob_pred, dim=1)).argmax(1)\n", "step": null, "ts": 1642525518.5231583}]}, "version": 75}
{"obj": {"type": "LogStrings", "path": ["monitoring", "stderr"], "values": [{"value": "", "step": null, "ts": 1642525518.523201}]}, "version": 76}
{"obj": {"type": "LogStrings", "path": ["monitoring", "stderr"], "values": [{"value": "AttributeError: module 'torch.nn.functional' has no attribute 'soft_max'\n", "step": null, "ts": 1642525518.5232491}]}, "version": 77}
{"obj": {"type": "LogStrings", "path": ["monitoring", "stderr"], "values": [{"value": "", "step": null, "ts": 1642525518.52329}]}, "version": 78}
{"obj": {"type": "LogStrings", "path": ["monitoring", "stderr"], "values": [{"value": "\nIf you suspect this is an IPython 7.27.0 bug, please report it at:\n    https://github.com/ipython/ipython/issues\nor send an email to the mailing list at ipython-dev@python.org\n\nYou can print a more detailed traceback right now with \"%tb\", or use \"%debug\"\nto interactively debug it.\n\nExtra-detailed tracebacks for bug-reporting purposes can be enabled via:\n    %config Application.verbose_crash=True\n", "step": null, "ts": 1642525518.5233595}]}, "version": 79}
{"obj": {"type": "LogStrings", "path": ["monitoring", "stderr"], "values": [{"value": "\n", "step": null, "ts": 1642525518.5234063}]}, "version": 80}
{"obj": {"type": "LogStrings", "path": ["monitoring", "stdout"], "values": [{"value": "Shutting down background jobs, please wait a moment...\n", "step": null, "ts": 1642525518.5235047}]}, "version": 81}
