{"obj": {"type": "AssignString", "path": ["sys", "name"], "value": "Untitled"}, "version": 1}
{"obj": {"type": "AssignString", "path": ["sys", "description"], "value": ""}, "version": 2}
{"obj": {"type": "AssignString", "path": ["sys", "hostname"], "value": "compute133"}, "version": 3}
{"obj": {"type": "AssignBool", "path": ["sys", "failed"], "value": false}, "version": 4}
{"obj": {"type": "ClearStringLog", "path": ["monitoring", "stdout"]}, "version": 5}
{"obj": {"type": "ClearStringLog", "path": ["monitoring", "stderr"]}, "version": 6}
{"obj": {"type": "ConfigFloatSeries", "path": ["monitoring", "cpu"], "min": 0.0, "max": 100.0, "unit": "%"}, "version": 7}
{"obj": {"type": "ClearFloatLog", "path": ["monitoring", "cpu"]}, "version": 8}
{"obj": {"type": "ConfigFloatSeries", "path": ["monitoring", "memory"], "min": 0.0, "max": 251.8083610534668, "unit": "GB"}, "version": 9}
{"obj": {"type": "ClearFloatLog", "path": ["monitoring", "memory"]}, "version": 10}
{"obj": {"type": "ConfigFloatSeries", "path": ["monitoring", "gpu"], "min": 0.0, "max": 100.0, "unit": "%"}, "version": 11}
{"obj": {"type": "ClearFloatLog", "path": ["monitoring", "gpu"]}, "version": 12}
{"obj": {"type": "ConfigFloatSeries", "path": ["monitoring", "gpu_memory"], "min": 0.0, "max": 11.9124755859375, "unit": "GB"}, "version": 13}
{"obj": {"type": "ClearFloatLog", "path": ["monitoring", "gpu_memory"]}, "version": 14}
{"obj": {"type": "LogFloats", "path": ["monitoring", "cpu"], "values": [{"value": 2.6, "step": null, "ts": 1642480209.887308}]}, "version": 15}
{"obj": {"type": "LogFloats", "path": ["monitoring", "memory"], "values": [{"value": 8.140792846679688, "step": null, "ts": 1642480209.887308}]}, "version": 16}
{"obj": {"type": "LogFloats", "path": ["monitoring", "gpu_memory"], "values": [{"value": 0.9229736328125, "step": null, "ts": 1642480209.887308}]}, "version": 17}
{"obj": {"type": "LogStrings", "path": ["monitoring", "stdout"], "values": [{"value": "", "step": null, "ts": 1642480209.8974428}]}, "version": 18}
{"obj": {"type": "LogStrings", "path": ["monitoring", "stdout"], "values": [{"value": "https://app.neptune.ai/junkataoka/SRDC/e/SRDC-77\n", "step": null, "ts": 1642480209.8985264}]}, "version": 19}
{"obj": {"type": "LogStrings", "path": ["monitoring", "stdout"], "values": [{"value": "Remember to stop your run once you\u2019ve finished logging your metadata (https://docs.neptune.ai/api-reference/run#stop). It will be stopped automatically only when the notebook kernel/interactive console is terminated.\n", "step": null, "ts": 1642480209.8995912}]}, "version": 20}
{"obj": {"type": "LogStrings", "path": ["monitoring", "stdout"], "values": [{"value": "begin training", "step": null, "ts": 1642480210.052938}]}, "version": 21}
{"obj": {"type": "LogStrings", "path": ["monitoring", "stdout"], "values": [{"value": "\n", "step": null, "ts": 1642480210.053581}]}, "version": 22}
{"obj": {"type": "LogFloats", "path": ["monitoring", "cpu"], "values": [{"value": 5.4, "step": null, "ts": 1642480219.8975236}]}, "version": 23}
{"obj": {"type": "LogFloats", "path": ["monitoring", "memory"], "values": [{"value": 10.409622192382812, "step": null, "ts": 1642480219.8975236}]}, "version": 24}
{"obj": {"type": "LogFloats", "path": ["monitoring", "gpu_memory"], "values": [{"value": 4.0147705078125, "step": null, "ts": 1642480219.8975236}]}, "version": 25}
{"obj": {"type": "LogStrings", "path": ["monitoring", "stdout"], "values": [{"value": "Test on T training set - [0][0/45]\tT 0.467 (0.467)\tD 0.346 (0.346)\tT@1 85.714 (85.714)\tT@5 98.413 (98.413)\tL 2.2211 (2.2211)", "step": null, "ts": 1642480221.4395754}]}, "version": 26}
{"obj": {"type": "LogStrings", "path": ["monitoring", "stdout"], "values": [{"value": "\n", "step": null, "ts": 1642480221.445655}]}, "version": 27}
{"obj": {"type": "LogStrings", "path": ["monitoring", "stdout"], "values": [{"value": "Test on T training set - [0][10/45]\tT 0.300 (0.320)\tD 0.179 (0.199)\tT@1 34.921 (73.882)\tT@5 71.429 (91.053)\tL 2.7946 (2.3495)", "step": null, "ts": 1642480224.4928966}]}, "version": 28}
{"obj": {"type": "LogStrings", "path": ["monitoring", "stdout"], "values": [{"value": "\n", "step": null, "ts": 1642480224.4967103}]}, "version": 29}
{"obj": {"type": "LogStrings", "path": ["monitoring", "stdout"], "values": [{"value": "Test on T training set - [0][20/45]\tT 0.315 (0.315)\tD 0.183 (0.193)\tT@1 66.667 (69.992)\tT@5 98.413 (90.174)\tL 2.5281 (2.4297)", "step": null, "ts": 1642480227.5898883}]}, "version": 30}
{"obj": {"type": "LogStrings", "path": ["monitoring", "stdout"], "values": [{"value": "\n", "step": null, "ts": 1642480227.5935614}]}, "version": 31}
{"obj": {"type": "LogFloats", "path": ["monitoring", "cpu"], "values": [{"value": 6.4, "step": null, "ts": 1642480229.9489725}]}, "version": 32}
{"obj": {"type": "LogFloats", "path": ["monitoring", "memory"], "values": [{"value": 10.73257827758789, "step": null, "ts": 1642480229.9489725}]}, "version": 33}
{"obj": {"type": "LogFloats", "path": ["monitoring", "gpu"], "values": [{"value": 63.0, "step": null, "ts": 1642480229.9489725}]}, "version": 34}
{"obj": {"type": "LogFloats", "path": ["monitoring", "gpu_memory"], "values": [{"value": 3.9913330078125, "step": null, "ts": 1642480229.9489725}]}, "version": 35}
{"obj": {"type": "LogStrings", "path": ["monitoring", "stdout"], "values": [{"value": "Test on T training set - [0][30/45]\tT 0.324 (0.315)\tD 0.195 (0.193)\tT@1 76.190 (68.203)\tT@5 95.238 (88.479)\tL 2.5034 (2.4583)", "step": null, "ts": 1642480230.7312565}]}, "version": 36}
{"obj": {"type": "LogStrings", "path": ["monitoring", "stdout"], "values": [{"value": "\n", "step": null, "ts": 1642480230.7348654}]}, "version": 37}
{"obj": {"type": "LogStrings", "path": ["monitoring", "stdout"], "values": [{"value": "Test on T training set - [0][40/45]\tT 0.300 (0.312)\tD 0.180 (0.190)\tT@1 49.206 (65.196)\tT@5 73.016 (84.204)\tL 2.7474 (2.5131)", "step": null, "ts": 1642480233.7557027}]}, "version": 38}
{"obj": {"type": "LogStrings", "path": ["monitoring", "stdout"], "values": [{"value": "\n", "step": null, "ts": 1642480233.7592127}]}, "version": 39}
{"obj": {"type": "LogStrings", "path": ["monitoring", "stdout"], "values": [{"value": " * Test on T training set - Prec@1 61.803, Prec@5 82.144", "step": null, "ts": 1642480235.4019918}]}, "version": 40}
{"obj": {"type": "LogStrings", "path": ["monitoring", "stdout"], "values": [{"value": "\n", "step": null, "ts": 1642480235.4025784}]}, "version": 41}
{"obj": {"type": "LogStrings", "path": ["monitoring", "stdout"], "values": [{"value": "Test on T test set - [0][0/45]\tTime 0.452 (0.452)\tLoss 2.2211 (2.2211)\tPrec@1 85.714 (85.714)\tPrec@5 98.413 (98.413)", "step": null, "ts": 1642480235.8562489}]}, "version": 42}
{"obj": {"type": "LogStrings", "path": ["monitoring", "stdout"], "values": [{"value": "\n", "step": null, "ts": 1642480235.9339755}]}, "version": 43}
{"obj": {"type": "LogStrings", "path": ["monitoring", "stdout"], "values": [{"value": "Test on T test set - [0][10/45]\tTime 0.299 (0.314)\tLoss 2.7946 (2.3495)\tPrec@1 34.921 (73.882)\tPrec@5 71.429 (91.053)", "step": null, "ts": 1642480238.8541615}]}, "version": 44}
{"obj": {"type": "LogStrings", "path": ["monitoring", "stdout"], "values": [{"value": "\n", "step": null, "ts": 1642480238.857554}]}, "version": 45}
{"obj": {"type": "LogFloats", "path": ["monitoring", "cpu"], "values": [{"value": 6.8, "step": null, "ts": 1642480239.9597607}]}, "version": 46}
{"obj": {"type": "LogFloats", "path": ["monitoring", "memory"], "values": [{"value": 10.668418884277344, "step": null, "ts": 1642480239.9597607}]}, "version": 47}
{"obj": {"type": "LogFloats", "path": ["monitoring", "gpu"], "values": [{"value": 33.0, "step": null, "ts": 1642480239.9597607}]}, "version": 48}
{"obj": {"type": "LogFloats", "path": ["monitoring", "gpu_memory"], "values": [{"value": 3.9385986328125, "step": null, "ts": 1642480239.9597607}]}, "version": 49}
{"obj": {"type": "LogStrings", "path": ["monitoring", "stdout"], "values": [{"value": "Test on T test set - [0][20/45]\tTime 0.307 (0.307)\tLoss 2.5281 (2.4297)\tPrec@1 66.667 (69.992)\tPrec@5 98.413 (90.174)", "step": null, "ts": 1642480241.8518896}]}, "version": 50}
{"obj": {"type": "LogStrings", "path": ["monitoring", "stdout"], "values": [{"value": "\n", "step": null, "ts": 1642480241.8567271}]}, "version": 51}
{"obj": {"type": "LogStrings", "path": ["monitoring", "stdout"], "values": [{"value": "Test on T test set - [0][30/45]\tTime 0.288 (0.316)\tLoss 2.5034 (2.4583)\tPrec@1 76.190 (68.203)\tPrec@5 95.238 (88.479)", "step": null, "ts": 1642480245.1874702}]}, "version": 52}
{"obj": {"type": "LogStrings", "path": ["monitoring", "stdout"], "values": [{"value": "\n", "step": null, "ts": 1642480245.193693}]}, "version": 53}
{"obj": {"type": "LogStrings", "path": ["monitoring", "stdout"], "values": [{"value": "Test on T test set - [0][40/45]\tTime 0.305 (0.312)\tLoss 2.7474 (2.5131)\tPrec@1 49.206 (65.196)\tPrec@5 73.016 (84.204)", "step": null, "ts": 1642480248.1823761}]}, "version": 54}
{"obj": {"type": "LogStrings", "path": ["monitoring", "stdout"], "values": [{"value": "\n", "step": null, "ts": 1642480248.1858416}]}, "version": 55}
{"obj": {"type": "LogStrings", "path": ["monitoring", "stdout"], "values": [{"value": " * Test on T test set - Prec@1 61.803, Prec@5 82.144", "step": null, "ts": 1642480249.294269}]}, "version": 56}
{"obj": {"type": "LogStrings", "path": ["monitoring", "stdout"], "values": [{"value": "\n", "step": null, "ts": 1642480249.2951665}]}, "version": 57}
{"obj": {"type": "LogStrings", "path": ["monitoring", "stdout"], "values": [{"value": "Epoch 0, K-means clustering 0, Average clustering time 0.029, Prec@1 66.454", "step": null, "ts": 1642480249.325736}]}, "version": 58}
{"obj": {"type": "LogStrings", "path": ["monitoring", "stdout"], "values": [{"value": "\n", "step": null, "ts": 1642480249.3265116}]}, "version": 59}
{"obj": {"type": "LogStrings", "path": ["monitoring", "stdout"], "values": [{"value": "Epoch 0, K-means clustering 1, Average clustering time 0.077, Prec@1 72.524", "step": null, "ts": 1642480249.4500828}]}, "version": 60}
{"obj": {"type": "LogStrings", "path": ["monitoring", "stdout"], "values": [{"value": "\n", "step": null, "ts": 1642480249.4510307}]}, "version": 61}
{"obj": {"type": "LogStrings", "path": ["monitoring", "stdout"], "values": [{"value": "Epoch 0, K-means clustering 2, Average clustering time 0.082, Prec@1 73.873", "step": null, "ts": 1642480249.5425367}]}, "version": 62}
{"obj": {"type": "LogStrings", "path": ["monitoring", "stdout"], "values": [{"value": "\n", "step": null, "ts": 1642480249.5435202}]}, "version": 63}
{"obj": {"type": "LogStrings", "path": ["monitoring", "stdout"], "values": [{"value": "Epoch 0, K-means clustering 3, Average clustering time 0.085, Prec@1 73.837", "step": null, "ts": 1642480249.6378767}]}, "version": 64}
{"obj": {"type": "LogStrings", "path": ["monitoring", "stdout"], "values": [{"value": "\n", "step": null, "ts": 1642480249.6389318}]}, "version": 65}
{"obj": {"type": "LogStrings", "path": ["monitoring", "stdout"], "values": [{"value": "Epoch 0, K-means clustering 4, Average clustering time 0.086, Prec@1 74.015", "step": null, "ts": 1642480249.7255383}]}, "version": 66}
{"obj": {"type": "LogStrings", "path": ["monitoring", "stdout"], "values": [{"value": "\n", "step": null, "ts": 1642480249.7264123}]}, "version": 67}
{"obj": {"type": "LogStrings", "path": ["monitoring", "stdout"], "values": [{"value": "Epoch 0, K-means clustering 0, Average clustering time 0.003, Prec@1 65.495", "step": null, "ts": 1642480249.890349}]}, "version": 68}
{"obj": {"type": "LogStrings", "path": ["monitoring", "stdout"], "values": [{"value": "\n", "step": null, "ts": 1642480249.8911636}]}, "version": 69}
{"obj": {"type": "LogStrings", "path": ["monitoring", "stdout"], "values": [{"value": "Epoch 0, K-means clustering 1, Average clustering time 0.032, Prec@1 69.720", "step": null, "ts": 1642480249.951091}]}, "version": 70}
{"obj": {"type": "LogStrings", "path": ["monitoring", "stdout"], "values": [{"value": "\n", "step": null, "ts": 1642480249.9520414}]}, "version": 71}
{"obj": {"type": "LogFloats", "path": ["monitoring", "cpu"], "values": [{"value": 6.8, "step": null, "ts": 1642480250.0177515}]}, "version": 72}
{"obj": {"type": "LogFloats", "path": ["monitoring", "memory"], "values": [{"value": 10.567028045654297, "step": null, "ts": 1642480250.0177515}]}, "version": 73}
{"obj": {"type": "LogFloats", "path": ["monitoring", "gpu"], "values": [{"value": 62.0, "step": null, "ts": 1642480250.0177515}]}, "version": 74}
{"obj": {"type": "LogFloats", "path": ["monitoring", "gpu_memory"], "values": [{"value": 1.4464111328125, "step": null, "ts": 1642480250.0177515}]}, "version": 75}
{"obj": {"type": "LogStrings", "path": ["monitoring", "stdout"], "values": [{"value": "Epoch 0, K-means clustering 2, Average clustering time 0.045, Prec@1 70.891", "step": null, "ts": 1642480250.0214639}]}, "version": 76}
{"obj": {"type": "LogStrings", "path": ["monitoring", "stdout"], "values": [{"value": "\n", "step": null, "ts": 1642480250.0222223}]}, "version": 77}
{"obj": {"type": "LogStrings", "path": ["monitoring", "stdout"], "values": [{"value": "Epoch 0, K-means clustering 3, Average clustering time 0.048, Prec@1 71.672", "step": null, "ts": 1642480250.079685}]}, "version": 78}
{"obj": {"type": "LogStrings", "path": ["monitoring", "stdout"], "values": [{"value": "\n", "step": null, "ts": 1642480250.080873}]}, "version": 79}
{"obj": {"type": "LogStrings", "path": ["monitoring", "stdout"], "values": [{"value": "Epoch 0, K-means clustering 4, Average clustering time 0.050, Prec@1 71.565", "step": null, "ts": 1642480250.1386824}]}, "version": 80}
{"obj": {"type": "LogStrings", "path": ["monitoring", "stdout"], "values": [{"value": "\n", "step": null, "ts": 1642480250.1408124}]}, "version": 81}
{"obj": {"type": "LogFloats", "path": ["metrics", "current_acc"], "values": [{"value": 61.80333712916024, "step": null, "ts": 1642480250.569969}]}, "version": 82}
{"obj": {"type": "LogFloats", "path": ["metrics", "best_acc"], "values": [{"value": 61.80333712916024, "step": null, "ts": 1642480250.5730941}]}, "version": 83}
{"obj": {"type": "LogFloats", "path": ["metrics", "tardis_loss"], "values": [{"value": 0.0, "step": null, "ts": 1642480252.9070415}]}, "version": 84}
{"obj": {"type": "LogFloats", "path": ["metrics", "d_t_loss"], "values": [{"value": 0.0, "step": null, "ts": 1642480252.9365828}]}, "version": 85}
{"obj": {"type": "LogFloats", "path": ["metrics", "tar_dis_loss_f1"], "values": [{"value": 0.0, "step": null, "ts": 1642480252.9701903}]}, "version": 86}
{"obj": {"type": "LogFloats", "path": ["metrics", "tar_dis_loss_f2"], "values": [{"value": 0.0, "step": null, "ts": 1642480252.9853485}]}, "version": 87}
{"obj": {"type": "LogFloats", "path": ["metrics", "src_dis_loss"], "values": [{"value": 0.0, "step": null, "ts": 1642480253.2915764}]}, "version": 88}
{"obj": {"type": "LogFloats", "path": ["metrics", "d_s_loss"], "values": [{"value": 0.0, "step": null, "ts": 1642480253.5514276}]}, "version": 89}
{"obj": {"type": "LogFloats", "path": ["metrics", "src_dis_loss_f1"], "values": [{"value": 0.0, "step": null, "ts": 1642480253.5928667}]}, "version": 90}
{"obj": {"type": "LogFloats", "path": ["metrics", "src_dis_loss_f2"], "values": [{"value": 0.0, "step": null, "ts": 1642480253.61726}]}, "version": 91}
{"obj": {"type": "LogStrings", "path": ["monitoring", "traceback"], "values": [{"value": "An uncaught exception occurred while run was active on worker compute133.", "step": null, "ts": 1642480253.6962132}, {"value": "Marking run as failed", "step": null, "ts": 1642480253.6962132}, {"value": "Traceback:", "step": null, "ts": 1642480253.6962132}, {"value": "  File \"main.py\", line 280, in <module>\n    main()\n", "step": null, "ts": 1642480253.6962132}, {"value": "  File \"main.py\", line 243, in main\n    train_loader_source_batch, train_loader_target_batch = train(train_loader_source, train_loader_source_batch, train_loader_target, train_loader_target_batch, model, learn_cen, learn_cen_2, criterion_cons, optimizer, itern, epoch, new_epoch_flag, src_cs, args, run)\n", "step": null, "ts": 1642480253.6962132}, {"value": "  File \"/data/home/jkataok1/SRDC-CVPR2020/trainer.py\", line 139, in train\n    # mixup_ratio = torch.normal(mean=0, std=1)\n", "step": null, "ts": 1642480253.6962132}, {"value": "normal() received an invalid combination of arguments - got (std=int, mean=int, ), but expected one of:", "step": null, "ts": 1642480253.6962132}, {"value": " * (Tensor mean, Tensor std, *, torch.Generator generator, Tensor out)", "step": null, "ts": 1642480253.6962132}, {"value": " * (Tensor mean, float std, *, torch.Generator generator, Tensor out)", "step": null, "ts": 1642480253.6962132}, {"value": " * (float mean, Tensor std, *, torch.Generator generator, Tensor out)", "step": null, "ts": 1642480253.6962132}, {"value": " * (float mean, float std, tuple of ints size, *, torch.Generator generator, Tensor out, torch.dtype dtype, torch.layout layout, torch.device device, bool pin_memory, bool requires_grad)", "step": null, "ts": 1642480253.6962132}, {"value": "", "step": null, "ts": 1642480253.6962132}]}, "version": 92}
{"obj": {"type": "AssignBool", "path": ["sys", "failed"], "value": true}, "version": 93}
{"obj": {"type": "LogStrings", "path": ["monitoring", "stderr"], "values": [{"value": "Traceback (most recent call last):\n", "step": null, "ts": 1642480253.6979213}]}, "version": 94}
{"obj": {"type": "LogStrings", "path": ["monitoring", "stderr"], "values": [{"value": "", "step": null, "ts": 1642480253.6984458}]}, "version": 95}
{"obj": {"type": "LogStrings", "path": ["monitoring", "stderr"], "values": [{"value": "  File \"main.py\", line 280, in <module>\n    main()\n", "step": null, "ts": 1642480253.6992586}]}, "version": 96}
{"obj": {"type": "LogStrings", "path": ["monitoring", "stderr"], "values": [{"value": "", "step": null, "ts": 1642480253.700021}]}, "version": 97}
{"obj": {"type": "LogStrings", "path": ["monitoring", "stderr"], "values": [{"value": "  File \"main.py\", line 243, in main\n    train_loader_source_batch, train_loader_target_batch = train(train_loader_source, train_loader_source_batch, train_loader_target, train_loader_target_batch, model, learn_cen, learn_cen_2, criterion_cons, optimizer, itern, epoch, new_epoch_flag, src_cs, args, run)\n", "step": null, "ts": 1642480253.700601}]}, "version": 98}
{"obj": {"type": "LogStrings", "path": ["monitoring", "stderr"], "values": [{"value": "", "step": null, "ts": 1642480253.7012322}]}, "version": 99}
{"obj": {"type": "LogStrings", "path": ["monitoring", "stderr"], "values": [{"value": "  File \"/data/home/jkataok1/SRDC-CVPR2020/trainer.py\", line 139, in train\n    # mixup_ratio = torch.normal(mean=0, std=1)\n", "step": null, "ts": 1642480253.701908}]}, "version": 100}
{"obj": {"type": "LogStrings", "path": ["monitoring", "stderr"], "values": [{"value": "", "step": null, "ts": 1642480253.7025247}]}, "version": 101}
{"obj": {"type": "LogStrings", "path": ["monitoring", "stderr"], "values": [{"value": "TypeError: normal() received an invalid combination of arguments - got (std=int, mean=int, ), but expected one of:\n * (Tensor mean, Tensor std, *, torch.Generator generator, Tensor out)\n * (Tensor mean, float std, *, torch.Generator generator, Tensor out)\n * (float mean, Tensor std, *, torch.Generator generator, Tensor out)\n * (float mean, float std, tuple of ints size, *, torch.Generator generator, Tensor out, torch.dtype dtype, torch.layout layout, torch.device device, bool pin_memory, bool requires_grad)\n\n", "step": null, "ts": 1642480253.7030811}]}, "version": 102}
{"obj": {"type": "LogStrings", "path": ["monitoring", "stderr"], "values": [{"value": "", "step": null, "ts": 1642480253.703635}]}, "version": 103}
{"obj": {"type": "LogStrings", "path": ["monitoring", "stderr"], "values": [{"value": "\nIf you suspect this is an IPython 7.29.0 bug, please report it at:\n    https://github.com/ipython/ipython/issues\nor send an email to the mailing list at ipython-dev@python.org\n\nYou can print a more detailed traceback right now with \"%tb\", or use \"%debug\"\nto interactively debug it.\n\nExtra-detailed tracebacks for bug-reporting purposes can be enabled via:\n    %config Application.verbose_crash=True\n", "step": null, "ts": 1642480253.704274}]}, "version": 104}
{"obj": {"type": "LogStrings", "path": ["monitoring", "stderr"], "values": [{"value": "\n", "step": null, "ts": 1642480253.7049327}]}, "version": 105}
{"obj": {"type": "LogStrings", "path": ["monitoring", "stdout"], "values": [{"value": "Shutting down background jobs, please wait a moment...\n", "step": null, "ts": 1642480253.7056613}]}, "version": 106}
