{"obj": {"type": "AssignString", "path": ["sys", "name"], "value": "Untitled"}, "version": 1}
{"obj": {"type": "AssignString", "path": ["sys", "description"], "value": ""}, "version": 2}
{"obj": {"type": "AssignString", "path": ["sys", "hostname"], "value": "compute133"}, "version": 3}
{"obj": {"type": "AssignBool", "path": ["sys", "failed"], "value": false}, "version": 4}
{"obj": {"type": "ClearStringLog", "path": ["monitoring", "stdout"]}, "version": 5}
{"obj": {"type": "ClearStringLog", "path": ["monitoring", "stderr"]}, "version": 6}
{"obj": {"type": "ConfigFloatSeries", "path": ["monitoring", "cpu"], "min": 0.0, "max": 100.0, "unit": "%"}, "version": 7}
{"obj": {"type": "ClearFloatLog", "path": ["monitoring", "cpu"]}, "version": 8}
{"obj": {"type": "ConfigFloatSeries", "path": ["monitoring", "memory"], "min": 0.0, "max": 251.8083610534668, "unit": "GB"}, "version": 9}
{"obj": {"type": "ClearFloatLog", "path": ["monitoring", "memory"]}, "version": 10}
{"obj": {"type": "ConfigFloatSeries", "path": ["monitoring", "gpu"], "min": 0.0, "max": 100.0, "unit": "%"}, "version": 11}
{"obj": {"type": "ClearFloatLog", "path": ["monitoring", "gpu"]}, "version": 12}
{"obj": {"type": "ConfigFloatSeries", "path": ["monitoring", "gpu_memory"], "min": 0.0, "max": 11.9124755859375, "unit": "GB"}, "version": 13}
{"obj": {"type": "ClearFloatLog", "path": ["monitoring", "gpu_memory"]}, "version": 14}
{"obj": {"type": "LogFloats", "path": ["monitoring", "cpu"], "values": [{"value": 6.0, "step": null, "ts": 1642480342.1798038}]}, "version": 15}
{"obj": {"type": "LogFloats", "path": ["monitoring", "memory"], "values": [{"value": 10.468021392822266, "step": null, "ts": 1642480342.1798038}]}, "version": 16}
{"obj": {"type": "LogFloats", "path": ["monitoring", "gpu_memory"], "values": [{"value": 0.9229736328125, "step": null, "ts": 1642480342.1798038}]}, "version": 17}
{"obj": {"type": "LogStrings", "path": ["monitoring", "stdout"], "values": [{"value": "", "step": null, "ts": 1642480342.18968}]}, "version": 18}
{"obj": {"type": "LogStrings", "path": ["monitoring", "stdout"], "values": [{"value": "https://app.neptune.ai/junkataoka/SRDC/e/SRDC-80\n", "step": null, "ts": 1642480342.1906216}]}, "version": 19}
{"obj": {"type": "LogStrings", "path": ["monitoring", "stdout"], "values": [{"value": "Remember to stop your run once you\u2019ve finished logging your metadata (https://docs.neptune.ai/api-reference/run#stop). It will be stopped automatically only when the notebook kernel/interactive console is terminated.\n", "step": null, "ts": 1642480342.1914551}]}, "version": 20}
{"obj": {"type": "LogStrings", "path": ["monitoring", "stdout"], "values": [{"value": "begin training", "step": null, "ts": 1642480342.3561437}]}, "version": 21}
{"obj": {"type": "LogStrings", "path": ["monitoring", "stdout"], "values": [{"value": "\n", "step": null, "ts": 1642480342.3568928}]}, "version": 22}
{"obj": {"type": "LogFloats", "path": ["monitoring", "cpu"], "values": [{"value": 6.8, "step": null, "ts": 1642480352.1897864}]}, "version": 23}
{"obj": {"type": "LogFloats", "path": ["monitoring", "memory"], "values": [{"value": 10.73276138305664, "step": null, "ts": 1642480352.1897864}]}, "version": 24}
{"obj": {"type": "LogFloats", "path": ["monitoring", "gpu_memory"], "values": [{"value": 4.0147705078125, "step": null, "ts": 1642480352.1897864}]}, "version": 25}
{"obj": {"type": "LogStrings", "path": ["monitoring", "stdout"], "values": [{"value": "Test on T training set - [0][0/45]\tT 0.440 (0.440)\tD 0.316 (0.316)\tT@1 85.714 (85.714)\tT@5 98.413 (98.413)\tL 2.2211 (2.2211)", "step": null, "ts": 1642480353.7342956}]}, "version": 26}
{"obj": {"type": "LogStrings", "path": ["monitoring", "stdout"], "values": [{"value": "\n", "step": null, "ts": 1642480353.7405777}]}, "version": 27}
{"obj": {"type": "LogStrings", "path": ["monitoring", "stdout"], "values": [{"value": "Test on T training set - [0][10/45]\tT 0.318 (0.315)\tD 0.197 (0.195)\tT@1 34.921 (73.882)\tT@5 71.429 (91.053)\tL 2.7946 (2.3495)", "step": null, "ts": 1642480356.7554815}]}, "version": 28}
{"obj": {"type": "LogStrings", "path": ["monitoring", "stdout"], "values": [{"value": "\n", "step": null, "ts": 1642480356.7647336}]}, "version": 29}
{"obj": {"type": "LogStrings", "path": ["monitoring", "stdout"], "values": [{"value": "Test on T training set - [0][20/45]\tT 0.302 (0.308)\tD 0.179 (0.187)\tT@1 66.667 (69.992)\tT@5 98.413 (90.174)\tL 2.5281 (2.4297)", "step": null, "ts": 1642480359.7578955}]}, "version": 30}
{"obj": {"type": "LogStrings", "path": ["monitoring", "stdout"], "values": [{"value": "\n", "step": null, "ts": 1642480359.767536}]}, "version": 31}
{"obj": {"type": "LogFloats", "path": ["monitoring", "cpu"], "values": [{"value": 6.8, "step": null, "ts": 1642480362.1940582}]}, "version": 32}
{"obj": {"type": "LogFloats", "path": ["monitoring", "memory"], "values": [{"value": 10.752052307128906, "step": null, "ts": 1642480362.1940582}]}, "version": 33}
{"obj": {"type": "LogFloats", "path": ["monitoring", "gpu"], "values": [{"value": 30.0, "step": null, "ts": 1642480362.1940582}]}, "version": 34}
{"obj": {"type": "LogFloats", "path": ["monitoring", "gpu_memory"], "values": [{"value": 3.9913330078125, "step": null, "ts": 1642480362.1940582}]}, "version": 35}
{"obj": {"type": "LogStrings", "path": ["monitoring", "stdout"], "values": [{"value": "Test on T training set - [0][30/45]\tT 0.302 (0.319)\tD 0.189 (0.199)\tT@1 76.190 (68.203)\tT@5 95.238 (88.479)\tL 2.5034 (2.4583)", "step": null, "ts": 1642480363.1773844}]}, "version": 36}
{"obj": {"type": "LogStrings", "path": ["monitoring", "stdout"], "values": [{"value": "\n", "step": null, "ts": 1642480363.1836574}]}, "version": 37}
{"obj": {"type": "LogStrings", "path": ["monitoring", "stdout"], "values": [{"value": "Test on T training set - [0][40/45]\tT 0.302 (0.314)\tD 0.178 (0.194)\tT@1 49.206 (65.196)\tT@5 73.016 (84.204)\tL 2.7474 (2.5131)", "step": null, "ts": 1642480366.1844263}]}, "version": 38}
{"obj": {"type": "LogStrings", "path": ["monitoring", "stdout"], "values": [{"value": "\n", "step": null, "ts": 1642480366.19047}]}, "version": 39}
{"obj": {"type": "LogStrings", "path": ["monitoring", "stdout"], "values": [{"value": " * Test on T training set - Prec@1 61.803, Prec@5 82.144", "step": null, "ts": 1642480367.8470218}]}, "version": 40}
{"obj": {"type": "LogStrings", "path": ["monitoring", "stdout"], "values": [{"value": "\n", "step": null, "ts": 1642480367.8483603}]}, "version": 41}
{"obj": {"type": "LogStrings", "path": ["monitoring", "stdout"], "values": [{"value": "Test on T test set - [0][0/45]\tTime 0.450 (0.450)\tLoss 2.2211 (2.2211)\tPrec@1 85.714 (85.714)\tPrec@5 98.413 (98.413)", "step": null, "ts": 1642480368.3016012}]}, "version": 42}
{"obj": {"type": "LogStrings", "path": ["monitoring", "stdout"], "values": [{"value": "\n", "step": null, "ts": 1642480368.3080993}]}, "version": 43}
{"obj": {"type": "LogStrings", "path": ["monitoring", "stdout"], "values": [{"value": "Test on T test set - [0][10/45]\tTime 0.303 (0.314)\tLoss 2.7946 (2.3495)\tPrec@1 34.921 (73.882)\tPrec@5 71.429 (91.053)", "step": null, "ts": 1642480371.3051991}]}, "version": 44}
{"obj": {"type": "LogStrings", "path": ["monitoring", "stdout"], "values": [{"value": "\n", "step": null, "ts": 1642480371.312294}]}, "version": 45}
{"obj": {"type": "LogFloats", "path": ["monitoring", "cpu"], "values": [{"value": 4.0, "step": null, "ts": 1642480372.1978993}]}, "version": 46}
{"obj": {"type": "LogFloats", "path": ["monitoring", "memory"], "values": [{"value": 8.399311065673828, "step": null, "ts": 1642480372.1978993}]}, "version": 47}
{"obj": {"type": "LogFloats", "path": ["monitoring", "gpu_memory"], "values": [{"value": 3.9385986328125, "step": null, "ts": 1642480372.1978993}]}, "version": 48}
{"obj": {"type": "LogStrings", "path": ["monitoring", "stdout"], "values": [{"value": "Test on T test set - [0][20/45]\tTime 0.309 (0.309)\tLoss 2.5281 (2.4297)\tPrec@1 66.667 (69.992)\tPrec@5 98.413 (90.174)", "step": null, "ts": 1642480374.3491378}]}, "version": 49}
{"obj": {"type": "LogStrings", "path": ["monitoring", "stdout"], "values": [{"value": "\n", "step": null, "ts": 1642480374.3552072}]}, "version": 50}
{"obj": {"type": "LogStrings", "path": ["monitoring", "stdout"], "values": [{"value": "Test on T test set - [0][30/45]\tTime 0.303 (0.307)\tLoss 2.5034 (2.4583)\tPrec@1 76.190 (68.203)\tPrec@5 95.238 (88.479)", "step": null, "ts": 1642480377.3611023}]}, "version": 51}
{"obj": {"type": "LogStrings", "path": ["monitoring", "stdout"], "values": [{"value": "\n", "step": null, "ts": 1642480377.3670928}]}, "version": 52}
{"obj": {"type": "LogStrings", "path": ["monitoring", "stdout"], "values": [{"value": "Test on T test set - [0][40/45]\tTime 0.283 (0.305)\tLoss 2.7474 (2.5131)\tPrec@1 49.206 (65.196)\tPrec@5 73.016 (84.204)", "step": null, "ts": 1642480380.3362749}]}, "version": 53}
{"obj": {"type": "LogStrings", "path": ["monitoring", "stdout"], "values": [{"value": "\n", "step": null, "ts": 1642480380.3423877}]}, "version": 54}
{"obj": {"type": "LogStrings", "path": ["monitoring", "stdout"], "values": [{"value": " * Test on T test set - Prec@1 61.803, Prec@5 82.144", "step": null, "ts": 1642480381.4614656}]}, "version": 55}
{"obj": {"type": "LogStrings", "path": ["monitoring", "stdout"], "values": [{"value": "\n", "step": null, "ts": 1642480381.4624596}]}, "version": 56}
{"obj": {"type": "LogStrings", "path": ["monitoring", "stdout"], "values": [{"value": "Epoch 0, K-means clustering 0, Average clustering time 0.027, Prec@1 66.454", "step": null, "ts": 1642480381.4913976}]}, "version": 57}
{"obj": {"type": "LogStrings", "path": ["monitoring", "stdout"], "values": [{"value": "\n", "step": null, "ts": 1642480381.4922504}]}, "version": 58}
{"obj": {"type": "LogStrings", "path": ["monitoring", "stdout"], "values": [{"value": "Epoch 0, K-means clustering 1, Average clustering time 0.072, Prec@1 72.524", "step": null, "ts": 1642480381.6069875}]}, "version": 59}
{"obj": {"type": "LogStrings", "path": ["monitoring", "stdout"], "values": [{"value": "\n", "step": null, "ts": 1642480381.6081183}]}, "version": 60}
{"obj": {"type": "LogStrings", "path": ["monitoring", "stdout"], "values": [{"value": "Epoch 0, K-means clustering 2, Average clustering time 0.075, Prec@1 73.873", "step": null, "ts": 1642480381.6888838}]}, "version": 61}
{"obj": {"type": "LogStrings", "path": ["monitoring", "stdout"], "values": [{"value": "\n", "step": null, "ts": 1642480381.6896296}]}, "version": 62}
{"obj": {"type": "LogStrings", "path": ["monitoring", "stdout"], "values": [{"value": "Epoch 0, K-means clustering 3, Average clustering time 0.076, Prec@1 73.837", "step": null, "ts": 1642480381.7695632}]}, "version": 63}
{"obj": {"type": "LogStrings", "path": ["monitoring", "stdout"], "values": [{"value": "\n", "step": null, "ts": 1642480381.7708066}]}, "version": 64}
{"obj": {"type": "LogStrings", "path": ["monitoring", "stdout"], "values": [{"value": "Epoch 0, K-means clustering 4, Average clustering time 0.078, Prec@1 74.015", "step": null, "ts": 1642480381.852532}]}, "version": 65}
{"obj": {"type": "LogStrings", "path": ["monitoring", "stdout"], "values": [{"value": "\n", "step": null, "ts": 1642480381.8535876}]}, "version": 66}
{"obj": {"type": "LogStrings", "path": ["monitoring", "stdout"], "values": [{"value": "Epoch 0, K-means clustering 0, Average clustering time 0.003, Prec@1 65.495", "step": null, "ts": 1642480381.995902}]}, "version": 67}
{"obj": {"type": "LogStrings", "path": ["monitoring", "stdout"], "values": [{"value": "\n", "step": null, "ts": 1642480381.9968262}]}, "version": 68}
{"obj": {"type": "LogStrings", "path": ["monitoring", "stdout"], "values": [{"value": "Epoch 0, K-means clustering 1, Average clustering time 0.027, Prec@1 69.720", "step": null, "ts": 1642480382.047294}]}, "version": 69}
{"obj": {"type": "LogStrings", "path": ["monitoring", "stdout"], "values": [{"value": "\n", "step": null, "ts": 1642480382.0653448}]}, "version": 70}
{"obj": {"type": "LogStrings", "path": ["monitoring", "stdout"], "values": [{"value": "Epoch 0, K-means clustering 2, Average clustering time 0.042, Prec@1 70.891", "step": null, "ts": 1642480382.1186016}]}, "version": 71}
{"obj": {"type": "LogStrings", "path": ["monitoring", "stdout"], "values": [{"value": "\n", "step": null, "ts": 1642480382.12113}]}, "version": 72}
{"obj": {"type": "LogStrings", "path": ["monitoring", "stdout"], "values": [{"value": "Epoch 0, K-means clustering 3, Average clustering time 0.045, Prec@1 71.672", "step": null, "ts": 1642480382.1741822}]}, "version": 73}
{"obj": {"type": "LogFloats", "path": ["monitoring", "cpu"], "values": [{"value": 3.5, "step": null, "ts": 1642480382.201652}]}, "version": 74}
{"obj": {"type": "LogFloats", "path": ["monitoring", "memory"], "values": [{"value": 8.300273895263672, "step": null, "ts": 1642480382.201652}]}, "version": 75}
{"obj": {"type": "LogFloats", "path": ["monitoring", "gpu"], "values": [{"value": 28.0, "step": null, "ts": 1642480382.201652}]}, "version": 76}
{"obj": {"type": "LogFloats", "path": ["monitoring", "gpu_memory"], "values": [{"value": 1.4464111328125, "step": null, "ts": 1642480382.201652}]}, "version": 77}
{"obj": {"type": "LogStrings", "path": ["monitoring", "stdout"], "values": [{"value": "\n", "step": null, "ts": 1642480382.2796032}]}, "version": 78}
{"obj": {"type": "LogStrings", "path": ["monitoring", "stdout"], "values": [{"value": "Epoch 0, K-means clustering 4, Average clustering time 0.073, Prec@1 71.565", "step": null, "ts": 1642480382.357696}]}, "version": 79}
{"obj": {"type": "LogStrings", "path": ["monitoring", "stdout"], "values": [{"value": "\n", "step": null, "ts": 1642480382.359029}]}, "version": 80}
{"obj": {"type": "LogFloats", "path": ["metrics", "current_acc"], "values": [{"value": 61.80333712916024, "step": null, "ts": 1642480382.7427795}]}, "version": 81}
{"obj": {"type": "LogFloats", "path": ["metrics", "best_acc"], "values": [{"value": 61.80333712916024, "step": null, "ts": 1642480382.74882}]}, "version": 82}
{"obj": {"type": "LogFloats", "path": ["metrics", "tardis_loss"], "values": [{"value": 0.0, "step": null, "ts": 1642480385.305293}]}, "version": 83}
{"obj": {"type": "LogFloats", "path": ["metrics", "d_t_loss"], "values": [{"value": 0.0, "step": null, "ts": 1642480385.3066745}]}, "version": 84}
{"obj": {"type": "LogFloats", "path": ["metrics", "tar_dis_loss_f1"], "values": [{"value": 0.0, "step": null, "ts": 1642480385.30839}]}, "version": 85}
{"obj": {"type": "LogFloats", "path": ["metrics", "tar_dis_loss_f2"], "values": [{"value": 0.0, "step": null, "ts": 1642480385.3099833}]}, "version": 86}
{"obj": {"type": "LogFloats", "path": ["metrics", "src_dis_loss"], "values": [{"value": 0.0, "step": null, "ts": 1642480385.3938904}]}, "version": 87}
{"obj": {"type": "LogFloats", "path": ["metrics", "d_s_loss"], "values": [{"value": 0.0, "step": null, "ts": 1642480385.4069998}]}, "version": 88}
{"obj": {"type": "LogFloats", "path": ["metrics", "src_dis_loss_f1"], "values": [{"value": 0.0, "step": null, "ts": 1642480385.4083436}]}, "version": 89}
{"obj": {"type": "LogFloats", "path": ["metrics", "src_dis_loss_f2"], "values": [{"value": 0.0, "step": null, "ts": 1642480385.409804}]}, "version": 90}
{"obj": {"type": "LogStrings", "path": ["monitoring", "traceback"], "values": [{"value": "An uncaught exception occurred while run was active on worker compute133.", "step": null, "ts": 1642480385.4163296}, {"value": "Marking run as failed", "step": null, "ts": 1642480385.4163296}, {"value": "Traceback:", "step": null, "ts": 1642480385.4163296}, {"value": "  File \"main.py\", line 280, in <module>\n    main()\n", "step": null, "ts": 1642480385.4163296}, {"value": "  File \"main.py\", line 243, in main\n    train_loader_source_batch, train_loader_target_batch = train(train_loader_source, train_loader_source_batch, train_loader_target, train_loader_target_batch, model, learn_cen, learn_cen_2, criterion_cons, optimizer, itern, epoch, new_epoch_flag, src_cs, args, run)\n", "step": null, "ts": 1642480385.4163296}, {"value": "  File \"/data/home/jkataok1/SRDC-CVPR2020/trainer.py\", line 139, in train\n    mixup_ratio = torch.normal(mean=torch.tensor(0), std=torch.tensor(1))\n", "step": null, "ts": 1642480385.4163296}, {"value": "\"normal_kernel_cpu\" not implemented for 'Long'", "step": null, "ts": 1642480385.4163296}]}, "version": 91}
{"obj": {"type": "AssignBool", "path": ["sys", "failed"], "value": true}, "version": 92}
{"obj": {"type": "LogStrings", "path": ["monitoring", "stderr"], "values": [{"value": "Traceback (most recent call last):\n", "step": null, "ts": 1642480385.4183924}]}, "version": 93}
{"obj": {"type": "LogStrings", "path": ["monitoring", "stderr"], "values": [{"value": "", "step": null, "ts": 1642480385.4190927}]}, "version": 94}
{"obj": {"type": "LogStrings", "path": ["monitoring", "stderr"], "values": [{"value": "  File \"main.py\", line 280, in <module>\n    main()\n", "step": null, "ts": 1642480385.4196534}]}, "version": 95}
{"obj": {"type": "LogStrings", "path": ["monitoring", "stderr"], "values": [{"value": "", "step": null, "ts": 1642480385.4204545}]}, "version": 96}
{"obj": {"type": "LogStrings", "path": ["monitoring", "stderr"], "values": [{"value": "  File \"main.py\", line 243, in main\n    train_loader_source_batch, train_loader_target_batch = train(train_loader_source, train_loader_source_batch, train_loader_target, train_loader_target_batch, model, learn_cen, learn_cen_2, criterion_cons, optimizer, itern, epoch, new_epoch_flag, src_cs, args, run)\n", "step": null, "ts": 1642480385.4211812}]}, "version": 97}
{"obj": {"type": "LogStrings", "path": ["monitoring", "stderr"], "values": [{"value": "", "step": null, "ts": 1642480385.421723}]}, "version": 98}
{"obj": {"type": "LogStrings", "path": ["monitoring", "stderr"], "values": [{"value": "  File \"/data/home/jkataok1/SRDC-CVPR2020/trainer.py\", line 139, in train\n    mixup_ratio = torch.normal(mean=torch.tensor(0), std=torch.tensor(1))\n", "step": null, "ts": 1642480385.4222794}]}, "version": 99}
{"obj": {"type": "LogStrings", "path": ["monitoring", "stderr"], "values": [{"value": "", "step": null, "ts": 1642480385.4228544}]}, "version": 100}
{"obj": {"type": "LogStrings", "path": ["monitoring", "stderr"], "values": [{"value": "RuntimeError: \"normal_kernel_cpu\" not implemented for 'Long'\n", "step": null, "ts": 1642480385.4235947}]}, "version": 101}
{"obj": {"type": "LogStrings", "path": ["monitoring", "stderr"], "values": [{"value": "", "step": null, "ts": 1642480385.4242206}]}, "version": 102}
{"obj": {"type": "LogStrings", "path": ["monitoring", "stderr"], "values": [{"value": "\nIf you suspect this is an IPython 7.29.0 bug, please report it at:\n    https://github.com/ipython/ipython/issues\nor send an email to the mailing list at ipython-dev@python.org\n\nYou can print a more detailed traceback right now with \"%tb\", or use \"%debug\"\nto interactively debug it.\n\nExtra-detailed tracebacks for bug-reporting purposes can be enabled via:\n    %config Application.verbose_crash=True\n", "step": null, "ts": 1642480385.4246786}]}, "version": 103}
{"obj": {"type": "LogStrings", "path": ["monitoring", "stderr"], "values": [{"value": "\n", "step": null, "ts": 1642480385.4251716}]}, "version": 104}
{"obj": {"type": "LogStrings", "path": ["monitoring", "stdout"], "values": [{"value": "Shutting down background jobs, please wait a moment...\n", "step": null, "ts": 1642480385.4257648}]}, "version": 105}
