{"obj": {"type": "AssignString", "path": ["sys", "name"], "value": "Untitled"}, "version": 1}
{"obj": {"type": "AssignString", "path": ["sys", "description"], "value": ""}, "version": 2}
{"obj": {"type": "AssignString", "path": ["sys", "hostname"], "value": "jun-XPS-8940"}, "version": 3}
{"obj": {"type": "AssignBool", "path": ["sys", "failed"], "value": false}, "version": 4}
{"obj": {"type": "ClearStringLog", "path": ["monitoring", "stdout"]}, "version": 5}
{"obj": {"type": "ClearStringLog", "path": ["monitoring", "stderr"]}, "version": 6}
{"obj": {"type": "ConfigFloatSeries", "path": ["monitoring", "cpu"], "min": 0.0, "max": 100.0, "unit": "%"}, "version": 7}
{"obj": {"type": "ClearFloatLog", "path": ["monitoring", "cpu"]}, "version": 8}
{"obj": {"type": "ConfigFloatSeries", "path": ["monitoring", "memory"], "min": 0.0, "max": 15.308197021484375, "unit": "GB"}, "version": 9}
{"obj": {"type": "ClearFloatLog", "path": ["monitoring", "memory"]}, "version": 10}
{"obj": {"type": "ConfigFloatSeries", "path": ["monitoring", "gpu"], "min": 0.0, "max": 100.0, "unit": "%"}, "version": 11}
{"obj": {"type": "ClearFloatLog", "path": ["monitoring", "gpu"]}, "version": 12}
{"obj": {"type": "ConfigFloatSeries", "path": ["monitoring", "gpu_memory"], "min": 0.0, "max": 7.77325439453125, "unit": "GB"}, "version": 13}
{"obj": {"type": "ClearFloatLog", "path": ["monitoring", "gpu_memory"]}, "version": 14}
{"obj": {"type": "LogStrings", "path": ["monitoring", "stdout"], "values": [{"value": "", "step": null, "ts": 1644296278.4911802}]}, "version": 15}
{"obj": {"type": "LogStrings", "path": ["monitoring", "stdout"], "values": [{"value": "https://app.neptune.ai/junkataoka/SRDC/e/SRDC-188\n", "step": null, "ts": 1644296278.4927454}]}, "version": 16}
{"obj": {"type": "LogStrings", "path": ["monitoring", "stdout"], "values": [{"value": "Remember to stop your run once you\u2019ve finished logging your metadata (https://docs.neptune.ai/api-reference/run#stop). It will be stopped automatically only when the notebook kernel/interactive console is terminated.\n", "step": null, "ts": 1644296278.4931264}]}, "version": 17}
{"obj": {"type": "LogFloats", "path": ["monitoring", "cpu"], "values": [{"value": 5.3, "step": null, "ts": 1644296278.4819162}]}, "version": 18}
{"obj": {"type": "LogFloats", "path": ["monitoring", "memory"], "values": [{"value": 4.5842742919921875, "step": null, "ts": 1644296278.4819162}]}, "version": 19}
{"obj": {"type": "LogFloats", "path": ["monitoring", "gpu_memory"], "values": [{"value": 1.4005126953125, "step": null, "ts": 1644296278.4819162}]}, "version": 20}
{"obj": {"type": "LogStrings", "path": ["monitoring", "stdout"], "values": [{"value": "begin training", "step": null, "ts": 1644296278.5286567}]}, "version": 21}
{"obj": {"type": "LogStrings", "path": ["monitoring", "stdout"], "values": [{"value": "\n", "step": null, "ts": 1644296278.5287998}]}, "version": 22}
{"obj": {"type": "LogStrings", "path": ["monitoring", "traceback"], "values": [{"value": "An uncaught exception occurred while run was active on worker jun-XPS-8940.", "step": null, "ts": 1644296279.800005}, {"value": "Marking run as failed", "step": null, "ts": 1644296279.800005}, {"value": "Traceback:", "step": null, "ts": 1644296279.800005}, {"value": "  File \"main.py\", line 280, in <module>\n    main()\n", "step": null, "ts": 1644296279.800005}, {"value": "  File \"main.py\", line 134, in main\n    prec1, c_s, c_s_2, c_t, c_t_2, c_srctar, c_srctar_2, source_features, source_features_2, source_targets, target_features, target_features_2, target_targets, pseudo_labels = validate_compute_cen(val_loader_target, val_loader_source, model, criterion, epoch, args, run)\n", "step": null, "ts": 1644296279.800005}, {"value": "  File \"/home/jun/GoogleDrive/project/DANN_RegClustering/trainer.py\", line 333, in validate_compute_cen\n    feature, feature_2, output, _ = model(input_var, 1)\n", "step": null, "ts": 1644296279.800005}, {"value": "  File \"/home/jun/anaconda3/envs/cyclegan/lib/python3.8/site-packages/torch/nn/modules/module.py\", line 1051, in _call_impl\n    return forward_call(*input, **kwargs)\n", "step": null, "ts": 1644296279.800005}, {"value": "  File \"/home/jun/anaconda3/envs/cyclegan/lib/python3.8/site-packages/torch/nn/parallel/data_parallel.py\", line 166, in forward\n    return self.module(*inputs[0], **kwargs[0])\n", "step": null, "ts": 1644296279.800005}, {"value": "  File \"/home/jun/anaconda3/envs/cyclegan/lib/python3.8/site-packages/torch/nn/modules/module.py\", line 1051, in _call_impl\n    return forward_call(*input, **kwargs)\n", "step": null, "ts": 1644296279.800005}, {"value": "  File \"/home/jun/GoogleDrive/project/DANN_RegClustering/models/resnet.py\", line 190, in forward\n    domain_input = self.random_layer([reverse_feature_x, reverse_feature_y, ca])\n", "step": null, "ts": 1644296279.800005}, {"value": "  File \"/home/jun/anaconda3/envs/cyclegan/lib/python3.8/site-packages/torch/nn/modules/module.py\", line 1051, in _call_impl\n    return forward_call(*input, **kwargs)\n", "step": null, "ts": 1644296279.800005}, {"value": "  File \"/home/jun/GoogleDrive/project/DANN_RegClustering/models/resnet.py\", line 37, in forward\n    return_list = [torch.mm(input_list[i], self.random_matrix[i]) for i in range(self.input_num)]\n", "step": null, "ts": 1644296279.800005}, {"value": "  File \"/home/jun/GoogleDrive/project/DANN_RegClustering/models/resnet.py\", line 37, in <listcomp>\n    return_list = [torch.mm(input_list[i], self.random_matrix[i]) for i in range(self.input_num)]\n", "step": null, "ts": 1644296279.800005}, {"value": "Expected all tensors to be on the same device, but found at least two devices, cuda:0 and cpu! (when checking arugment for argument mat2 in method wrapper_mm)", "step": null, "ts": 1644296279.800005}]}, "version": 23}
{"obj": {"type": "AssignBool", "path": ["sys", "failed"], "value": true}, "version": 24}
{"obj": {"type": "LogStrings", "path": ["monitoring", "stderr"], "values": [{"value": "Traceback (most recent call last):\n", "step": null, "ts": 1644296279.8005555}]}, "version": 25}
{"obj": {"type": "LogStrings", "path": ["monitoring", "stderr"], "values": [{"value": "", "step": null, "ts": 1644296279.800625}]}, "version": 26}
{"obj": {"type": "LogStrings", "path": ["monitoring", "stderr"], "values": [{"value": "  File \"main.py\", line 280, in <module>\n    main()\n", "step": null, "ts": 1644296279.800689}]}, "version": 27}
{"obj": {"type": "LogStrings", "path": ["monitoring", "stderr"], "values": [{"value": "", "step": null, "ts": 1644296279.8007276}]}, "version": 28}
{"obj": {"type": "LogStrings", "path": ["monitoring", "stderr"], "values": [{"value": "  File \"main.py\", line 134, in main\n    prec1, c_s, c_s_2, c_t, c_t_2, c_srctar, c_srctar_2, source_features, source_features_2, source_targets, target_features, target_features_2, target_targets, pseudo_labels = validate_compute_cen(val_loader_target, val_loader_source, model, criterion, epoch, args, run)\n", "step": null, "ts": 1644296279.8007817}]}, "version": 29}
{"obj": {"type": "LogStrings", "path": ["monitoring", "stderr"], "values": [{"value": "", "step": null, "ts": 1644296279.8008409}]}, "version": 30}
{"obj": {"type": "LogStrings", "path": ["monitoring", "stderr"], "values": [{"value": "  File \"/home/jun/GoogleDrive/project/DANN_RegClustering/trainer.py\", line 333, in validate_compute_cen\n    feature, feature_2, output, _ = model(input_var, 1)\n", "step": null, "ts": 1644296279.8008795}]}, "version": 31}
{"obj": {"type": "LogStrings", "path": ["monitoring", "stderr"], "values": [{"value": "", "step": null, "ts": 1644296279.8009205}]}, "version": 32}
{"obj": {"type": "LogStrings", "path": ["monitoring", "stderr"], "values": [{"value": "  File \"/home/jun/anaconda3/envs/cyclegan/lib/python3.8/site-packages/torch/nn/modules/module.py\", line 1051, in _call_impl\n    return forward_call(*input, **kwargs)\n", "step": null, "ts": 1644296279.8009584}]}, "version": 33}
{"obj": {"type": "LogStrings", "path": ["monitoring", "stderr"], "values": [{"value": "", "step": null, "ts": 1644296279.8009965}]}, "version": 34}
{"obj": {"type": "LogStrings", "path": ["monitoring", "stderr"], "values": [{"value": "  File \"/home/jun/anaconda3/envs/cyclegan/lib/python3.8/site-packages/torch/nn/parallel/data_parallel.py\", line 166, in forward\n    return self.module(*inputs[0], **kwargs[0])\n", "step": null, "ts": 1644296279.8010447}]}, "version": 35}
{"obj": {"type": "LogStrings", "path": ["monitoring", "stderr"], "values": [{"value": "", "step": null, "ts": 1644296279.801097}]}, "version": 36}
{"obj": {"type": "LogStrings", "path": ["monitoring", "stderr"], "values": [{"value": "  File \"/home/jun/anaconda3/envs/cyclegan/lib/python3.8/site-packages/torch/nn/modules/module.py\", line 1051, in _call_impl\n    return forward_call(*input, **kwargs)\n", "step": null, "ts": 1644296279.8011353}]}, "version": 37}
{"obj": {"type": "LogStrings", "path": ["monitoring", "stderr"], "values": [{"value": "", "step": null, "ts": 1644296279.8011892}]}, "version": 38}
{"obj": {"type": "LogStrings", "path": ["monitoring", "stderr"], "values": [{"value": "  File \"/home/jun/GoogleDrive/project/DANN_RegClustering/models/resnet.py\", line 190, in forward\n    domain_input = self.random_layer([reverse_feature_x, reverse_feature_y, ca])\n", "step": null, "ts": 1644296279.8012292}]}, "version": 39}
{"obj": {"type": "LogStrings", "path": ["monitoring", "stderr"], "values": [{"value": "", "step": null, "ts": 1644296279.8012702}]}, "version": 40}
{"obj": {"type": "LogStrings", "path": ["monitoring", "stderr"], "values": [{"value": "  File \"/home/jun/anaconda3/envs/cyclegan/lib/python3.8/site-packages/torch/nn/modules/module.py\", line 1051, in _call_impl\n    return forward_call(*input, **kwargs)\n", "step": null, "ts": 1644296279.8013086}]}, "version": 41}
{"obj": {"type": "LogStrings", "path": ["monitoring", "stderr"], "values": [{"value": "", "step": null, "ts": 1644296279.8013434}]}, "version": 42}
{"obj": {"type": "LogStrings", "path": ["monitoring", "stderr"], "values": [{"value": "  File \"/home/jun/GoogleDrive/project/DANN_RegClustering/models/resnet.py\", line 37, in forward\n    return_list = [torch.mm(input_list[i], self.random_matrix[i]) for i in range(self.input_num)]\n", "step": null, "ts": 1644296279.8013816}]}, "version": 43}
{"obj": {"type": "LogStrings", "path": ["monitoring", "stderr"], "values": [{"value": "", "step": null, "ts": 1644296279.8014169}]}, "version": 44}
{"obj": {"type": "LogStrings", "path": ["monitoring", "stderr"], "values": [{"value": "  File \"/home/jun/GoogleDrive/project/DANN_RegClustering/models/resnet.py\", line 37, in <listcomp>\n    return_list = [torch.mm(input_list[i], self.random_matrix[i]) for i in range(self.input_num)]\n", "step": null, "ts": 1644296279.8014543}]}, "version": 45}
{"obj": {"type": "LogStrings", "path": ["monitoring", "stderr"], "values": [{"value": "", "step": null, "ts": 1644296279.801489}]}, "version": 46}
{"obj": {"type": "LogStrings", "path": ["monitoring", "stderr"], "values": [{"value": "RuntimeError: Expected all tensors to be on the same device, but found at least two devices, cuda:0 and cpu! (when checking arugment for argument mat2 in method wrapper_mm)\n", "step": null, "ts": 1644296279.8015327}]}, "version": 47}
{"obj": {"type": "LogStrings", "path": ["monitoring", "stderr"], "values": [{"value": "", "step": null, "ts": 1644296279.801569}]}, "version": 48}
{"obj": {"type": "LogStrings", "path": ["monitoring", "stderr"], "values": [{"value": "\nIf you suspect this is an IPython 7.27.0 bug, please report it at:\n    https://github.com/ipython/ipython/issues\nor send an email to the mailing list at ipython-dev@python.org\n\nYou can print a more detailed traceback right now with \"%tb\", or use \"%debug\"\nto interactively debug it.\n\nExtra-detailed tracebacks for bug-reporting purposes can be enabled via:\n    %config Application.verbose_crash=True\n", "step": null, "ts": 1644296279.801632}]}, "version": 49}
{"obj": {"type": "LogStrings", "path": ["monitoring", "stderr"], "values": [{"value": "\n", "step": null, "ts": 1644296279.8016734}]}, "version": 50}
{"obj": {"type": "LogStrings", "path": ["monitoring", "stdout"], "values": [{"value": "Shutting down background jobs, please wait a moment...\n", "step": null, "ts": 1644296279.8017607}]}, "version": 51}
