{"obj": {"type": "AssignString", "path": ["sys", "name"], "value": "Untitled"}, "version": 1}
{"obj": {"type": "AssignString", "path": ["sys", "description"], "value": ""}, "version": 2}
{"obj": {"type": "AssignString", "path": ["sys", "hostname"], "value": "jun-XPS-8940"}, "version": 3}
{"obj": {"type": "AssignBool", "path": ["sys", "failed"], "value": false}, "version": 4}
{"obj": {"type": "ClearStringLog", "path": ["monitoring", "stdout"]}, "version": 5}
{"obj": {"type": "ClearStringLog", "path": ["monitoring", "stderr"]}, "version": 6}
{"obj": {"type": "ConfigFloatSeries", "path": ["monitoring", "cpu"], "min": 0.0, "max": 100.0, "unit": "%"}, "version": 7}
{"obj": {"type": "ClearFloatLog", "path": ["monitoring", "cpu"]}, "version": 8}
{"obj": {"type": "ConfigFloatSeries", "path": ["monitoring", "memory"], "min": 0.0, "max": 15.308197021484375, "unit": "GB"}, "version": 9}
{"obj": {"type": "ClearFloatLog", "path": ["monitoring", "memory"]}, "version": 10}
{"obj": {"type": "ConfigFloatSeries", "path": ["monitoring", "gpu"], "min": 0.0, "max": 100.0, "unit": "%"}, "version": 11}
{"obj": {"type": "ClearFloatLog", "path": ["monitoring", "gpu"]}, "version": 12}
{"obj": {"type": "ConfigFloatSeries", "path": ["monitoring", "gpu_memory"], "min": 0.0, "max": 7.77325439453125, "unit": "GB"}, "version": 13}
{"obj": {"type": "ClearFloatLog", "path": ["monitoring", "gpu_memory"]}, "version": 14}
{"obj": {"type": "LogStrings", "path": ["monitoring", "stdout"], "values": [{"value": "", "step": null, "ts": 1642197320.255734}]}, "version": 15}
{"obj": {"type": "LogStrings", "path": ["monitoring", "stdout"], "values": [{"value": "https://app.neptune.ai/junkataoka/SRDC/e/SRDC-35\n", "step": null, "ts": 1642197320.2572448}]}, "version": 16}
{"obj": {"type": "LogStrings", "path": ["monitoring", "stdout"], "values": [{"value": "Remember to stop your run once you\u2019ve finished logging your metadata (https://docs.neptune.ai/api-reference/run#stop). It will be stopped automatically only when the notebook kernel/interactive console is terminated.\n", "step": null, "ts": 1642197320.257598}]}, "version": 17}
{"obj": {"type": "LogFloats", "path": ["monitoring", "cpu"], "values": [{"value": 5.1, "step": null, "ts": 1642197320.24731}]}, "version": 18}
{"obj": {"type": "LogFloats", "path": ["monitoring", "memory"], "values": [{"value": 4.9160614013671875, "step": null, "ts": 1642197320.24731}]}, "version": 19}
{"obj": {"type": "LogFloats", "path": ["monitoring", "gpu"], "values": [{"value": 1.0, "step": null, "ts": 1642197320.24731}]}, "version": 20}
{"obj": {"type": "LogFloats", "path": ["monitoring", "gpu_memory"], "values": [{"value": 1.755859375, "step": null, "ts": 1642197320.24731}]}, "version": 21}
{"obj": {"type": "LogStrings", "path": ["monitoring", "stdout"], "values": [{"value": "begin training", "step": null, "ts": 1642197320.3110158}]}, "version": 22}
{"obj": {"type": "LogStrings", "path": ["monitoring", "stdout"], "values": [{"value": "\n", "step": null, "ts": 1642197320.3111157}]}, "version": 23}
{"obj": {"type": "LogStrings", "path": ["monitoring", "stdout"], "values": [{"value": "Test on T training set - [0][0/13]\tT 0.367 (0.367)\tD 0.275 (0.275)\tT@1 88.889 (88.889)\tT@5 100.000 (100.000)\tL 1.7826 (1.7826)", "step": null, "ts": 1642197326.6156359}]}, "version": 24}
{"obj": {"type": "LogStrings", "path": ["monitoring", "stdout"], "values": [{"value": "\n", "step": null, "ts": 1642197326.6159427}]}, "version": 25}
{"obj": {"type": "LogStrings", "path": ["monitoring", "stdout"], "values": [{"value": "Test on T training set - [0][10/13]\tT 0.194 (0.199)\tD 0.103 (0.108)\tT@1 49.206 (63.925)\tT@5 88.889 (88.312)\tL 2.1772 (2.0574)", "step": null, "ts": 1642197328.4322133}]}, "version": 26}
{"obj": {"type": "LogStrings", "path": ["monitoring", "stdout"], "values": [{"value": "\n", "step": null, "ts": 1642197328.4323626}]}, "version": 27}
{"obj": {"type": "LogStrings", "path": ["monitoring", "stdout"], "values": [{"value": " * Test on T training set - Prec@1 65.283, Prec@5 88.679", "step": null, "ts": 1642197329.2388074}]}, "version": 28}
{"obj": {"type": "LogStrings", "path": ["monitoring", "stdout"], "values": [{"value": "\n", "step": null, "ts": 1642197329.2389276}]}, "version": 29}
{"obj": {"type": "LogStrings", "path": ["monitoring", "stdout"], "values": [{"value": "Test on T test set - [0][0/13]\tTime 0.362 (0.362)\tLoss 1.7826 (1.7826)\tPrec@1 88.889 (88.889)\tPrec@5 100.000 (100.000)", "step": null, "ts": 1642197329.6016076}]}, "version": 30}
{"obj": {"type": "LogStrings", "path": ["monitoring", "stdout"], "values": [{"value": "\n", "step": null, "ts": 1642197329.601874}]}, "version": 31}
{"obj": {"type": "LogFloats", "path": ["monitoring", "cpu"], "values": [{"value": 10.1, "step": null, "ts": 1642197330.2604864}]}, "version": 32}
{"obj": {"type": "LogFloats", "path": ["monitoring", "memory"], "values": [{"value": 5.639362335205078, "step": null, "ts": 1642197330.2604864}]}, "version": 33}
{"obj": {"type": "LogFloats", "path": ["monitoring", "gpu"], "values": [{"value": 40.0, "step": null, "ts": 1642197330.2604864}]}, "version": 34}
{"obj": {"type": "LogFloats", "path": ["monitoring", "gpu_memory"], "values": [{"value": 4.951171875, "step": null, "ts": 1642197330.2604864}]}, "version": 35}
{"obj": {"type": "LogStrings", "path": ["monitoring", "stdout"], "values": [{"value": "Test on T test set - [0][10/13]\tTime 0.189 (0.199)\tLoss 2.1772 (2.0574)\tPrec@1 49.206 (63.925)\tPrec@5 88.889 (88.312)", "step": null, "ts": 1642197331.427467}]}, "version": 36}
{"obj": {"type": "LogStrings", "path": ["monitoring", "stdout"], "values": [{"value": "\n", "step": null, "ts": 1642197331.427629}]}, "version": 37}
{"obj": {"type": "LogStrings", "path": ["monitoring", "stdout"], "values": [{"value": " * Test on T test set - Prec@1 65.283, Prec@5 88.679", "step": null, "ts": 1642197331.7029853}]}, "version": 38}
{"obj": {"type": "LogStrings", "path": ["monitoring", "stdout"], "values": [{"value": "\n", "step": null, "ts": 1642197331.7031133}]}, "version": 39}
{"obj": {"type": "LogStrings", "path": ["monitoring", "stdout"], "values": [{"value": "Epoch 0, K-means clustering 0, Average clustering time 0.006, Prec@1 74.465", "step": null, "ts": 1642197331.7092772}]}, "version": 40}
{"obj": {"type": "LogStrings", "path": ["monitoring", "stdout"], "values": [{"value": "\n", "step": null, "ts": 1642197331.7093437}]}, "version": 41}
{"obj": {"type": "LogStrings", "path": ["monitoring", "stdout"], "values": [{"value": "Epoch 0, K-means clustering 1, Average clustering time 0.029, Prec@1 81.258", "step": null, "ts": 1642197331.7608132}]}, "version": 42}
{"obj": {"type": "LogStrings", "path": ["monitoring", "stdout"], "values": [{"value": "\n", "step": null, "ts": 1642197331.7609289}]}, "version": 43}
{"obj": {"type": "LogStrings", "path": ["monitoring", "stdout"], "values": [{"value": "Epoch 0, K-means clustering 2, Average clustering time 0.034, Prec@1 82.013", "step": null, "ts": 1642197331.8067994}]}, "version": 44}
{"obj": {"type": "LogStrings", "path": ["monitoring", "stdout"], "values": [{"value": "\n", "step": null, "ts": 1642197331.806917}]}, "version": 45}
{"obj": {"type": "LogStrings", "path": ["monitoring", "stdout"], "values": [{"value": "Epoch 0, K-means clustering 3, Average clustering time 0.037, Prec@1 82.138", "step": null, "ts": 1642197331.8508925}]}, "version": 46}
{"obj": {"type": "LogStrings", "path": ["monitoring", "stdout"], "values": [{"value": "\n", "step": null, "ts": 1642197331.851011}]}, "version": 47}
{"obj": {"type": "LogStrings", "path": ["monitoring", "stdout"], "values": [{"value": "Epoch 0, K-means clustering 4, Average clustering time 0.038, Prec@1 82.642", "step": null, "ts": 1642197331.8949304}]}, "version": 48}
{"obj": {"type": "LogStrings", "path": ["monitoring", "stdout"], "values": [{"value": "\n", "step": null, "ts": 1642197331.895048}]}, "version": 49}
{"obj": {"type": "LogStrings", "path": ["monitoring", "stdout"], "values": [{"value": "Epoch 0, K-means clustering 0, Average clustering time 0.001, Prec@1 76.855", "step": null, "ts": 1642197331.9830647}]}, "version": 50}
{"obj": {"type": "LogStrings", "path": ["monitoring", "stdout"], "values": [{"value": "\n", "step": null, "ts": 1642197331.983186}]}, "version": 51}
{"obj": {"type": "LogStrings", "path": ["monitoring", "stdout"], "values": [{"value": "Epoch 0, K-means clustering 1, Average clustering time 0.021, Prec@1 82.767", "step": null, "ts": 1642197332.0253675}]}, "version": 52}
{"obj": {"type": "LogStrings", "path": ["monitoring", "stdout"], "values": [{"value": "\n", "step": null, "ts": 1642197332.025486}]}, "version": 53}
{"obj": {"type": "LogStrings", "path": ["monitoring", "stdout"], "values": [{"value": "Epoch 0, K-means clustering 2, Average clustering time 0.028, Prec@1 83.774", "step": null, "ts": 1642197332.0672543}]}, "version": 54}
{"obj": {"type": "LogStrings", "path": ["monitoring", "stdout"], "values": [{"value": "\n", "step": null, "ts": 1642197332.0673761}]}, "version": 55}
{"obj": {"type": "LogStrings", "path": ["monitoring", "stdout"], "values": [{"value": "Epoch 0, K-means clustering 3, Average clustering time 0.032, Prec@1 84.025", "step": null, "ts": 1642197332.109287}]}, "version": 56}
{"obj": {"type": "LogStrings", "path": ["monitoring", "stdout"], "values": [{"value": "\n", "step": null, "ts": 1642197332.109406}]}, "version": 57}
{"obj": {"type": "LogStrings", "path": ["monitoring", "stdout"], "values": [{"value": "Epoch 0, K-means clustering 4, Average clustering time 0.034, Prec@1 84.528", "step": null, "ts": 1642197332.1511264}]}, "version": 58}
{"obj": {"type": "LogStrings", "path": ["monitoring", "stdout"], "values": [{"value": "\n", "step": null, "ts": 1642197332.1512449}]}, "version": 59}
{"obj": {"type": "LogFloats", "path": ["metrics", "current_acc"], "values": [{"value": 65.28302010590176, "step": null, "ts": 1642197332.3525238}]}, "version": 60}
{"obj": {"type": "LogFloats", "path": ["metrics", "best_acc"], "values": [{"value": 65.28302010590176, "step": null, "ts": 1642197332.3527367}]}, "version": 61}
{"obj": {"type": "LogStrings", "path": ["monitoring", "stdout"], "values": [{"value": "Train - epoch [0/200]\tBT 0.882 (0.882)\tDT 0.000 (0.000)\tS@1 85.000 (85.000)\tLoss 5.2240 (5.2240)", "step": null, "ts": 1642197333.6649113}]}, "version": 62}
{"obj": {"type": "LogStrings", "path": ["monitoring", "stdout"], "values": [{"value": "\n", "step": null, "ts": 1642197333.6650412}]}, "version": 63}
{"obj": {"type": "LogStrings", "path": ["monitoring", "stdout"], "values": [{"value": "The penalty weight is 0.000000", "step": null, "ts": 1642197333.665174}]}, "version": 64}
{"obj": {"type": "LogStrings", "path": ["monitoring", "stdout"], "values": [{"value": "\n", "step": null, "ts": 1642197333.6652856}]}, "version": 65}
{"obj": {"type": "LogStrings", "path": ["monitoring", "stdout"], "values": [{"value": "Train - epoch [0/200]\tBT 0.287 (0.287)\tDT 0.000 (0.000)\tS@1 85.000 (85.000)\tLoss 4.9781 (4.9781)", "step": null, "ts": 1642197336.561988}]}, "version": 66}
{"obj": {"type": "LogStrings", "path": ["monitoring", "stdout"], "values": [{"value": "\n", "step": null, "ts": 1642197336.562135}]}, "version": 67}
{"obj": {"type": "LogStrings", "path": ["monitoring", "stdout"], "values": [{"value": "Train - epoch [0/200]\tBT 0.287 (0.287)\tDT 0.000 (0.000)\tS@1 80.000 (80.000)\tLoss 3.5749 (3.5749)", "step": null, "ts": 1642197339.4484308}]}, "version": 68}
{"obj": {"type": "LogStrings", "path": ["monitoring", "stdout"], "values": [{"value": "\n", "step": null, "ts": 1642197339.4485624}]}, "version": 69}
{"obj": {"type": "LogFloats", "path": ["monitoring", "cpu"], "values": [{"value": 10.3, "step": null, "ts": 1642197340.262191}]}, "version": 70}
{"obj": {"type": "LogFloats", "path": ["monitoring", "memory"], "values": [{"value": 5.7995147705078125, "step": null, "ts": 1642197340.262191}]}, "version": 71}
{"obj": {"type": "LogFloats", "path": ["monitoring", "gpu"], "values": [{"value": 95.0, "step": null, "ts": 1642197340.262191}]}, "version": 72}
{"obj": {"type": "LogFloats", "path": ["monitoring", "gpu_memory"], "values": [{"value": 7.32421875, "step": null, "ts": 1642197340.262191}]}, "version": 73}
{"obj": {"type": "LogStrings", "path": ["monitoring", "stdout"], "values": [{"value": "Train - epoch [0/200]\tBT 0.287 (0.287)\tDT 0.000 (0.000)\tS@1 85.000 (85.000)\tLoss 3.8654 (3.8654)", "step": null, "ts": 1642197342.335694}]}, "version": 74}
{"obj": {"type": "LogStrings", "path": ["monitoring", "stdout"], "values": [{"value": "\n", "step": null, "ts": 1642197342.3358212}]}, "version": 75}
{"obj": {"type": "LogStrings", "path": ["monitoring", "stdout"], "values": [{"value": "Train - epoch [0/200]\tBT 0.287 (0.287)\tDT 0.000 (0.000)\tS@1 95.000 (95.000)\tLoss 4.0763 (4.0763)", "step": null, "ts": 1642197345.3601172}]}, "version": 76}
{"obj": {"type": "LogStrings", "path": ["monitoring", "stdout"], "values": [{"value": "\n", "step": null, "ts": 1642197345.3603437}]}, "version": 77}
{"obj": {"type": "LogStrings", "path": ["monitoring", "stdout"], "values": [{"value": "Train - epoch [0/200]\tBT 0.287 (0.287)\tDT 0.000 (0.000)\tS@1 90.000 (90.000)\tLoss 3.4823 (3.4823)", "step": null, "ts": 1642197348.2476106}]}, "version": 78}
{"obj": {"type": "LogStrings", "path": ["monitoring", "stdout"], "values": [{"value": "\n", "step": null, "ts": 1642197348.247744}]}, "version": 79}
{"obj": {"type": "LogFloats", "path": ["monitoring", "cpu"], "values": [{"value": 11.1, "step": null, "ts": 1642197350.263634}]}, "version": 80}
{"obj": {"type": "LogFloats", "path": ["monitoring", "memory"], "values": [{"value": 5.811492919921875, "step": null, "ts": 1642197350.263634}]}, "version": 81}
{"obj": {"type": "LogFloats", "path": ["monitoring", "gpu"], "values": [{"value": 95.0, "step": null, "ts": 1642197350.263634}]}, "version": 82}
{"obj": {"type": "LogFloats", "path": ["monitoring", "gpu_memory"], "values": [{"value": 7.32421875, "step": null, "ts": 1642197350.263634}]}, "version": 83}
{"obj": {"type": "LogStrings", "path": ["monitoring", "stdout"], "values": [{"value": "Train - epoch [0/200]\tBT 0.288 (0.288)\tDT 0.000 (0.000)\tS@1 85.000 (85.000)\tLoss 3.1949 (3.1949)", "step": null, "ts": 1642197351.1494677}]}, "version": 84}
{"obj": {"type": "LogStrings", "path": ["monitoring", "stdout"], "values": [{"value": "\n", "step": null, "ts": 1642197351.1495934}]}, "version": 85}
{"obj": {"type": "LogStrings", "path": ["monitoring", "stdout"], "values": [{"value": "Train - epoch [0/200]\tBT 0.286 (0.286)\tDT 0.000 (0.000)\tS@1 90.000 (90.000)\tLoss 3.8198 (3.8198)", "step": null, "ts": 1642197354.0510464}]}, "version": 86}
{"obj": {"type": "LogStrings", "path": ["monitoring", "stdout"], "values": [{"value": "\n", "step": null, "ts": 1642197354.0511773}]}, "version": 87}
{"obj": {"type": "LogStrings", "path": ["monitoring", "stdout"], "values": [{"value": "Train - epoch [0/200]\tBT 0.290 (0.290)\tDT 0.000 (0.000)\tS@1 80.000 (80.000)\tLoss 3.7179 (3.7179)", "step": null, "ts": 1642197357.0899334}]}, "version": 88}
{"obj": {"type": "LogStrings", "path": ["monitoring", "stdout"], "values": [{"value": "\n", "step": null, "ts": 1642197357.0901523}]}, "version": 89}
{"obj": {"type": "LogStrings", "path": ["monitoring", "stdout"], "values": [{"value": "Train - epoch [0/200]\tBT 0.289 (0.289)\tDT 0.000 (0.000)\tS@1 95.000 (95.000)\tLoss 2.7394 (2.7394)", "step": null, "ts": 1642197359.992834}]}, "version": 90}
{"obj": {"type": "LogStrings", "path": ["monitoring", "stdout"], "values": [{"value": "\n", "step": null, "ts": 1642197359.9929605}]}, "version": 91}
{"obj": {"type": "LogFloats", "path": ["monitoring", "cpu"], "values": [{"value": 11.2, "step": null, "ts": 1642197360.265926}]}, "version": 92}
{"obj": {"type": "LogFloats", "path": ["monitoring", "memory"], "values": [{"value": 5.843025207519531, "step": null, "ts": 1642197360.265926}]}, "version": 93}
{"obj": {"type": "LogFloats", "path": ["monitoring", "gpu"], "values": [{"value": 95.0, "step": null, "ts": 1642197360.265926}]}, "version": 94}
{"obj": {"type": "LogFloats", "path": ["monitoring", "gpu_memory"], "values": [{"value": 7.32421875, "step": null, "ts": 1642197360.265926}]}, "version": 95}
{"obj": {"type": "LogStrings", "path": ["monitoring", "stdout"], "values": [{"value": "Train - epoch [0/200]\tBT 0.288 (0.288)\tDT 0.000 (0.000)\tS@1 90.000 (90.000)\tLoss 2.5646 (2.5646)", "step": null, "ts": 1642197362.8977966}]}, "version": 96}
{"obj": {"type": "LogStrings", "path": ["monitoring", "stdout"], "values": [{"value": "\n", "step": null, "ts": 1642197362.8979504}]}, "version": 97}
{"obj": {"type": "LogStrings", "path": ["monitoring", "stdout"], "values": [{"value": "Train - epoch [0/200]\tBT 0.290 (0.290)\tDT 0.000 (0.000)\tS@1 85.000 (85.000)\tLoss 2.9623 (2.9623)", "step": null, "ts": 1642197365.8071094}]}, "version": 98}
{"obj": {"type": "LogStrings", "path": ["monitoring", "stdout"], "values": [{"value": "\n", "step": null, "ts": 1642197365.8072388}]}, "version": 99}
{"obj": {"type": "LogStrings", "path": ["monitoring", "stdout"], "values": [{"value": "Train - epoch [0/200]\tBT 0.289 (0.289)\tDT 0.000 (0.000)\tS@1 80.000 (80.000)\tLoss 3.4333 (3.4333)", "step": null, "ts": 1642197368.8456328}]}, "version": 100}
{"obj": {"type": "LogStrings", "path": ["monitoring", "stdout"], "values": [{"value": "\n", "step": null, "ts": 1642197368.845789}]}, "version": 101}
{"obj": {"type": "LogFloats", "path": ["monitoring", "cpu"], "values": [{"value": 11.4, "step": null, "ts": 1642197370.2676916}]}, "version": 102}
{"obj": {"type": "LogFloats", "path": ["monitoring", "memory"], "values": [{"value": 5.815616607666016, "step": null, "ts": 1642197370.2676916}]}, "version": 103}
{"obj": {"type": "LogFloats", "path": ["monitoring", "gpu"], "values": [{"value": 99.0, "step": null, "ts": 1642197370.2676916}]}, "version": 104}
{"obj": {"type": "LogFloats", "path": ["monitoring", "gpu_memory"], "values": [{"value": 7.32421875, "step": null, "ts": 1642197370.2676916}]}, "version": 105}
{"obj": {"type": "LogStrings", "path": ["monitoring", "stdout"], "values": [{"value": "Train - epoch [0/200]\tBT 0.290 (0.290)\tDT 0.000 (0.000)\tS@1 85.000 (85.000)\tLoss 3.0747 (3.0747)", "step": null, "ts": 1642197371.7605808}]}, "version": 106}
{"obj": {"type": "LogStrings", "path": ["monitoring", "stdout"], "values": [{"value": "\n", "step": null, "ts": 1642197371.7607148}]}, "version": 107}
{"obj": {"type": "LogStrings", "path": ["monitoring", "stdout"], "values": [{"value": "Test on T training set - [0][0/13]\tT 0.366 (0.366)\tD 0.273 (0.273)\tT@1 100.000 (100.000)\tT@5 100.000 (100.000)\tL 0.7899 (0.7899)", "step": null, "ts": 1642197379.37455}]}, "version": 108}
{"obj": {"type": "LogStrings", "path": ["monitoring", "stdout"], "values": [{"value": "\n", "step": null, "ts": 1642197379.37479}]}, "version": 109}
{"obj": {"type": "LogFloats", "path": ["monitoring", "cpu"], "values": [{"value": 11.6, "step": null, "ts": 1642197380.2693305}]}, "version": 110}
{"obj": {"type": "LogFloats", "path": ["monitoring", "memory"], "values": [{"value": 5.886402130126953, "step": null, "ts": 1642197380.2693305}]}, "version": 111}
{"obj": {"type": "LogFloats", "path": ["monitoring", "gpu"], "values": [{"value": 39.0, "step": null, "ts": 1642197380.2693305}]}, "version": 112}
{"obj": {"type": "LogFloats", "path": ["monitoring", "gpu_memory"], "values": [{"value": 7.361328125, "step": null, "ts": 1642197380.2693305}]}, "version": 113}
{"obj": {"type": "LogStrings", "path": ["monitoring", "stdout"], "values": [{"value": "Test on T training set - [0][10/13]\tT 0.188 (0.200)\tD 0.097 (0.108)\tT@1 68.254 (78.788)\tT@5 93.651 (94.517)\tL 1.4669 (1.3164)", "step": null, "ts": 1642197381.2054005}]}, "version": 114}
{"obj": {"type": "LogStrings", "path": ["monitoring", "stdout"], "values": [{"value": "\n", "step": null, "ts": 1642197381.2055478}]}, "version": 115}
{"obj": {"type": "LogStrings", "path": ["monitoring", "stdout"], "values": [{"value": " * Test on T training set - Prec@1 78.113, Prec@5 94.591", "step": null, "ts": 1642197381.4802313}]}, "version": 116}
{"obj": {"type": "LogStrings", "path": ["monitoring", "stdout"], "values": [{"value": "\n", "step": null, "ts": 1642197381.4803536}]}, "version": 117}
{"obj": {"type": "LogStrings", "path": ["monitoring", "stdout"], "values": [{"value": "Test on T test set - [0][0/13]\tTime 0.372 (0.372)\tLoss 0.7899 (0.7899)\tPrec@1 100.000 (100.000)\tPrec@5 100.000 (100.000)", "step": null, "ts": 1642197381.85308}]}, "version": 118}
{"obj": {"type": "LogStrings", "path": ["monitoring", "stdout"], "values": [{"value": "\n", "step": null, "ts": 1642197381.8533196}]}, "version": 119}
{"obj": {"type": "LogStrings", "path": ["monitoring", "stdout"], "values": [{"value": "Test on T test set - [0][10/13]\tTime 0.187 (0.199)\tLoss 1.4669 (1.3164)\tPrec@1 68.254 (78.788)\tPrec@5 93.651 (94.517)", "step": null, "ts": 1642197383.6707492}]}, "version": 120}
{"obj": {"type": "LogStrings", "path": ["monitoring", "stdout"], "values": [{"value": "\n", "step": null, "ts": 1642197383.6709192}]}, "version": 121}
{"obj": {"type": "LogStrings", "path": ["monitoring", "stdout"], "values": [{"value": " * Test on T test set - Prec@1 78.113, Prec@5 94.591", "step": null, "ts": 1642197383.9535327}]}, "version": 122}
{"obj": {"type": "LogStrings", "path": ["monitoring", "stdout"], "values": [{"value": "\n", "step": null, "ts": 1642197383.953652}]}, "version": 123}
{"obj": {"type": "LogStrings", "path": ["monitoring", "stdout"], "values": [{"value": "Epoch 0, K-means clustering 0, Average clustering time 0.025, Prec@1 87.673", "step": null, "ts": 1642197383.9789827}]}, "version": 124}
{"obj": {"type": "LogStrings", "path": ["monitoring", "stdout"], "values": [{"value": "\n", "step": null, "ts": 1642197383.9790576}]}, "version": 125}
{"obj": {"type": "LogStrings", "path": ["monitoring", "stdout"], "values": [{"value": "Epoch 0, K-means clustering 1, Average clustering time 0.041, Prec@1 88.931", "step": null, "ts": 1642197384.0357153}]}, "version": 126}
{"obj": {"type": "LogStrings", "path": ["monitoring", "stdout"], "values": [{"value": "\n", "step": null, "ts": 1642197384.0358503}]}, "version": 127}
{"obj": {"type": "LogStrings", "path": ["monitoring", "stdout"], "values": [{"value": "Epoch 0, K-means clustering 2, Average clustering time 0.042, Prec@1 89.182", "step": null, "ts": 1642197384.079976}]}, "version": 128}
{"obj": {"type": "LogStrings", "path": ["monitoring", "stdout"], "values": [{"value": "\n", "step": null, "ts": 1642197384.0800955}]}, "version": 129}
{"obj": {"type": "LogStrings", "path": ["monitoring", "stdout"], "values": [{"value": "Epoch 0, K-means clustering 3, Average clustering time 0.042, Prec@1 88.553", "step": null, "ts": 1642197384.1225712}]}, "version": 130}
{"obj": {"type": "LogStrings", "path": ["monitoring", "stdout"], "values": [{"value": "\n", "step": null, "ts": 1642197384.122692}]}, "version": 131}
{"obj": {"type": "LogStrings", "path": ["monitoring", "stdout"], "values": [{"value": "Epoch 0, K-means clustering 4, Average clustering time 0.042, Prec@1 88.176", "step": null, "ts": 1642197384.1649783}]}, "version": 132}
{"obj": {"type": "LogStrings", "path": ["monitoring", "stdout"], "values": [{"value": "\n", "step": null, "ts": 1642197384.1650987}]}, "version": 133}
{"obj": {"type": "LogStrings", "path": ["monitoring", "stdout"], "values": [{"value": "Epoch 0, K-means clustering 0, Average clustering time 0.001, Prec@1 86.918", "step": null, "ts": 1642197384.2507865}]}, "version": 134}
{"obj": {"type": "LogStrings", "path": ["monitoring", "stdout"], "values": [{"value": "\n", "step": null, "ts": 1642197384.2509055}]}, "version": 135}
{"obj": {"type": "LogStrings", "path": ["monitoring", "stdout"], "values": [{"value": "Epoch 0, K-means clustering 1, Average clustering time 0.021, Prec@1 88.302", "step": null, "ts": 1642197384.2918022}]}, "version": 136}
{"obj": {"type": "LogStrings", "path": ["monitoring", "stdout"], "values": [{"value": "\n", "step": null, "ts": 1642197384.2919226}]}, "version": 137}
{"obj": {"type": "LogStrings", "path": ["monitoring", "stdout"], "values": [{"value": "Epoch 0, K-means clustering 2, Average clustering time 0.028, Prec@1 88.302", "step": null, "ts": 1642197384.3343613}]}, "version": 138}
{"obj": {"type": "LogStrings", "path": ["monitoring", "stdout"], "values": [{"value": "\n", "step": null, "ts": 1642197384.3344624}]}, "version": 139}
{"obj": {"type": "LogStrings", "path": ["monitoring", "stdout"], "values": [{"value": "Epoch 0, K-means clustering 3, Average clustering time 0.031, Prec@1 87.925", "step": null, "ts": 1642197384.3759837}]}, "version": 140}
{"obj": {"type": "LogStrings", "path": ["monitoring", "stdout"], "values": [{"value": "\n", "step": null, "ts": 1642197384.3761036}]}, "version": 141}
{"obj": {"type": "LogStrings", "path": ["monitoring", "stdout"], "values": [{"value": "Epoch 0, K-means clustering 4, Average clustering time 0.033, Prec@1 87.547", "step": null, "ts": 1642197384.4171555}]}, "version": 142}
{"obj": {"type": "LogStrings", "path": ["monitoring", "stdout"], "values": [{"value": "\n", "step": null, "ts": 1642197384.4172826}]}, "version": 143}
{"obj": {"type": "LogFloats", "path": ["metrics", "current_acc"], "values": [{"value": 78.11320887151754, "step": null, "ts": 1642197384.7386055}]}, "version": 144}
{"obj": {"type": "LogFloats", "path": ["metrics", "best_acc"], "values": [{"value": 78.11320887151754, "step": null, "ts": 1642197384.73876}]}, "version": 145}
{"obj": {"type": "LogStrings", "path": ["monitoring", "stdout"], "values": [{"value": "Train - epoch [1/200]\tBT 0.260 (0.260)\tDT 0.000 (0.000)\tS@1 85.000 (85.000)\tLoss 4.2068 (4.2068)", "step": null, "ts": 1642197385.363455}]}, "version": 146}
{"obj": {"type": "LogStrings", "path": ["monitoring", "stdout"], "values": [{"value": "\n", "step": null, "ts": 1642197385.3635893}]}, "version": 147}
{"obj": {"type": "LogStrings", "path": ["monitoring", "stdout"], "values": [{"value": "The penalty weight is 0.024995", "step": null, "ts": 1642197385.3637893}]}, "version": 148}
{"obj": {"type": "LogStrings", "path": ["monitoring", "stdout"], "values": [{"value": "\n", "step": null, "ts": 1642197385.3638551}]}, "version": 149}
{"obj": {"type": "LogStrings", "path": ["monitoring", "stdout"], "values": [{"value": "Train - epoch [1/200]\tBT 0.290 (0.290)\tDT 0.000 (0.000)\tS@1 90.000 (90.000)\tLoss 3.6280 (3.6280)", "step": null, "ts": 1642197388.2774093}]}, "version": 150}
{"obj": {"type": "LogStrings", "path": ["monitoring", "stdout"], "values": [{"value": "\n", "step": null, "ts": 1642197388.2775462}]}, "version": 151}
{"obj": {"type": "LogFloats", "path": ["monitoring", "cpu"], "values": [{"value": 10.5, "step": null, "ts": 1642197390.271054}]}, "version": 152}
{"obj": {"type": "LogFloats", "path": ["monitoring", "memory"], "values": [{"value": 5.814605712890625, "step": null, "ts": 1642197390.271054}]}, "version": 153}
{"obj": {"type": "LogFloats", "path": ["monitoring", "gpu"], "values": [{"value": 95.0, "step": null, "ts": 1642197390.271054}]}, "version": 154}
{"obj": {"type": "LogFloats", "path": ["monitoring", "gpu_memory"], "values": [{"value": 7.548828125, "step": null, "ts": 1642197390.271054}]}, "version": 155}
{"obj": {"type": "LogStrings", "path": ["monitoring", "stdout"], "values": [{"value": "Train - epoch [1/200]\tBT 0.290 (0.290)\tDT 0.000 (0.000)\tS@1 90.000 (90.000)\tLoss 3.7982 (3.7982)", "step": null, "ts": 1642197391.197453}]}, "version": 156}
{"obj": {"type": "LogStrings", "path": ["monitoring", "stdout"], "values": [{"value": "\n", "step": null, "ts": 1642197391.197581}]}, "version": 157}
{"obj": {"type": "LogStrings", "path": ["monitoring", "stdout"], "values": [{"value": "Train - epoch [1/200]\tBT 0.291 (0.291)\tDT 0.000 (0.000)\tS@1 95.000 (95.000)\tLoss 3.8690 (3.8690)", "step": null, "ts": 1642197394.1158683}]}, "version": 158}
{"obj": {"type": "LogStrings", "path": ["monitoring", "stdout"], "values": [{"value": "\n", "step": null, "ts": 1642197394.1159947}]}, "version": 159}
{"obj": {"type": "LogStrings", "path": ["monitoring", "stdout"], "values": [{"value": "Train - epoch [1/200]\tBT 0.289 (0.289)\tDT 0.000 (0.000)\tS@1 95.000 (95.000)\tLoss 3.4927 (3.4927)", "step": null, "ts": 1642197397.1595457}]}, "version": 160}
{"obj": {"type": "LogStrings", "path": ["monitoring", "stdout"], "values": [{"value": "\n", "step": null, "ts": 1642197397.1597908}]}, "version": 161}
{"obj": {"type": "LogStrings", "path": ["monitoring", "stdout"], "values": [{"value": "Train - epoch [1/200]\tBT 0.291 (0.291)\tDT 0.000 (0.000)\tS@1 95.000 (95.000)\tLoss 3.7045 (3.7045)", "step": null, "ts": 1642197400.0811918}]}, "version": 162}
{"obj": {"type": "LogStrings", "path": ["monitoring", "stdout"], "values": [{"value": "\n", "step": null, "ts": 1642197400.0814235}]}, "version": 163}
{"obj": {"type": "LogFloats", "path": ["monitoring", "cpu"], "values": [{"value": 11.3, "step": null, "ts": 1642197400.272577}]}, "version": 164}
{"obj": {"type": "LogFloats", "path": ["monitoring", "memory"], "values": [{"value": 5.845668792724609, "step": null, "ts": 1642197400.272577}]}, "version": 165}
{"obj": {"type": "LogFloats", "path": ["monitoring", "gpu"], "values": [{"value": 95.0, "step": null, "ts": 1642197400.272577}]}, "version": 166}
{"obj": {"type": "LogFloats", "path": ["monitoring", "gpu_memory"], "values": [{"value": 7.548828125, "step": null, "ts": 1642197400.272577}]}, "version": 167}
{"obj": {"type": "LogStrings", "path": ["monitoring", "stdout"], "values": [{"value": "Train - epoch [1/200]\tBT 0.290 (0.290)\tDT 0.000 (0.000)\tS@1 100.000 (100.000)\tLoss 2.9714 (2.9714)", "step": null, "ts": 1642197403.002589}]}, "version": 168}
{"obj": {"type": "LogStrings", "path": ["monitoring", "stdout"], "values": [{"value": "\n", "step": null, "ts": 1642197403.0027146}]}, "version": 169}
{"obj": {"type": "LogStrings", "path": ["monitoring", "stdout"], "values": [{"value": "Train - epoch [1/200]\tBT 0.290 (0.290)\tDT 0.000 (0.000)\tS@1 95.000 (95.000)\tLoss 3.6384 (3.6384)", "step": null, "ts": 1642197405.924525}]}, "version": 170}
{"obj": {"type": "LogStrings", "path": ["monitoring", "stdout"], "values": [{"value": "\n", "step": null, "ts": 1642197405.9246292}]}, "version": 171}
{"obj": {"type": "LogStrings", "path": ["monitoring", "stdout"], "values": [{"value": "Train - epoch [1/200]\tBT 0.289 (0.289)\tDT 0.000 (0.000)\tS@1 90.000 (90.000)\tLoss 2.4548 (2.4548)", "step": null, "ts": 1642197408.9765794}]}, "version": 172}
{"obj": {"type": "LogStrings", "path": ["monitoring", "stdout"], "values": [{"value": "\n", "step": null, "ts": 1642197408.9768038}]}, "version": 173}
{"obj": {"type": "LogFloats", "path": ["monitoring", "cpu"], "values": [{"value": 11.3, "step": null, "ts": 1642197410.2749107}]}, "version": 174}
{"obj": {"type": "LogFloats", "path": ["monitoring", "memory"], "values": [{"value": 5.812473297119141, "step": null, "ts": 1642197410.2749107}]}, "version": 175}
{"obj": {"type": "LogFloats", "path": ["monitoring", "gpu"], "values": [{"value": 95.0, "step": null, "ts": 1642197410.2749107}]}, "version": 176}
{"obj": {"type": "LogFloats", "path": ["monitoring", "gpu_memory"], "values": [{"value": 7.548828125, "step": null, "ts": 1642197410.2749107}]}, "version": 177}
{"obj": {"type": "LogStrings", "path": ["monitoring", "stdout"], "values": [{"value": "Train - epoch [1/200]\tBT 0.292 (0.292)\tDT 0.000 (0.000)\tS@1 90.000 (90.000)\tLoss 3.1003 (3.1003)", "step": null, "ts": 1642197411.8993194}]}, "version": 178}
{"obj": {"type": "LogStrings", "path": ["monitoring", "stdout"], "values": [{"value": "\n", "step": null, "ts": 1642197411.8994472}]}, "version": 179}
{"obj": {"type": "LogStrings", "path": ["monitoring", "stdout"], "values": [{"value": "Train - epoch [1/200]\tBT 0.291 (0.291)\tDT 0.000 (0.000)\tS@1 80.000 (80.000)\tLoss 3.9088 (3.9088)", "step": null, "ts": 1642197414.8187046}]}, "version": 180}
{"obj": {"type": "LogStrings", "path": ["monitoring", "stdout"], "values": [{"value": "\n", "step": null, "ts": 1642197414.81883}]}, "version": 181}
{"obj": {"type": "LogStrings", "path": ["monitoring", "stdout"], "values": [{"value": "Train - epoch [1/200]\tBT 0.291 (0.291)\tDT 0.000 (0.000)\tS@1 95.000 (95.000)\tLoss 2.6671 (2.6671)", "step": null, "ts": 1642197417.744401}]}, "version": 182}
{"obj": {"type": "LogStrings", "path": ["monitoring", "stdout"], "values": [{"value": "\n", "step": null, "ts": 1642197417.744532}]}, "version": 183}
{"obj": {"type": "LogFloats", "path": ["monitoring", "cpu"], "values": [{"value": 11.2, "step": null, "ts": 1642197420.276574}]}, "version": 184}
{"obj": {"type": "LogFloats", "path": ["monitoring", "memory"], "values": [{"value": 5.829807281494141, "step": null, "ts": 1642197420.276574}]}, "version": 185}
{"obj": {"type": "LogFloats", "path": ["monitoring", "gpu"], "values": [{"value": 95.0, "step": null, "ts": 1642197420.276574}]}, "version": 186}
{"obj": {"type": "LogFloats", "path": ["monitoring", "gpu_memory"], "values": [{"value": 7.548828125, "step": null, "ts": 1642197420.276574}]}, "version": 187}
{"obj": {"type": "LogStrings", "path": ["monitoring", "stdout"], "values": [{"value": "Train - epoch [1/200]\tBT 0.290 (0.290)\tDT 0.000 (0.000)\tS@1 85.000 (85.000)\tLoss 2.0965 (2.0965)", "step": null, "ts": 1642197420.7974226}]}, "version": 188}
{"obj": {"type": "LogStrings", "path": ["monitoring", "stdout"], "values": [{"value": "\n", "step": null, "ts": 1642197420.7975588}]}, "version": 189}
{"obj": {"type": "LogStrings", "path": ["monitoring", "stdout"], "values": [{"value": "Train - epoch [1/200]\tBT 0.290 (0.290)\tDT 0.000 (0.000)\tS@1 85.000 (85.000)\tLoss 3.3908 (3.3908)", "step": null, "ts": 1642197423.719066}]}, "version": 190}
{"obj": {"type": "LogStrings", "path": ["monitoring", "stdout"], "values": [{"value": "\n", "step": null, "ts": 1642197423.7192004}]}, "version": 191}
{"obj": {"type": "LogFloats", "path": ["monitoring", "cpu"], "values": [{"value": 11.9, "step": null, "ts": 1642197430.2793329}]}, "version": 192}
{"obj": {"type": "LogFloats", "path": ["monitoring", "memory"], "values": [{"value": 5.977199554443359, "step": null, "ts": 1642197430.2793329}]}, "version": 193}
{"obj": {"type": "LogFloats", "path": ["monitoring", "gpu"], "values": [{"value": 89.0, "step": null, "ts": 1642197430.2793329}]}, "version": 194}
{"obj": {"type": "LogFloats", "path": ["monitoring", "gpu_memory"], "values": [{"value": 3.12890625, "step": null, "ts": 1642197430.2793329}]}, "version": 195}
{"obj": {"type": "LogStrings", "path": ["monitoring", "stdout"], "values": [{"value": "Test on T training set - [1][0/13]\tT 0.368 (0.368)\tD 0.276 (0.276)\tT@1 100.000 (100.000)\tT@5 100.000 (100.000)\tL 0.5555 (0.5555)", "step": null, "ts": 1642197431.3085952}]}, "version": 196}
{"obj": {"type": "LogStrings", "path": ["monitoring", "stdout"], "values": [{"value": "\n", "step": null, "ts": 1642197431.308848}]}, "version": 197}
{"obj": {"type": "LogStrings", "path": ["monitoring", "stdout"], "values": [{"value": "Test on T training set - [1][10/13]\tT 0.195 (0.200)\tD 0.103 (0.108)\tT@1 69.841 (81.530)\tT@5 98.413 (95.094)\tL 1.2487 (1.0916)", "step": null, "ts": 1642197433.13676}]}, "version": 198}
{"obj": {"type": "LogStrings", "path": ["monitoring", "stdout"], "values": [{"value": "\n", "step": null, "ts": 1642197433.13691}]}, "version": 199}
{"obj": {"type": "LogStrings", "path": ["monitoring", "stdout"], "values": [{"value": " * Test on T training set - Prec@1 80.252, Prec@5 95.220", "step": null, "ts": 1642197433.4101908}]}, "version": 200}
{"obj": {"type": "LogStrings", "path": ["monitoring", "stdout"], "values": [{"value": "\n", "step": null, "ts": 1642197433.4103138}]}, "version": 201}
{"obj": {"type": "LogStrings", "path": ["monitoring", "stdout"], "values": [{"value": "Test on T test set - [1][0/13]\tTime 0.365 (0.365)\tLoss 0.5555 (0.5555)\tPrec@1 100.000 (100.000)\tPrec@5 100.000 (100.000)", "step": null, "ts": 1642197433.7765927}]}, "version": 202}
{"obj": {"type": "LogStrings", "path": ["monitoring", "stdout"], "values": [{"value": "\n", "step": null, "ts": 1642197433.7768643}]}, "version": 203}
{"obj": {"type": "LogStrings", "path": ["monitoring", "stdout"], "values": [{"value": "Test on T test set - [1][10/13]\tTime 0.188 (0.199)\tLoss 1.2487 (1.0916)\tPrec@1 69.841 (81.530)\tPrec@5 98.413 (95.094)", "step": null, "ts": 1642197435.598562}]}, "version": 204}
{"obj": {"type": "LogStrings", "path": ["monitoring", "stdout"], "values": [{"value": "\n", "step": null, "ts": 1642197435.598718}]}, "version": 205}
{"obj": {"type": "LogStrings", "path": ["monitoring", "stdout"], "values": [{"value": " * Test on T test set - Prec@1 80.252, Prec@5 95.220", "step": null, "ts": 1642197435.8727198}]}, "version": 206}
{"obj": {"type": "LogStrings", "path": ["monitoring", "stdout"], "values": [{"value": "\n", "step": null, "ts": 1642197435.8728356}]}, "version": 207}
{"obj": {"type": "LogStrings", "path": ["monitoring", "stdout"], "values": [{"value": "Epoch 1, K-means clustering 0, Average clustering time 0.006, Prec@1 88.176", "step": null, "ts": 1642197435.8796163}]}, "version": 208}
{"obj": {"type": "LogStrings", "path": ["monitoring", "stdout"], "values": [{"value": "\n", "step": null, "ts": 1642197435.8796773}]}, "version": 209}
{"obj": {"type": "LogStrings", "path": ["monitoring", "stdout"], "values": [{"value": "Epoch 1, K-means clustering 1, Average clustering time 0.031, Prec@1 88.805", "step": null, "ts": 1642197435.9344604}]}, "version": 210}
{"obj": {"type": "LogStrings", "path": ["monitoring", "stdout"], "values": [{"value": "\n", "step": null, "ts": 1642197435.9345813}]}, "version": 211}
{"obj": {"type": "LogStrings", "path": ["monitoring", "stdout"], "values": [{"value": "Epoch 1, K-means clustering 2, Average clustering time 0.035, Prec@1 89.057", "step": null, "ts": 1642197435.9773352}]}, "version": 212}
{"obj": {"type": "LogStrings", "path": ["monitoring", "stdout"], "values": [{"value": "\n", "step": null, "ts": 1642197435.9774547}]}, "version": 213}
{"obj": {"type": "LogStrings", "path": ["monitoring", "stdout"], "values": [{"value": "Epoch 1, K-means clustering 3, Average clustering time 0.037, Prec@1 89.308", "step": null, "ts": 1642197436.0196571}]}, "version": 214}
{"obj": {"type": "LogStrings", "path": ["monitoring", "stdout"], "values": [{"value": "\n", "step": null, "ts": 1642197436.019776}]}, "version": 215}
{"obj": {"type": "LogStrings", "path": ["monitoring", "stdout"], "values": [{"value": "Epoch 1, K-means clustering 4, Average clustering time 0.038, Prec@1 89.308", "step": null, "ts": 1642197436.0621684}]}, "version": 216}
{"obj": {"type": "LogStrings", "path": ["monitoring", "stdout"], "values": [{"value": "\n", "step": null, "ts": 1642197436.0622885}]}, "version": 217}
{"obj": {"type": "LogStrings", "path": ["monitoring", "stdout"], "values": [{"value": "Epoch 1, K-means clustering 0, Average clustering time 0.001, Prec@1 87.673", "step": null, "ts": 1642197436.148052}]}, "version": 218}
{"obj": {"type": "LogStrings", "path": ["monitoring", "stdout"], "values": [{"value": "\n", "step": null, "ts": 1642197436.148169}]}, "version": 219}
{"obj": {"type": "LogStrings", "path": ["monitoring", "stdout"], "values": [{"value": "Epoch 1, K-means clustering 1, Average clustering time 0.021, Prec@1 88.428", "step": null, "ts": 1642197436.189168}]}, "version": 220}
{"obj": {"type": "LogStrings", "path": ["monitoring", "stdout"], "values": [{"value": "\n", "step": null, "ts": 1642197436.189287}]}, "version": 221}
{"obj": {"type": "LogStrings", "path": ["monitoring", "stdout"], "values": [{"value": "Epoch 1, K-means clustering 2, Average clustering time 0.028, Prec@1 88.302", "step": null, "ts": 1642197436.230148}]}, "version": 222}
{"obj": {"type": "LogStrings", "path": ["monitoring", "stdout"], "values": [{"value": "\n", "step": null, "ts": 1642197436.2302663}]}, "version": 223}
{"obj": {"type": "LogStrings", "path": ["monitoring", "stdout"], "values": [{"value": "Epoch 1, K-means clustering 3, Average clustering time 0.031, Prec@1 88.050", "step": null, "ts": 1642197436.2710996}]}, "version": 224}
{"obj": {"type": "LogStrings", "path": ["monitoring", "stdout"], "values": [{"value": "\n", "step": null, "ts": 1642197436.2712219}]}, "version": 225}
{"obj": {"type": "LogStrings", "path": ["monitoring", "stdout"], "values": [{"value": "Epoch 1, K-means clustering 4, Average clustering time 0.033, Prec@1 88.050", "step": null, "ts": 1642197436.311924}]}, "version": 226}
{"obj": {"type": "LogStrings", "path": ["monitoring", "stdout"], "values": [{"value": "\n", "step": null, "ts": 1642197436.312041}]}, "version": 227}
{"obj": {"type": "LogFloats", "path": ["metrics", "current_acc"], "values": [{"value": 80.25157351223928, "step": null, "ts": 1642197436.6534395}]}, "version": 228}
{"obj": {"type": "LogFloats", "path": ["metrics", "best_acc"], "values": [{"value": 80.25157351223928, "step": null, "ts": 1642197436.6536963}]}, "version": 229}
{"obj": {"type": "LogStrings", "path": ["monitoring", "stdout"], "values": [{"value": "Train - epoch [2/200]\tBT 0.255 (0.255)\tDT 0.000 (0.000)\tS@1 95.000 (95.000)\tLoss 3.5700 (3.5700)", "step": null, "ts": 1642197437.3168998}]}, "version": 230}
{"obj": {"type": "LogStrings", "path": ["monitoring", "stdout"], "values": [{"value": "\n", "step": null, "ts": 1642197437.317033}]}, "version": 231}
{"obj": {"type": "LogStrings", "path": ["monitoring", "stdout"], "values": [{"value": "The penalty weight is 0.049958", "step": null, "ts": 1642197437.3173327}]}, "version": 232}
{"obj": {"type": "LogStrings", "path": ["monitoring", "stdout"], "values": [{"value": "\n", "step": null, "ts": 1642197437.317387}]}, "version": 233}
{"obj": {"type": "LogStrings", "path": ["monitoring", "stdout"], "values": [{"value": "Train - epoch [2/200]\tBT 0.291 (0.291)\tDT 0.000 (0.000)\tS@1 90.000 (90.000)\tLoss 2.7984 (2.7984)", "step": null, "ts": 1642197440.2371333}]}, "version": 234}
{"obj": {"type": "LogStrings", "path": ["monitoring", "stdout"], "values": [{"value": "\n", "step": null, "ts": 1642197440.2372606}]}, "version": 235}
{"obj": {"type": "LogFloats", "path": ["monitoring", "cpu"], "values": [{"value": 10.1, "step": null, "ts": 1642197440.2811785}]}, "version": 236}
{"obj": {"type": "LogFloats", "path": ["monitoring", "memory"], "values": [{"value": 5.864948272705078, "step": null, "ts": 1642197440.2811785}]}, "version": 237}
{"obj": {"type": "LogFloats", "path": ["monitoring", "gpu"], "values": [{"value": 95.0, "step": null, "ts": 1642197440.2811785}]}, "version": 238}
{"obj": {"type": "LogFloats", "path": ["monitoring", "gpu_memory"], "values": [{"value": 7.548828125, "step": null, "ts": 1642197440.2811785}]}, "version": 239}
{"obj": {"type": "LogStrings", "path": ["monitoring", "stdout"], "values": [{"value": "Train - epoch [2/200]\tBT 0.291 (0.291)\tDT 0.000 (0.000)\tS@1 90.000 (90.000)\tLoss 2.4876 (2.4876)", "step": null, "ts": 1642197443.1582582}]}, "version": 240}
{"obj": {"type": "LogStrings", "path": ["monitoring", "stdout"], "values": [{"value": "\n", "step": null, "ts": 1642197443.1583848}]}, "version": 241}
{"obj": {"type": "LogStrings", "path": ["monitoring", "stdout"], "values": [{"value": "Train - epoch [2/200]\tBT 0.288 (0.288)\tDT 0.000 (0.000)\tS@1 90.000 (90.000)\tLoss 3.4286 (3.4286)", "step": null, "ts": 1642197446.0794342}]}, "version": 242}
{"obj": {"type": "LogStrings", "path": ["monitoring", "stdout"], "values": [{"value": "\n", "step": null, "ts": 1642197446.0795615}]}, "version": 243}
{"obj": {"type": "LogStrings", "path": ["monitoring", "stdout"], "values": [{"value": "Train - epoch [2/200]\tBT 0.291 (0.291)\tDT 0.000 (0.000)\tS@1 95.000 (95.000)\tLoss 4.3011 (4.3011)", "step": null, "ts": 1642197449.1237726}]}, "version": 244}
{"obj": {"type": "LogStrings", "path": ["monitoring", "stdout"], "values": [{"value": "\n", "step": null, "ts": 1642197449.1240072}]}, "version": 245}
{"obj": {"type": "LogFloats", "path": ["monitoring", "cpu"], "values": [{"value": 11.3, "step": null, "ts": 1642197450.2833571}]}, "version": 246}
{"obj": {"type": "LogFloats", "path": ["monitoring", "memory"], "values": [{"value": 5.862968444824219, "step": null, "ts": 1642197450.2833571}]}, "version": 247}
{"obj": {"type": "LogFloats", "path": ["monitoring", "gpu"], "values": [{"value": 95.0, "step": null, "ts": 1642197450.2833571}]}, "version": 248}
{"obj": {"type": "LogFloats", "path": ["monitoring", "gpu_memory"], "values": [{"value": 7.548828125, "step": null, "ts": 1642197450.2833571}]}, "version": 249}
{"obj": {"type": "LogStrings", "path": ["monitoring", "stdout"], "values": [{"value": "Train - epoch [2/200]\tBT 0.291 (0.291)\tDT 0.000 (0.000)\tS@1 85.000 (85.000)\tLoss 3.7636 (3.7636)", "step": null, "ts": 1642197452.051431}]}, "version": 250}
{"obj": {"type": "LogStrings", "path": ["monitoring", "stdout"], "values": [{"value": "\n", "step": null, "ts": 1642197452.0515544}]}, "version": 251}
{"obj": {"type": "LogStrings", "path": ["monitoring", "stdout"], "values": [{"value": "Train - epoch [2/200]\tBT 0.290 (0.290)\tDT 0.000 (0.000)\tS@1 95.000 (95.000)\tLoss 3.4350 (3.4350)", "step": null, "ts": 1642197454.9735804}]}, "version": 252}
{"obj": {"type": "LogStrings", "path": ["monitoring", "stdout"], "values": [{"value": "\n", "step": null, "ts": 1642197454.9737012}]}, "version": 253}
{"obj": {"type": "LogStrings", "path": ["monitoring", "stdout"], "values": [{"value": "Train - epoch [2/200]\tBT 0.291 (0.291)\tDT 0.000 (0.000)\tS@1 90.000 (90.000)\tLoss 2.7560 (2.7560)", "step": null, "ts": 1642197457.8978286}]}, "version": 254}
{"obj": {"type": "LogStrings", "path": ["monitoring", "stdout"], "values": [{"value": "\n", "step": null, "ts": 1642197457.8979533}]}, "version": 255}
{"obj": {"type": "LogFloats", "path": ["monitoring", "cpu"], "values": [{"value": 11.3, "step": null, "ts": 1642197460.2851546}]}, "version": 256}
{"obj": {"type": "LogFloats", "path": ["monitoring", "memory"], "values": [{"value": 5.878086090087891, "step": null, "ts": 1642197460.2851546}]}, "version": 257}
{"obj": {"type": "LogFloats", "path": ["monitoring", "gpu"], "values": [{"value": 72.0, "step": null, "ts": 1642197460.2851546}]}, "version": 258}
{"obj": {"type": "LogFloats", "path": ["monitoring", "gpu_memory"], "values": [{"value": 7.548828125, "step": null, "ts": 1642197460.2851546}]}, "version": 259}
{"obj": {"type": "LogStrings", "path": ["monitoring", "stdout"], "values": [{"value": "Train - epoch [2/200]\tBT 0.291 (0.291)\tDT 0.000 (0.000)\tS@1 95.000 (95.000)\tLoss 3.9320 (3.9320)", "step": null, "ts": 1642197460.9535058}]}, "version": 260}
{"obj": {"type": "LogStrings", "path": ["monitoring", "stdout"], "values": [{"value": "\n", "step": null, "ts": 1642197460.9536378}]}, "version": 261}
{"obj": {"type": "LogStrings", "path": ["monitoring", "stdout"], "values": [{"value": "Train - epoch [2/200]\tBT 0.292 (0.292)\tDT 0.000 (0.000)\tS@1 95.000 (95.000)\tLoss 3.6574 (3.6574)", "step": null, "ts": 1642197463.8801143}]}, "version": 262}
{"obj": {"type": "LogStrings", "path": ["monitoring", "stdout"], "values": [{"value": "\n", "step": null, "ts": 1642197463.8802383}]}, "version": 263}
{"obj": {"type": "LogStrings", "path": ["monitoring", "stdout"], "values": [{"value": "Train - epoch [2/200]\tBT 0.290 (0.290)\tDT 0.000 (0.000)\tS@1 95.000 (95.000)\tLoss 2.8605 (2.8605)", "step": null, "ts": 1642197466.803114}]}, "version": 264}
{"obj": {"type": "LogStrings", "path": ["monitoring", "stdout"], "values": [{"value": "\n", "step": null, "ts": 1642197466.8032415}]}, "version": 265}
{"obj": {"type": "LogStrings", "path": ["monitoring", "stdout"], "values": [{"value": "Train - epoch [2/200]\tBT 0.291 (0.291)\tDT 0.000 (0.000)\tS@1 90.000 (90.000)\tLoss 3.5270 (3.5270)", "step": null, "ts": 1642197469.737575}]}, "version": 266}
{"obj": {"type": "LogStrings", "path": ["monitoring", "stdout"], "values": [{"value": "\n", "step": null, "ts": 1642197469.7377045}]}, "version": 267}
{"obj": {"type": "LogFloats", "path": ["monitoring", "cpu"], "values": [{"value": 11.4, "step": null, "ts": 1642197470.2876852}]}, "version": 268}
{"obj": {"type": "LogFloats", "path": ["monitoring", "memory"], "values": [{"value": 5.8874359130859375, "step": null, "ts": 1642197470.2876852}]}, "version": 269}
{"obj": {"type": "LogFloats", "path": ["monitoring", "gpu"], "values": [{"value": 98.0, "step": null, "ts": 1642197470.2876852}]}, "version": 270}
{"obj": {"type": "LogFloats", "path": ["monitoring", "gpu_memory"], "values": [{"value": 7.548828125, "step": null, "ts": 1642197470.2876852}]}, "version": 271}
{"obj": {"type": "LogStrings", "path": ["monitoring", "stdout"], "values": [{"value": "Train - epoch [2/200]\tBT 0.290 (0.290)\tDT 0.000 (0.000)\tS@1 95.000 (95.000)\tLoss 3.6771 (3.6771)", "step": null, "ts": 1642197472.789661}]}, "version": 272}
{"obj": {"type": "LogStrings", "path": ["monitoring", "stdout"], "values": [{"value": "\n", "step": null, "ts": 1642197472.789876}]}, "version": 273}
{"obj": {"type": "LogStrings", "path": ["monitoring", "stdout"], "values": [{"value": "Train - epoch [2/200]\tBT 0.291 (0.291)\tDT 0.000 (0.000)\tS@1 85.000 (85.000)\tLoss 4.0239 (4.0239)", "step": null, "ts": 1642197475.7117405}]}, "version": 274}
{"obj": {"type": "LogStrings", "path": ["monitoring", "stdout"], "values": [{"value": "\n", "step": null, "ts": 1642197475.7118735}]}, "version": 275}
{"obj": {"type": "LogFloats", "path": ["monitoring", "cpu"], "values": [{"value": 11.5, "step": null, "ts": 1642197480.2891846}]}, "version": 276}
{"obj": {"type": "LogFloats", "path": ["monitoring", "memory"], "values": [{"value": 5.9835357666015625, "step": null, "ts": 1642197480.2891846}]}, "version": 277}
{"obj": {"type": "LogFloats", "path": ["monitoring", "gpu"], "values": [{"value": 82.0, "step": null, "ts": 1642197480.2891846}]}, "version": 278}
{"obj": {"type": "LogFloats", "path": ["monitoring", "gpu_memory"], "values": [{"value": 3.12890625, "step": null, "ts": 1642197480.2891846}]}, "version": 279}
{"obj": {"type": "LogStrings", "path": ["monitoring", "stdout"], "values": [{"value": "Test on T training set - [2][0/13]\tT 0.366 (0.366)\tD 0.273 (0.273)\tT@1 100.000 (100.000)\tT@5 100.000 (100.000)\tL 0.4389 (0.4389)", "step": null, "ts": 1642197483.3517506}]}, "version": 280}
{"obj": {"type": "LogStrings", "path": ["monitoring", "stdout"], "values": [{"value": "\n", "step": null, "ts": 1642197483.352024}]}, "version": 281}
{"obj": {"type": "LogStrings", "path": ["monitoring", "stdout"], "values": [{"value": "Test on T training set - [2][10/13]\tT 0.188 (0.200)\tD 0.096 (0.107)\tT@1 73.016 (83.261)\tT@5 98.413 (95.671)\tL 1.0512 (0.9663)", "step": null, "ts": 1642197485.1800246}]}, "version": 282}
{"obj": {"type": "LogStrings", "path": ["monitoring", "stdout"], "values": [{"value": "\n", "step": null, "ts": 1642197485.180179}]}, "version": 283}
{"obj": {"type": "LogStrings", "path": ["monitoring", "stdout"], "values": [{"value": " * Test on T training set - Prec@1 81.635, Prec@5 95.849", "step": null, "ts": 1642197485.4544604}]}, "version": 284}
{"obj": {"type": "LogStrings", "path": ["monitoring", "stdout"], "values": [{"value": "\n", "step": null, "ts": 1642197485.4545825}]}, "version": 285}
{"obj": {"type": "LogStrings", "path": ["monitoring", "stdout"], "values": [{"value": "Test on T test set - [2][0/13]\tTime 0.366 (0.366)\tLoss 0.4389 (0.4389)\tPrec@1 100.000 (100.000)\tPrec@5 100.000 (100.000)", "step": null, "ts": 1642197485.8216367}]}, "version": 286}
{"obj": {"type": "LogStrings", "path": ["monitoring", "stdout"], "values": [{"value": "\n", "step": null, "ts": 1642197485.8218744}]}, "version": 287}
{"obj": {"type": "LogStrings", "path": ["monitoring", "stdout"], "values": [{"value": "Test on T test set - [2][10/13]\tTime 0.188 (0.199)\tLoss 1.0512 (0.9663)\tPrec@1 73.016 (83.261)\tPrec@5 98.413 (95.671)", "step": null, "ts": 1642197487.6472774}]}, "version": 288}
{"obj": {"type": "LogStrings", "path": ["monitoring", "stdout"], "values": [{"value": "\n", "step": null, "ts": 1642197487.6474237}]}, "version": 289}
{"obj": {"type": "LogStrings", "path": ["monitoring", "stdout"], "values": [{"value": " * Test on T test set - Prec@1 81.635, Prec@5 95.849", "step": null, "ts": 1642197487.9213102}]}, "version": 290}
{"obj": {"type": "LogStrings", "path": ["monitoring", "stdout"], "values": [{"value": "\n", "step": null, "ts": 1642197487.92143}]}, "version": 291}
{"obj": {"type": "LogStrings", "path": ["monitoring", "stdout"], "values": [{"value": "Epoch 2, K-means clustering 0, Average clustering time 0.006, Prec@1 88.553", "step": null, "ts": 1642197487.9276836}]}, "version": 292}
{"obj": {"type": "LogStrings", "path": ["monitoring", "stdout"], "values": [{"value": "\n", "step": null, "ts": 1642197487.9277556}]}, "version": 293}
{"obj": {"type": "LogStrings", "path": ["monitoring", "stdout"], "values": [{"value": "Epoch 2, K-means clustering 1, Average clustering time 0.031, Prec@1 89.811", "step": null, "ts": 1642197487.9844334}]}, "version": 294}
{"obj": {"type": "LogStrings", "path": ["monitoring", "stdout"], "values": [{"value": "\n", "step": null, "ts": 1642197487.9845545}]}, "version": 295}
{"obj": {"type": "LogStrings", "path": ["monitoring", "stdout"], "values": [{"value": "Epoch 2, K-means clustering 2, Average clustering time 0.035, Prec@1 89.434", "step": null, "ts": 1642197488.028281}]}, "version": 296}
{"obj": {"type": "LogStrings", "path": ["monitoring", "stdout"], "values": [{"value": "\n", "step": null, "ts": 1642197488.0284033}]}, "version": 297}
{"obj": {"type": "LogStrings", "path": ["monitoring", "stdout"], "values": [{"value": "Epoch 2, K-means clustering 3, Average clustering time 0.037, Prec@1 89.560", "step": null, "ts": 1642197488.0713086}]}, "version": 298}
{"obj": {"type": "LogStrings", "path": ["monitoring", "stdout"], "values": [{"value": "\n", "step": null, "ts": 1642197488.0714343}]}, "version": 299}
{"obj": {"type": "LogStrings", "path": ["monitoring", "stdout"], "values": [{"value": "Epoch 2, K-means clustering 4, Average clustering time 0.039, Prec@1 89.434", "step": null, "ts": 1642197488.115096}]}, "version": 300}
{"obj": {"type": "LogStrings", "path": ["monitoring", "stdout"], "values": [{"value": "\n", "step": null, "ts": 1642197488.1152122}]}, "version": 301}
{"obj": {"type": "LogStrings", "path": ["monitoring", "stdout"], "values": [{"value": "Epoch 2, K-means clustering 0, Average clustering time 0.001, Prec@1 87.421", "step": null, "ts": 1642197488.2023234}]}, "version": 302}
{"obj": {"type": "LogStrings", "path": ["monitoring", "stdout"], "values": [{"value": "\n", "step": null, "ts": 1642197488.2024472}]}, "version": 303}
{"obj": {"type": "LogStrings", "path": ["monitoring", "stdout"], "values": [{"value": "Epoch 2, K-means clustering 1, Average clustering time 0.021, Prec@1 89.182", "step": null, "ts": 1642197488.2438488}]}, "version": 304}
{"obj": {"type": "LogStrings", "path": ["monitoring", "stdout"], "values": [{"value": "\n", "step": null, "ts": 1642197488.2439775}]}, "version": 305}
{"obj": {"type": "LogStrings", "path": ["monitoring", "stdout"], "values": [{"value": "Epoch 2, K-means clustering 2, Average clustering time 0.028, Prec@1 88.302", "step": null, "ts": 1642197488.2854488}]}, "version": 306}
{"obj": {"type": "LogStrings", "path": ["monitoring", "stdout"], "values": [{"value": "\n", "step": null, "ts": 1642197488.2855773}]}, "version": 307}
{"obj": {"type": "LogStrings", "path": ["monitoring", "stdout"], "values": [{"value": "Epoch 2, K-means clustering 3, Average clustering time 0.032, Prec@1 88.050", "step": null, "ts": 1642197488.3308878}]}, "version": 308}
{"obj": {"type": "LogStrings", "path": ["monitoring", "stdout"], "values": [{"value": "\n", "step": null, "ts": 1642197488.3310118}]}, "version": 309}
{"obj": {"type": "LogStrings", "path": ["monitoring", "stdout"], "values": [{"value": "Epoch 2, K-means clustering 4, Average clustering time 0.035, Prec@1 88.050", "step": null, "ts": 1642197488.3772287}]}, "version": 310}
{"obj": {"type": "LogStrings", "path": ["monitoring", "stdout"], "values": [{"value": "\n", "step": null, "ts": 1642197488.3773487}]}, "version": 311}
{"obj": {"type": "LogFloats", "path": ["metrics", "current_acc"], "values": [{"value": 81.63522085513709, "step": null, "ts": 1642197488.701688}]}, "version": 312}
{"obj": {"type": "LogFloats", "path": ["metrics", "best_acc"], "values": [{"value": 81.63522085513709, "step": null, "ts": 1642197488.701853}]}, "version": 313}
{"obj": {"type": "LogStrings", "path": ["monitoring", "stdout"], "values": [{"value": "Train - epoch [3/200]\tBT 0.262 (0.262)\tDT 0.000 (0.000)\tS@1 90.000 (90.000)\tLoss 3.0754 (3.0754)", "step": null, "ts": 1642197489.3785555}]}, "version": 314}
{"obj": {"type": "LogStrings", "path": ["monitoring", "stdout"], "values": [{"value": "\n", "step": null, "ts": 1642197489.3787186}]}, "version": 315}
{"obj": {"type": "LogStrings", "path": ["monitoring", "stdout"], "values": [{"value": "The penalty weight is 0.074860", "step": null, "ts": 1642197489.379079}]}, "version": 316}
{"obj": {"type": "LogStrings", "path": ["monitoring", "stdout"], "values": [{"value": "\n", "step": null, "ts": 1642197489.3791363}]}, "version": 317}
{"obj": {"type": "LogFloats", "path": ["monitoring", "cpu"], "values": [{"value": 10.4, "step": null, "ts": 1642197490.2911003}]}, "version": 318}
{"obj": {"type": "LogFloats", "path": ["monitoring", "memory"], "values": [{"value": 5.838859558105469, "step": null, "ts": 1642197490.2911003}]}, "version": 319}
{"obj": {"type": "LogFloats", "path": ["monitoring", "gpu"], "values": [{"value": 95.0, "step": null, "ts": 1642197490.2911003}]}, "version": 320}
{"obj": {"type": "LogFloats", "path": ["monitoring", "gpu_memory"], "values": [{"value": 7.548828125, "step": null, "ts": 1642197490.2911003}]}, "version": 321}
{"obj": {"type": "LogStrings", "path": ["monitoring", "stdout"], "values": [{"value": "Train - epoch [3/200]\tBT 0.291 (0.291)\tDT 0.000 (0.000)\tS@1 95.000 (95.000)\tLoss 4.0062 (4.0062)", "step": null, "ts": 1642197492.3047812}]}, "version": 322}
{"obj": {"type": "LogStrings", "path": ["monitoring", "stdout"], "values": [{"value": "\n", "step": null, "ts": 1642197492.3049033}]}, "version": 323}
{"obj": {"type": "LogStrings", "path": ["monitoring", "stdout"], "values": [{"value": "Train - epoch [3/200]\tBT 0.290 (0.290)\tDT 0.000 (0.000)\tS@1 90.000 (90.000)\tLoss 4.1678 (4.1678)", "step": null, "ts": 1642197495.2384114}]}, "version": 324}
{"obj": {"type": "LogStrings", "path": ["monitoring", "stdout"], "values": [{"value": "\n", "step": null, "ts": 1642197495.2385497}]}, "version": 325}
{"obj": {"type": "LogStrings", "path": ["monitoring", "stdout"], "values": [{"value": "Train - epoch [3/200]\tBT 0.290 (0.290)\tDT 0.000 (0.000)\tS@1 90.000 (90.000)\tLoss 3.9271 (3.9271)", "step": null, "ts": 1642197498.163393}]}, "version": 326}
{"obj": {"type": "LogStrings", "path": ["monitoring", "stdout"], "values": [{"value": "\n", "step": null, "ts": 1642197498.1635168}]}, "version": 327}
{"obj": {"type": "LogFloats", "path": ["monitoring", "cpu"], "values": [{"value": 11.4, "step": null, "ts": 1642197500.292693}]}, "version": 328}
{"obj": {"type": "LogFloats", "path": ["monitoring", "memory"], "values": [{"value": 5.853984832763672, "step": null, "ts": 1642197500.292693}]}, "version": 329}
{"obj": {"type": "LogFloats", "path": ["monitoring", "gpu"], "values": [{"value": 95.0, "step": null, "ts": 1642197500.292693}]}, "version": 330}
{"obj": {"type": "LogFloats", "path": ["monitoring", "gpu_memory"], "values": [{"value": 7.548828125, "step": null, "ts": 1642197500.292693}]}, "version": 331}
{"obj": {"type": "LogStrings", "path": ["monitoring", "stdout"], "values": [{"value": "Train - epoch [3/200]\tBT 0.293 (0.293)\tDT 0.000 (0.000)\tS@1 80.000 (80.000)\tLoss 3.6853 (3.6853)", "step": null, "ts": 1642197501.2240345}]}, "version": 332}
{"obj": {"type": "LogStrings", "path": ["monitoring", "stdout"], "values": [{"value": "\n", "step": null, "ts": 1642197501.2241926}]}, "version": 333}
{"obj": {"type": "LogStrings", "path": ["monitoring", "stdout"], "values": [{"value": "Train - epoch [3/200]\tBT 0.291 (0.291)\tDT 0.000 (0.000)\tS@1 90.000 (90.000)\tLoss 3.3355 (3.3355)", "step": null, "ts": 1642197504.1506152}]}, "version": 334}
{"obj": {"type": "LogStrings", "path": ["monitoring", "stdout"], "values": [{"value": "\n", "step": null, "ts": 1642197504.1507452}]}, "version": 335}
{"obj": {"type": "LogStrings", "path": ["monitoring", "stdout"], "values": [{"value": "Train - epoch [3/200]\tBT 0.291 (0.291)\tDT 0.000 (0.000)\tS@1 95.000 (95.000)\tLoss 4.1463 (4.1463)", "step": null, "ts": 1642197507.0748897}]}, "version": 336}
{"obj": {"type": "LogStrings", "path": ["monitoring", "stdout"], "values": [{"value": "\n", "step": null, "ts": 1642197507.0750146}]}, "version": 337}
{"obj": {"type": "LogStrings", "path": ["monitoring", "stdout"], "values": [{"value": "Train - epoch [3/200]\tBT 0.290 (0.290)\tDT 0.000 (0.000)\tS@1 90.000 (90.000)\tLoss 3.7502 (3.7502)", "step": null, "ts": 1642197509.9984512}]}, "version": 338}
{"obj": {"type": "LogStrings", "path": ["monitoring", "stdout"], "values": [{"value": "\n", "step": null, "ts": 1642197509.9985862}]}, "version": 339}
{"obj": {"type": "LogFloats", "path": ["monitoring", "cpu"], "values": [{"value": 11.3, "step": null, "ts": 1642197510.2940989}]}, "version": 340}
{"obj": {"type": "LogFloats", "path": ["monitoring", "memory"], "values": [{"value": 5.8635406494140625, "step": null, "ts": 1642197510.2940989}]}, "version": 341}
{"obj": {"type": "LogFloats", "path": ["monitoring", "gpu"], "values": [{"value": 95.0, "step": null, "ts": 1642197510.2940989}]}, "version": 342}
{"obj": {"type": "LogFloats", "path": ["monitoring", "gpu_memory"], "values": [{"value": 7.548828125, "step": null, "ts": 1642197510.2940989}]}, "version": 343}
{"obj": {"type": "LogStrings", "path": ["monitoring", "stdout"], "values": [{"value": "Train - epoch [3/200]\tBT 0.290 (0.290)\tDT 0.000 (0.000)\tS@1 85.000 (85.000)\tLoss 3.6807 (3.6807)", "step": null, "ts": 1642197513.0436804}]}, "version": 344}
{"obj": {"type": "LogStrings", "path": ["monitoring", "stdout"], "values": [{"value": "\n", "step": null, "ts": 1642197513.0439215}]}, "version": 345}
{"obj": {"type": "LogStrings", "path": ["monitoring", "stdout"], "values": [{"value": "Train - epoch [3/200]\tBT 0.292 (0.292)\tDT 0.000 (0.000)\tS@1 100.000 (100.000)\tLoss 4.2373 (4.2373)", "step": null, "ts": 1642197515.9730027}]}, "version": 346}
{"obj": {"type": "LogStrings", "path": ["monitoring", "stdout"], "values": [{"value": "\n", "step": null, "ts": 1642197515.9731238}]}, "version": 347}
{"obj": {"type": "LogStrings", "path": ["monitoring", "traceback"], "values": [{"value": "An uncaught exception occurred while run was active on worker jun-XPS-8940.", "step": null, "ts": 1642197518.264517}, {"value": "Marking run as failed", "step": null, "ts": 1642197518.264517}, {"value": "Traceback:", "step": null, "ts": 1642197518.264517}, {"value": "  File \"main.py\", line 280, in <module>\n    main()\n", "step": null, "ts": 1642197518.264517}, {"value": "  File \"main.py\", line 243, in main\n    train_loader_source_batch, train_loader_target_batch = train(train_loader_source, train_loader_source_batch, train_loader_target, train_loader_target_batch, model, learn_cen, learn_cen_2, criterion_cons, optimizer, itern, epoch, new_epoch_flag, src_cs, args)\n", "step": null, "ts": 1642197518.264517}, {"value": "  File \"/home/jun/GoogleDrive/project/DANN_RegClustering/trainer.py\", line 129, in train\n    loss.backward()\n", "step": null, "ts": 1642197518.264517}, {"value": "  File \"/home/jun/anaconda3/envs/cyclegan/lib/python3.8/site-packages/torch/_tensor.py\", line 255, in backward\n    torch.autograd.backward(self, gradient, retain_graph, create_graph, inputs=inputs)\n", "step": null, "ts": 1642197518.264517}, {"value": "  File \"/home/jun/anaconda3/envs/cyclegan/lib/python3.8/site-packages/torch/autograd/__init__.py\", line 147, in backward\n    Variable._execution_engine.run_backward(\n", "step": null, "ts": 1642197518.264517}, {"value": "", "step": null, "ts": 1642197518.264517}]}, "version": 348}
{"obj": {"type": "AssignBool", "path": ["sys", "failed"], "value": true}, "version": 349}
{"obj": {"type": "LogStrings", "path": ["monitoring", "stderr"], "values": [{"value": "Traceback (most recent call last):\n", "step": null, "ts": 1642197518.2650366}]}, "version": 350}
{"obj": {"type": "LogStrings", "path": ["monitoring", "stderr"], "values": [{"value": "", "step": null, "ts": 1642197518.2651331}]}, "version": 351}
{"obj": {"type": "LogStrings", "path": ["monitoring", "stderr"], "values": [{"value": "  File \"main.py\", line 280, in <module>\n    main()\n", "step": null, "ts": 1642197518.2652164}]}, "version": 352}
{"obj": {"type": "LogStrings", "path": ["monitoring", "stderr"], "values": [{"value": "", "step": null, "ts": 1642197518.2652583}]}, "version": 353}
{"obj": {"type": "LogStrings", "path": ["monitoring", "stderr"], "values": [{"value": "  File \"main.py\", line 243, in main\n    train_loader_source_batch, train_loader_target_batch = train(train_loader_source, train_loader_source_batch, train_loader_target, train_loader_target_batch, model, learn_cen, learn_cen_2, criterion_cons, optimizer, itern, epoch, new_epoch_flag, src_cs, args)\n", "step": null, "ts": 1642197518.265314}]}, "version": 354}
{"obj": {"type": "LogStrings", "path": ["monitoring", "stderr"], "values": [{"value": "", "step": null, "ts": 1642197518.265356}]}, "version": 355}
{"obj": {"type": "LogStrings", "path": ["monitoring", "stderr"], "values": [{"value": "  File \"/home/jun/GoogleDrive/project/DANN_RegClustering/trainer.py\", line 129, in train\n    loss.backward()\n", "step": null, "ts": 1642197518.2654061}]}, "version": 356}
{"obj": {"type": "LogStrings", "path": ["monitoring", "stderr"], "values": [{"value": "", "step": null, "ts": 1642197518.2654579}]}, "version": 357}
{"obj": {"type": "LogStrings", "path": ["monitoring", "stderr"], "values": [{"value": "  File \"/home/jun/anaconda3/envs/cyclegan/lib/python3.8/site-packages/torch/_tensor.py\", line 255, in backward\n    torch.autograd.backward(self, gradient, retain_graph, create_graph, inputs=inputs)\n", "step": null, "ts": 1642197518.2655199}]}, "version": 358}
{"obj": {"type": "LogStrings", "path": ["monitoring", "stderr"], "values": [{"value": "", "step": null, "ts": 1642197518.2655623}]}, "version": 359}
{"obj": {"type": "LogStrings", "path": ["monitoring", "stderr"], "values": [{"value": "  File \"/home/jun/anaconda3/envs/cyclegan/lib/python3.8/site-packages/torch/autograd/__init__.py\", line 147, in backward\n    Variable._execution_engine.run_backward(\n", "step": null, "ts": 1642197518.2656262}]}, "version": 360}
{"obj": {"type": "LogStrings", "path": ["monitoring", "stderr"], "values": [{"value": "", "step": null, "ts": 1642197518.2656653}]}, "version": 361}
{"obj": {"type": "LogStrings", "path": ["monitoring", "stderr"], "values": [{"value": "KeyboardInterrupt\n", "step": null, "ts": 1642197518.2657216}]}, "version": 362}
{"obj": {"type": "LogStrings", "path": ["monitoring", "stderr"], "values": [{"value": "", "step": null, "ts": 1642197518.2657967}]}, "version": 363}
{"obj": {"type": "LogStrings", "path": ["monitoring", "stderr"], "values": [{"value": "\nIf you suspect this is an IPython 7.27.0 bug, please report it at:\n    https://github.com/ipython/ipython/issues\nor send an email to the mailing list at ipython-dev@python.org\n\nYou can print a more detailed traceback right now with \"%tb\", or use \"%debug\"\nto interactively debug it.\n\nExtra-detailed tracebacks for bug-reporting purposes can be enabled via:\n    %config Application.verbose_crash=True\n", "step": null, "ts": 1642197518.2658925}]}, "version": 364}
{"obj": {"type": "LogStrings", "path": ["monitoring", "stderr"], "values": [{"value": "\n", "step": null, "ts": 1642197518.2659557}]}, "version": 365}
{"obj": {"type": "LogStrings", "path": ["monitoring", "stdout"], "values": [{"value": "Shutting down background jobs, please wait a moment...\n", "step": null, "ts": 1642197518.2661095}]}, "version": 366}
