{"obj": {"type": "AssignString", "path": ["sys", "name"], "value": "Untitled"}, "version": 1}
{"obj": {"type": "AssignString", "path": ["sys", "description"], "value": ""}, "version": 2}
{"obj": {"type": "AssignString", "path": ["sys", "hostname"], "value": "jun-XPS-8940"}, "version": 3}
{"obj": {"type": "AssignBool", "path": ["sys", "failed"], "value": false}, "version": 4}
{"obj": {"type": "ClearStringLog", "path": ["monitoring", "stdout"]}, "version": 5}
{"obj": {"type": "ClearStringLog", "path": ["monitoring", "stderr"]}, "version": 6}
{"obj": {"type": "ConfigFloatSeries", "path": ["monitoring", "cpu"], "min": 0.0, "max": 100.0, "unit": "%"}, "version": 7}
{"obj": {"type": "ClearFloatLog", "path": ["monitoring", "cpu"]}, "version": 8}
{"obj": {"type": "ConfigFloatSeries", "path": ["monitoring", "memory"], "min": 0.0, "max": 15.308197021484375, "unit": "GB"}, "version": 9}
{"obj": {"type": "ClearFloatLog", "path": ["monitoring", "memory"]}, "version": 10}
{"obj": {"type": "ConfigFloatSeries", "path": ["monitoring", "gpu"], "min": 0.0, "max": 100.0, "unit": "%"}, "version": 11}
{"obj": {"type": "ClearFloatLog", "path": ["monitoring", "gpu"]}, "version": 12}
{"obj": {"type": "ConfigFloatSeries", "path": ["monitoring", "gpu_memory"], "min": 0.0, "max": 7.77325439453125, "unit": "GB"}, "version": 13}
{"obj": {"type": "ClearFloatLog", "path": ["monitoring", "gpu_memory"]}, "version": 14}
{"obj": {"type": "LogStrings", "path": ["monitoring", "stdout"], "values": [{"value": "", "step": null, "ts": 1642197229.0529253}]}, "version": 15}
{"obj": {"type": "LogStrings", "path": ["monitoring", "stdout"], "values": [{"value": "https://app.neptune.ai/junkataoka/SRDC/e/SRDC-34\n", "step": null, "ts": 1642197229.0536597}]}, "version": 16}
{"obj": {"type": "LogStrings", "path": ["monitoring", "stdout"], "values": [{"value": "Remember to stop your run once you\u2019ve finished logging your metadata (https://docs.neptune.ai/api-reference/run#stop). It will be stopped automatically only when the notebook kernel/interactive console is terminated.\n", "step": null, "ts": 1642197229.0542483}]}, "version": 17}
{"obj": {"type": "LogFloats", "path": ["monitoring", "cpu"], "values": [{"value": 5.5, "step": null, "ts": 1642197229.0454006}]}, "version": 18}
{"obj": {"type": "LogFloats", "path": ["monitoring", "memory"], "values": [{"value": 7.557685852050781, "step": null, "ts": 1642197229.0454006}]}, "version": 19}
{"obj": {"type": "LogFloats", "path": ["monitoring", "gpu_memory"], "values": [{"value": 2.13555908203125, "step": null, "ts": 1642197229.0454006}]}, "version": 20}
{"obj": {"type": "LogStrings", "path": ["monitoring", "stdout"], "values": [{"value": "begin training", "step": null, "ts": 1642197229.105988}]}, "version": 21}
{"obj": {"type": "LogStrings", "path": ["monitoring", "stdout"], "values": [{"value": "\n", "step": null, "ts": 1642197229.10608}]}, "version": 22}
{"obj": {"type": "LogStrings", "path": ["monitoring", "stdout"], "values": [{"value": "Test on T training set - [0][0/13]\tT 0.369 (0.369)\tD 0.281 (0.281)\tT@1 88.889 (88.889)\tT@5 100.000 (100.000)\tL 1.7826 (1.7826)", "step": null, "ts": 1642197235.423602}]}, "version": 23}
{"obj": {"type": "LogStrings", "path": ["monitoring", "stdout"], "values": [{"value": "\n", "step": null, "ts": 1642197235.4237995}]}, "version": 24}
{"obj": {"type": "LogStrings", "path": ["monitoring", "stdout"], "values": [{"value": "Test on T training set - [0][10/13]\tT 0.199 (0.211)\tD 0.112 (0.122)\tT@1 49.206 (63.925)\tT@5 88.889 (88.312)\tL 2.1773 (2.0574)", "step": null, "ts": 1642197237.3712971}]}, "version": 25}
{"obj": {"type": "LogStrings", "path": ["monitoring", "stdout"], "values": [{"value": "\n", "step": null, "ts": 1642197237.371433}]}, "version": 26}
{"obj": {"type": "LogStrings", "path": ["monitoring", "stdout"], "values": [{"value": " * Test on T training set - Prec@1 65.283, Prec@5 88.679", "step": null, "ts": 1642197238.1662667}]}, "version": 27}
{"obj": {"type": "LogStrings", "path": ["monitoring", "stdout"], "values": [{"value": "\n", "step": null, "ts": 1642197238.166387}]}, "version": 28}
{"obj": {"type": "LogStrings", "path": ["monitoring", "stdout"], "values": [{"value": "Test on T test set - [0][0/13]\tTime 0.351 (0.351)\tLoss 1.7826 (1.7826)\tPrec@1 88.889 (88.889)\tPrec@5 100.000 (100.000)", "step": null, "ts": 1642197238.5185723}]}, "version": 29}
{"obj": {"type": "LogStrings", "path": ["monitoring", "stdout"], "values": [{"value": "\n", "step": null, "ts": 1642197238.5188322}]}, "version": 30}
{"obj": {"type": "LogFloats", "path": ["monitoring", "cpu"], "values": [{"value": 10.7, "step": null, "ts": 1642197239.0576365}]}, "version": 31}
{"obj": {"type": "LogFloats", "path": ["monitoring", "memory"], "values": [{"value": 8.29534912109375, "step": null, "ts": 1642197239.0576365}]}, "version": 32}
{"obj": {"type": "LogFloats", "path": ["monitoring", "gpu"], "values": [{"value": 39.0, "step": null, "ts": 1642197239.0576365}]}, "version": 33}
{"obj": {"type": "LogFloats", "path": ["monitoring", "gpu_memory"], "values": [{"value": 5.32904052734375, "step": null, "ts": 1642197239.0576365}]}, "version": 34}
{"obj": {"type": "LogStrings", "path": ["monitoring", "stdout"], "values": [{"value": "Test on T test set - [0][10/13]\tTime 0.189 (0.199)\tLoss 2.1773 (2.0574)\tPrec@1 49.206 (63.925)\tPrec@5 88.889 (88.312)", "step": null, "ts": 1642197240.3615544}]}, "version": 35}
{"obj": {"type": "LogStrings", "path": ["monitoring", "stdout"], "values": [{"value": "\n", "step": null, "ts": 1642197240.3617005}]}, "version": 36}
{"obj": {"type": "LogStrings", "path": ["monitoring", "stdout"], "values": [{"value": " * Test on T test set - Prec@1 65.283, Prec@5 88.679", "step": null, "ts": 1642197240.6268904}]}, "version": 37}
{"obj": {"type": "LogStrings", "path": ["monitoring", "stdout"], "values": [{"value": "\n", "step": null, "ts": 1642197240.6270146}]}, "version": 38}
{"obj": {"type": "LogStrings", "path": ["monitoring", "stdout"], "values": [{"value": "Epoch 0, K-means clustering 0, Average clustering time 0.008, Prec@1 74.465", "step": null, "ts": 1642197240.635037}]}, "version": 39}
{"obj": {"type": "LogStrings", "path": ["monitoring", "stdout"], "values": [{"value": "\n", "step": null, "ts": 1642197240.635103}]}, "version": 40}
{"obj": {"type": "LogStrings", "path": ["monitoring", "stdout"], "values": [{"value": "Epoch 0, K-means clustering 1, Average clustering time 0.029, Prec@1 81.258", "step": null, "ts": 1642197240.6860297}]}, "version": 41}
{"obj": {"type": "LogStrings", "path": ["monitoring", "stdout"], "values": [{"value": "\n", "step": null, "ts": 1642197240.6861591}]}, "version": 42}
{"obj": {"type": "LogStrings", "path": ["monitoring", "stdout"], "values": [{"value": "Epoch 0, K-means clustering 2, Average clustering time 0.035, Prec@1 82.013", "step": null, "ts": 1642197240.7313933}]}, "version": 43}
{"obj": {"type": "LogStrings", "path": ["monitoring", "stdout"], "values": [{"value": "\n", "step": null, "ts": 1642197240.7314785}]}, "version": 44}
{"obj": {"type": "LogStrings", "path": ["monitoring", "stdout"], "values": [{"value": "Epoch 0, K-means clustering 3, Average clustering time 0.037, Prec@1 82.138", "step": null, "ts": 1642197240.775271}]}, "version": 45}
{"obj": {"type": "LogStrings", "path": ["monitoring", "stdout"], "values": [{"value": "\n", "step": null, "ts": 1642197240.77539}]}, "version": 46}
{"obj": {"type": "LogStrings", "path": ["monitoring", "stdout"], "values": [{"value": "Epoch 0, K-means clustering 4, Average clustering time 0.038, Prec@1 82.642", "step": null, "ts": 1642197240.8194723}]}, "version": 47}
{"obj": {"type": "LogStrings", "path": ["monitoring", "stdout"], "values": [{"value": "\n", "step": null, "ts": 1642197240.8195872}]}, "version": 48}
{"obj": {"type": "LogStrings", "path": ["monitoring", "stdout"], "values": [{"value": "Epoch 0, K-means clustering 0, Average clustering time 0.001, Prec@1 76.855", "step": null, "ts": 1642197240.9110067}]}, "version": 49}
{"obj": {"type": "LogStrings", "path": ["monitoring", "stdout"], "values": [{"value": "\n", "step": null, "ts": 1642197240.9111211}]}, "version": 50}
{"obj": {"type": "LogStrings", "path": ["monitoring", "stdout"], "values": [{"value": "Epoch 0, K-means clustering 1, Average clustering time 0.021, Prec@1 82.767", "step": null, "ts": 1642197240.9531121}]}, "version": 51}
{"obj": {"type": "LogStrings", "path": ["monitoring", "stdout"], "values": [{"value": "\n", "step": null, "ts": 1642197240.9532285}]}, "version": 52}
{"obj": {"type": "LogStrings", "path": ["monitoring", "stdout"], "values": [{"value": "Epoch 0, K-means clustering 2, Average clustering time 0.029, Prec@1 83.774", "step": null, "ts": 1642197240.9961648}]}, "version": 53}
{"obj": {"type": "LogStrings", "path": ["monitoring", "stdout"], "values": [{"value": "\n", "step": null, "ts": 1642197240.9962864}]}, "version": 54}
{"obj": {"type": "LogStrings", "path": ["monitoring", "stdout"], "values": [{"value": "Epoch 0, K-means clustering 3, Average clustering time 0.032, Prec@1 84.025", "step": null, "ts": 1642197241.040055}]}, "version": 55}
{"obj": {"type": "LogStrings", "path": ["monitoring", "stdout"], "values": [{"value": "\n", "step": null, "ts": 1642197241.0401735}]}, "version": 56}
{"obj": {"type": "LogStrings", "path": ["monitoring", "stdout"], "values": [{"value": "Epoch 0, K-means clustering 4, Average clustering time 0.034, Prec@1 84.528", "step": null, "ts": 1642197241.0829017}]}, "version": 57}
{"obj": {"type": "LogStrings", "path": ["monitoring", "stdout"], "values": [{"value": "\n", "step": null, "ts": 1642197241.0830328}]}, "version": 58}
{"obj": {"type": "LogFloats", "path": ["metrics", "current_acc"], "values": [{"value": 65.28302010590176, "step": null, "ts": 1642197241.2851303}]}, "version": 59}
{"obj": {"type": "LogFloats", "path": ["metrics", "best_acc"], "values": [{"value": 65.28302010590176, "step": null, "ts": 1642197241.2854404}]}, "version": 60}
{"obj": {"type": "LogStrings", "path": ["monitoring", "traceback"], "values": [{"value": "An uncaught exception occurred while run was active on worker jun-XPS-8940.", "step": null, "ts": 1642197241.9069057}, {"value": "Marking run as failed", "step": null, "ts": 1642197241.9069057}, {"value": "Traceback:", "step": null, "ts": 1642197241.9069057}, {"value": "  File \"main.py\", line 280, in <module>\n    main()\n", "step": null, "ts": 1642197241.9069057}, {"value": "  File \"main.py\", line 243, in main\n    train_loader_source_batch, train_loader_target_batch = train(train_loader_source, train_loader_source_batch, train_loader_target, train_loader_target_batch, model, learn_cen, learn_cen_2, criterion_cons, optimizer, itern, epoch, new_epoch_flag, src_cs, args)\n", "step": null, "ts": 1642197241.9069057}, {"value": "  File \"/home/jun/GoogleDrive/project/DANN_RegClustering/trainer.py\", line 129, in train\n    loss.backward()\n", "step": null, "ts": 1642197241.9069057}, {"value": "  File \"/home/jun/anaconda3/envs/cyclegan/lib/python3.8/site-packages/torch/_tensor.py\", line 255, in backward\n    torch.autograd.backward(self, gradient, retain_graph, create_graph, inputs=inputs)\n", "step": null, "ts": 1642197241.9069057}, {"value": "  File \"/home/jun/anaconda3/envs/cyclegan/lib/python3.8/site-packages/torch/autograd/__init__.py\", line 147, in backward\n    Variable._execution_engine.run_backward(\n", "step": null, "ts": 1642197241.9069057}, {"value": "CUDA out of memory. Tried to allocate 316.00 MiB (GPU 0; 7.77 GiB total capacity; 4.89 GiB already allocated; 358.75 MiB free; 5.12 GiB reserved in total by PyTorch)", "step": null, "ts": 1642197241.9069057}]}, "version": 61}
{"obj": {"type": "AssignBool", "path": ["sys", "failed"], "value": true}, "version": 62}
{"obj": {"type": "LogStrings", "path": ["monitoring", "stderr"], "values": [{"value": "Traceback (most recent call last):\n", "step": null, "ts": 1642197241.907436}]}, "version": 63}
{"obj": {"type": "LogStrings", "path": ["monitoring", "stderr"], "values": [{"value": "", "step": null, "ts": 1642197241.9075284}]}, "version": 64}
{"obj": {"type": "LogStrings", "path": ["monitoring", "stderr"], "values": [{"value": "  File \"main.py\", line 280, in <module>\n    main()\n", "step": null, "ts": 1642197241.9076254}]}, "version": 65}
{"obj": {"type": "LogStrings", "path": ["monitoring", "stderr"], "values": [{"value": "", "step": null, "ts": 1642197241.9077058}]}, "version": 66}
{"obj": {"type": "LogStrings", "path": ["monitoring", "stderr"], "values": [{"value": "  File \"main.py\", line 243, in main\n    train_loader_source_batch, train_loader_target_batch = train(train_loader_source, train_loader_source_batch, train_loader_target, train_loader_target_batch, model, learn_cen, learn_cen_2, criterion_cons, optimizer, itern, epoch, new_epoch_flag, src_cs, args)\n", "step": null, "ts": 1642197241.9077835}]}, "version": 67}
{"obj": {"type": "LogStrings", "path": ["monitoring", "stderr"], "values": [{"value": "", "step": null, "ts": 1642197241.9078584}]}, "version": 68}
{"obj": {"type": "LogStrings", "path": ["monitoring", "stderr"], "values": [{"value": "  File \"/home/jun/GoogleDrive/project/DANN_RegClustering/trainer.py\", line 129, in train\n    loss.backward()\n", "step": null, "ts": 1642197241.9079335}]}, "version": 69}
{"obj": {"type": "LogStrings", "path": ["monitoring", "stderr"], "values": [{"value": "", "step": null, "ts": 1642197241.9080071}]}, "version": 70}
{"obj": {"type": "LogStrings", "path": ["monitoring", "stderr"], "values": [{"value": "  File \"/home/jun/anaconda3/envs/cyclegan/lib/python3.8/site-packages/torch/_tensor.py\", line 255, in backward\n    torch.autograd.backward(self, gradient, retain_graph, create_graph, inputs=inputs)\n", "step": null, "ts": 1642197241.9081082}]}, "version": 71}
{"obj": {"type": "LogStrings", "path": ["monitoring", "stderr"], "values": [{"value": "", "step": null, "ts": 1642197241.9081814}]}, "version": 72}
{"obj": {"type": "LogStrings", "path": ["monitoring", "stderr"], "values": [{"value": "  File \"/home/jun/anaconda3/envs/cyclegan/lib/python3.8/site-packages/torch/autograd/__init__.py\", line 147, in backward\n    Variable._execution_engine.run_backward(\n", "step": null, "ts": 1642197241.9082556}]}, "version": 73}
{"obj": {"type": "LogStrings", "path": ["monitoring", "stderr"], "values": [{"value": "", "step": null, "ts": 1642197241.9083226}]}, "version": 74}
{"obj": {"type": "LogStrings", "path": ["monitoring", "stderr"], "values": [{"value": "RuntimeError: CUDA out of memory. Tried to allocate 316.00 MiB (GPU 0; 7.77 GiB total capacity; 4.89 GiB already allocated; 358.75 MiB free; 5.12 GiB reserved in total by PyTorch)\n", "step": null, "ts": 1642197241.9084027}]}, "version": 75}
{"obj": {"type": "LogStrings", "path": ["monitoring", "stderr"], "values": [{"value": "", "step": null, "ts": 1642197241.9084706}]}, "version": 76}
{"obj": {"type": "LogStrings", "path": ["monitoring", "stderr"], "values": [{"value": "\nIf you suspect this is an IPython 7.27.0 bug, please report it at:\n    https://github.com/ipython/ipython/issues\nor send an email to the mailing list at ipython-dev@python.org\n\nYou can print a more detailed traceback right now with \"%tb\", or use \"%debug\"\nto interactively debug it.\n\nExtra-detailed tracebacks for bug-reporting purposes can be enabled via:\n    %config Application.verbose_crash=True\n", "step": null, "ts": 1642197241.908574}]}, "version": 77}
{"obj": {"type": "LogStrings", "path": ["monitoring", "stderr"], "values": [{"value": "\n", "step": null, "ts": 1642197241.9086688}]}, "version": 78}
{"obj": {"type": "LogStrings", "path": ["monitoring", "stdout"], "values": [{"value": "Shutting down background jobs, please wait a moment...\n", "step": null, "ts": 1642197241.9088216}]}, "version": 79}
