{"obj": {"type": "AssignString", "path": ["sys", "name"], "value": "Untitled"}, "version": 1}
{"obj": {"type": "AssignString", "path": ["sys", "description"], "value": ""}, "version": 2}
{"obj": {"type": "AssignString", "path": ["sys", "hostname"], "value": "compute133"}, "version": 3}
{"obj": {"type": "AssignBool", "path": ["sys", "failed"], "value": false}, "version": 4}
{"obj": {"type": "ClearStringLog", "path": ["monitoring", "stdout"]}, "version": 5}
{"obj": {"type": "ClearStringLog", "path": ["monitoring", "stderr"]}, "version": 6}
{"obj": {"type": "ConfigFloatSeries", "path": ["monitoring", "cpu"], "min": 0.0, "max": 100.0, "unit": "%"}, "version": 7}
{"obj": {"type": "ClearFloatLog", "path": ["monitoring", "cpu"]}, "version": 8}
{"obj": {"type": "ConfigFloatSeries", "path": ["monitoring", "memory"], "min": 0.0, "max": 251.8083610534668, "unit": "GB"}, "version": 9}
{"obj": {"type": "ClearFloatLog", "path": ["monitoring", "memory"]}, "version": 10}
{"obj": {"type": "ConfigFloatSeries", "path": ["monitoring", "gpu"], "min": 0.0, "max": 100.0, "unit": "%"}, "version": 11}
{"obj": {"type": "ClearFloatLog", "path": ["monitoring", "gpu"]}, "version": 12}
{"obj": {"type": "ConfigFloatSeries", "path": ["monitoring", "gpu_memory"], "min": 0.0, "max": 11.9124755859375, "unit": "GB"}, "version": 13}
{"obj": {"type": "ClearFloatLog", "path": ["monitoring", "gpu_memory"]}, "version": 14}
{"obj": {"type": "LogFloats", "path": ["monitoring", "cpu"], "values": [{"value": 5.5, "step": null, "ts": 1642480854.5367963}]}, "version": 15}
{"obj": {"type": "LogFloats", "path": ["monitoring", "memory"], "values": [{"value": 10.455493927001953, "step": null, "ts": 1642480854.5367963}]}, "version": 16}
{"obj": {"type": "LogFloats", "path": ["monitoring", "gpu_memory"], "values": [{"value": 0.9229736328125, "step": null, "ts": 1642480854.5367963}]}, "version": 17}
{"obj": {"type": "LogStrings", "path": ["monitoring", "stdout"], "values": [{"value": "", "step": null, "ts": 1642480854.5435896}]}, "version": 18}
{"obj": {"type": "LogStrings", "path": ["monitoring", "stdout"], "values": [{"value": "https://app.neptune.ai/junkataoka/SRDC/e/SRDC-84\n", "step": null, "ts": 1642480854.5444396}]}, "version": 19}
{"obj": {"type": "LogStrings", "path": ["monitoring", "stdout"], "values": [{"value": "Remember to stop your run once you\u2019ve finished logging your metadata (https://docs.neptune.ai/api-reference/run#stop). It will be stopped automatically only when the notebook kernel/interactive console is terminated.\n", "step": null, "ts": 1642480854.545057}]}, "version": 20}
{"obj": {"type": "LogStrings", "path": ["monitoring", "stdout"], "values": [{"value": "begin training", "step": null, "ts": 1642480854.6869605}]}, "version": 21}
{"obj": {"type": "LogStrings", "path": ["monitoring", "stdout"], "values": [{"value": "\n", "step": null, "ts": 1642480854.6909392}]}, "version": 22}
{"obj": {"type": "LogFloats", "path": ["monitoring", "cpu"], "values": [{"value": 7.0, "step": null, "ts": 1642480864.5436864}]}, "version": 23}
{"obj": {"type": "LogFloats", "path": ["monitoring", "memory"], "values": [{"value": 10.747119903564453, "step": null, "ts": 1642480864.5436864}]}, "version": 24}
{"obj": {"type": "LogFloats", "path": ["monitoring", "gpu_memory"], "values": [{"value": 4.0147705078125, "step": null, "ts": 1642480864.5436864}]}, "version": 25}
{"obj": {"type": "LogStrings", "path": ["monitoring", "stdout"], "values": [{"value": "Test on T training set - [0][0/45]\tT 0.473 (0.473)\tD 0.351 (0.351)\tT@1 85.714 (85.714)\tT@5 98.413 (98.413)\tL 2.2211 (2.2211)", "step": null, "ts": 1642480865.8827717}]}, "version": 26}
{"obj": {"type": "LogStrings", "path": ["monitoring", "stdout"], "values": [{"value": "\n", "step": null, "ts": 1642480865.8919737}]}, "version": 27}
{"obj": {"type": "LogStrings", "path": ["monitoring", "stdout"], "values": [{"value": "Test on T training set - [0][10/45]\tT 0.302 (0.318)\tD 0.182 (0.197)\tT@1 34.921 (73.882)\tT@5 71.429 (91.053)\tL 2.7946 (2.3495)", "step": null, "ts": 1642480868.9085839}]}, "version": 28}
{"obj": {"type": "LogStrings", "path": ["monitoring", "stdout"], "values": [{"value": "\n", "step": null, "ts": 1642480868.9149358}]}, "version": 29}
{"obj": {"type": "LogStrings", "path": ["monitoring", "stdout"], "values": [{"value": "Test on T training set - [0][20/45]\tT 0.301 (0.310)\tD 0.182 (0.188)\tT@1 66.667 (69.992)\tT@5 98.413 (90.174)\tL 2.5281 (2.4297)", "step": null, "ts": 1642480871.9189398}]}, "version": 30}
{"obj": {"type": "LogStrings", "path": ["monitoring", "stdout"], "values": [{"value": "\n", "step": null, "ts": 1642480871.9255135}]}, "version": 31}
{"obj": {"type": "LogFloats", "path": ["monitoring", "cpu"], "values": [{"value": 6.7, "step": null, "ts": 1642480874.547105}]}, "version": 32}
{"obj": {"type": "LogFloats", "path": ["monitoring", "memory"], "values": [{"value": 10.677040100097656, "step": null, "ts": 1642480874.547105}]}, "version": 33}
{"obj": {"type": "LogFloats", "path": ["monitoring", "gpu"], "values": [{"value": 10.0, "step": null, "ts": 1642480874.547105}]}, "version": 34}
{"obj": {"type": "LogFloats", "path": ["monitoring", "gpu_memory"], "values": [{"value": 3.9913330078125, "step": null, "ts": 1642480874.547105}]}, "version": 35}
{"obj": {"type": "LogStrings", "path": ["monitoring", "stdout"], "values": [{"value": "Test on T training set - [0][30/45]\tT 0.285 (0.306)\tD 0.172 (0.185)\tT@1 76.190 (68.203)\tT@5 95.238 (88.479)\tL 2.5034 (2.4583)", "step": null, "ts": 1642480874.8923564}]}, "version": 36}
{"obj": {"type": "LogStrings", "path": ["monitoring", "stdout"], "values": [{"value": "\n", "step": null, "ts": 1642480874.898267}]}, "version": 37}
{"obj": {"type": "LogStrings", "path": ["monitoring", "stdout"], "values": [{"value": "Test on T training set - [0][40/45]\tT 0.292 (0.304)\tD 0.177 (0.183)\tT@1 49.206 (65.196)\tT@5 73.016 (84.204)\tL 2.7474 (2.5131)", "step": null, "ts": 1642480877.8613238}]}, "version": 38}
{"obj": {"type": "LogStrings", "path": ["monitoring", "stdout"], "values": [{"value": "\n", "step": null, "ts": 1642480877.8672967}]}, "version": 39}
{"obj": {"type": "LogStrings", "path": ["monitoring", "stdout"], "values": [{"value": " * Test on T training set - Prec@1 61.803, Prec@5 82.144", "step": null, "ts": 1642480879.48852}]}, "version": 40}
{"obj": {"type": "LogStrings", "path": ["monitoring", "stdout"], "values": [{"value": "\n", "step": null, "ts": 1642480879.489317}]}, "version": 41}
{"obj": {"type": "LogStrings", "path": ["monitoring", "stdout"], "values": [{"value": "Test on T test set - [0][0/45]\tTime 0.440 (0.440)\tLoss 2.2211 (2.2211)\tPrec@1 85.714 (85.714)\tPrec@5 98.413 (98.413)", "step": null, "ts": 1642480879.9310648}]}, "version": 42}
{"obj": {"type": "LogStrings", "path": ["monitoring", "stdout"], "values": [{"value": "\n", "step": null, "ts": 1642480879.9374902}]}, "version": 43}
{"obj": {"type": "LogStrings", "path": ["monitoring", "stdout"], "values": [{"value": "Test on T test set - [0][10/45]\tTime 1.026 (0.401)\tLoss 2.7946 (2.3495)\tPrec@1 34.921 (73.882)\tPrec@5 71.429 (91.053)", "step": null, "ts": 1642480883.897112}]}, "version": 44}
{"obj": {"type": "LogStrings", "path": ["monitoring", "stdout"], "values": [{"value": "\n", "step": null, "ts": 1642480884.0239463}]}, "version": 45}
{"obj": {"type": "LogFloats", "path": ["monitoring", "cpu"], "values": [{"value": 6.4, "step": null, "ts": 1642480884.550568}]}, "version": 46}
{"obj": {"type": "LogFloats", "path": ["monitoring", "memory"], "values": [{"value": 10.740104675292969, "step": null, "ts": 1642480884.550568}]}, "version": 47}
{"obj": {"type": "LogFloats", "path": ["monitoring", "gpu"], "values": [{"value": 29.0, "step": null, "ts": 1642480884.550568}]}, "version": 48}
{"obj": {"type": "LogFloats", "path": ["monitoring", "gpu_memory"], "values": [{"value": 3.9385986328125, "step": null, "ts": 1642480884.550568}]}, "version": 49}
{"obj": {"type": "LogStrings", "path": ["monitoring", "stdout"], "values": [{"value": "Test on T test set - [0][20/45]\tTime 0.310 (0.393)\tLoss 2.5281 (2.4297)\tPrec@1 66.667 (69.992)\tPrec@5 98.413 (90.174)", "step": null, "ts": 1642480887.7509277}]}, "version": 50}
{"obj": {"type": "LogStrings", "path": ["monitoring", "stdout"], "values": [{"value": "\n", "step": null, "ts": 1642480887.7575316}]}, "version": 51}
{"obj": {"type": "LogStrings", "path": ["monitoring", "stdout"], "values": [{"value": "Test on T test set - [0][30/45]\tTime 0.289 (0.379)\tLoss 2.5034 (2.4583)\tPrec@1 76.190 (68.203)\tPrec@5 95.238 (88.479)", "step": null, "ts": 1642480891.2446878}]}, "version": 52}
{"obj": {"type": "LogStrings", "path": ["monitoring", "stdout"], "values": [{"value": "\n", "step": null, "ts": 1642480891.2667253}]}, "version": 53}
{"obj": {"type": "LogStrings", "path": ["monitoring", "stdout"], "values": [{"value": "Test on T test set - [0][40/45]\tTime 0.297 (0.359)\tLoss 2.7474 (2.5131)\tPrec@1 49.206 (65.196)\tPrec@5 73.016 (84.204)", "step": null, "ts": 1642480894.221736}]}, "version": 54}
{"obj": {"type": "LogStrings", "path": ["monitoring", "stdout"], "values": [{"value": "\n", "step": null, "ts": 1642480894.2278986}]}, "version": 55}
{"obj": {"type": "LogFloats", "path": ["monitoring", "cpu"], "values": [{"value": 6.5, "step": null, "ts": 1642480894.5545976}]}, "version": 56}
{"obj": {"type": "LogFloats", "path": ["monitoring", "memory"], "values": [{"value": 10.799686431884766, "step": null, "ts": 1642480894.5545976}]}, "version": 57}
{"obj": {"type": "LogFloats", "path": ["monitoring", "gpu"], "values": [{"value": 52.0, "step": null, "ts": 1642480894.5545976}]}, "version": 58}
{"obj": {"type": "LogFloats", "path": ["monitoring", "gpu_memory"], "values": [{"value": 3.9385986328125, "step": null, "ts": 1642480894.5545976}]}, "version": 59}
{"obj": {"type": "LogStrings", "path": ["monitoring", "stdout"], "values": [{"value": " * Test on T test set - Prec@1 61.803, Prec@5 82.144", "step": null, "ts": 1642480895.3353553}]}, "version": 60}
{"obj": {"type": "LogStrings", "path": ["monitoring", "stdout"], "values": [{"value": "\n", "step": null, "ts": 1642480895.336268}]}, "version": 61}
{"obj": {"type": "LogStrings", "path": ["monitoring", "stdout"], "values": [{"value": "Epoch 0, K-means clustering 0, Average clustering time 0.028, Prec@1 66.454", "step": null, "ts": 1642480895.3658013}]}, "version": 62}
{"obj": {"type": "LogStrings", "path": ["monitoring", "stdout"], "values": [{"value": "\n", "step": null, "ts": 1642480895.3667977}]}, "version": 63}
{"obj": {"type": "LogStrings", "path": ["monitoring", "stdout"], "values": [{"value": "Epoch 0, K-means clustering 1, Average clustering time 0.076, Prec@1 72.524", "step": null, "ts": 1642480895.490816}]}, "version": 64}
{"obj": {"type": "LogStrings", "path": ["monitoring", "stdout"], "values": [{"value": "\n", "step": null, "ts": 1642480895.4918785}]}, "version": 65}
{"obj": {"type": "LogStrings", "path": ["monitoring", "stdout"], "values": [{"value": "Epoch 0, K-means clustering 2, Average clustering time 0.081, Prec@1 73.873", "step": null, "ts": 1642480895.5797849}]}, "version": 66}
{"obj": {"type": "LogStrings", "path": ["monitoring", "stdout"], "values": [{"value": "\n", "step": null, "ts": 1642480895.5805836}]}, "version": 67}
{"obj": {"type": "LogStrings", "path": ["monitoring", "stdout"], "values": [{"value": "Epoch 0, K-means clustering 3, Average clustering time 0.083, Prec@1 73.837", "step": null, "ts": 1642480895.6715648}]}, "version": 68}
{"obj": {"type": "LogStrings", "path": ["monitoring", "stdout"], "values": [{"value": "\n", "step": null, "ts": 1642480895.6724997}]}, "version": 69}
{"obj": {"type": "LogStrings", "path": ["monitoring", "stdout"], "values": [{"value": "Epoch 0, K-means clustering 4, Average clustering time 0.087, Prec@1 74.015", "step": null, "ts": 1642480895.772287}]}, "version": 70}
{"obj": {"type": "LogStrings", "path": ["monitoring", "stdout"], "values": [{"value": "\n", "step": null, "ts": 1642480895.7732878}]}, "version": 71}
{"obj": {"type": "LogStrings", "path": ["monitoring", "stdout"], "values": [{"value": "Epoch 0, K-means clustering 0, Average clustering time 0.003, Prec@1 65.495", "step": null, "ts": 1642480895.9392622}]}, "version": 72}
{"obj": {"type": "LogStrings", "path": ["monitoring", "stdout"], "values": [{"value": "\n", "step": null, "ts": 1642480895.9403121}]}, "version": 73}
{"obj": {"type": "LogStrings", "path": ["monitoring", "stdout"], "values": [{"value": "Epoch 0, K-means clustering 1, Average clustering time 0.033, Prec@1 69.720", "step": null, "ts": 1642480896.0015757}]}, "version": 74}
{"obj": {"type": "LogStrings", "path": ["monitoring", "stdout"], "values": [{"value": "\n", "step": null, "ts": 1642480896.0025804}]}, "version": 75}
{"obj": {"type": "LogStrings", "path": ["monitoring", "stdout"], "values": [{"value": "Epoch 0, K-means clustering 2, Average clustering time 0.043, Prec@1 70.891", "step": null, "ts": 1642480896.0664647}]}, "version": 76}
{"obj": {"type": "LogStrings", "path": ["monitoring", "stdout"], "values": [{"value": "\n", "step": null, "ts": 1642480896.0686994}]}, "version": 77}
{"obj": {"type": "LogStrings", "path": ["monitoring", "stdout"], "values": [{"value": "Epoch 0, K-means clustering 3, Average clustering time 0.050, Prec@1 71.672", "step": null, "ts": 1642480896.1379757}]}, "version": 78}
{"obj": {"type": "LogStrings", "path": ["monitoring", "stdout"], "values": [{"value": "\n", "step": null, "ts": 1642480896.1390226}]}, "version": 79}
{"obj": {"type": "LogStrings", "path": ["monitoring", "stdout"], "values": [{"value": "Epoch 0, K-means clustering 4, Average clustering time 0.052, Prec@1 71.565", "step": null, "ts": 1642480896.1956446}]}, "version": 80}
{"obj": {"type": "LogStrings", "path": ["monitoring", "stdout"], "values": [{"value": "\n", "step": null, "ts": 1642480896.196734}]}, "version": 81}
{"obj": {"type": "LogFloats", "path": ["metrics", "current_acc"], "values": [{"value": 61.80333712916024, "step": null, "ts": 1642480896.5884638}]}, "version": 82}
{"obj": {"type": "LogFloats", "path": ["metrics", "best_acc"], "values": [{"value": 61.80333712916024, "step": null, "ts": 1642480896.6010082}]}, "version": 83}
{"obj": {"type": "LogFloats", "path": ["metrics", "tardis_loss"], "values": [{"value": 0.0, "step": null, "ts": 1642480899.487163}]}, "version": 84}
{"obj": {"type": "LogFloats", "path": ["metrics", "d_t_loss"], "values": [{"value": 0.0, "step": null, "ts": 1642480899.495566}]}, "version": 85}
{"obj": {"type": "LogFloats", "path": ["metrics", "tar_dis_loss_f1"], "values": [{"value": 0.0, "step": null, "ts": 1642480899.4969277}]}, "version": 86}
{"obj": {"type": "LogFloats", "path": ["metrics", "tar_dis_loss_f2"], "values": [{"value": 0.0, "step": null, "ts": 1642480899.498257}]}, "version": 87}
{"obj": {"type": "LogFloats", "path": ["metrics", "src_dis_loss"], "values": [{"value": 0.0, "step": null, "ts": 1642480899.5950658}]}, "version": 88}
{"obj": {"type": "LogFloats", "path": ["metrics", "d_s_loss"], "values": [{"value": 0.0, "step": null, "ts": 1642480899.5978115}]}, "version": 89}
{"obj": {"type": "LogFloats", "path": ["metrics", "src_dis_loss_f1"], "values": [{"value": 0.0, "step": null, "ts": 1642480899.599194}]}, "version": 90}
{"obj": {"type": "LogFloats", "path": ["metrics", "src_dis_loss_f2"], "values": [{"value": 0.0, "step": null, "ts": 1642480899.6003842}]}, "version": 91}
{"obj": {"type": "LogFloats", "path": ["metrics", "mix_up_loss"], "values": [{"value": 0.0, "step": null, "ts": 1642480901.7684429}]}, "version": 92}
{"obj": {"type": "LogFloats", "path": ["metrics", "d_mix_up_loss"], "values": [{"value": 0.0, "step": null, "ts": 1642480901.7697072}]}, "version": 93}
{"obj": {"type": "LogStrings", "path": ["monitoring", "stdout"], "values": [{"value": "Train - epoch [0/200]\tBT 4.261 (4.261)\tDT 0.000 (0.000)\tS@1 100.000 (100.000)\tLoss 0.0000 (0.0000)", "step": null, "ts": 1642480902.9778202}]}, "version": 94}
{"obj": {"type": "LogStrings", "path": ["monitoring", "stdout"], "values": [{"value": "\n", "step": null, "ts": 1642480902.9788716}]}, "version": 95}
{"obj": {"type": "LogStrings", "path": ["monitoring", "stdout"], "values": [{"value": "The penalty weight is 0.000000", "step": null, "ts": 1642480902.980233}]}, "version": 96}
{"obj": {"type": "LogStrings", "path": ["monitoring", "stdout"], "values": [{"value": "\n", "step": null, "ts": 1642480902.9807336}]}, "version": 97}
{"obj": {"type": "LogFloats", "path": ["metrics", "tardis_loss"], "values": [{"value": 0.0, "step": null, "ts": 1642480903.1960435}]}, "version": 98}
{"obj": {"type": "LogFloats", "path": ["metrics", "d_t_loss"], "values": [{"value": 0.0, "step": null, "ts": 1642480903.207517}]}, "version": 99}
{"obj": {"type": "LogFloats", "path": ["metrics", "tar_dis_loss_f1"], "values": [{"value": 0.0, "step": null, "ts": 1642480903.2115247}]}, "version": 100}
{"obj": {"type": "LogFloats", "path": ["metrics", "tar_dis_loss_f2"], "values": [{"value": 0.0, "step": null, "ts": 1642480903.2128837}]}, "version": 101}
{"obj": {"type": "LogFloats", "path": ["metrics", "src_dis_loss"], "values": [{"value": 0.0, "step": null, "ts": 1642480903.298877}]}, "version": 102}
{"obj": {"type": "LogFloats", "path": ["metrics", "d_s_loss"], "values": [{"value": 0.0, "step": null, "ts": 1642480903.3027792}]}, "version": 103}
{"obj": {"type": "LogFloats", "path": ["metrics", "src_dis_loss_f1"], "values": [{"value": 0.0, "step": null, "ts": 1642480903.3065603}]}, "version": 104}
{"obj": {"type": "LogFloats", "path": ["metrics", "src_dis_loss_f2"], "values": [{"value": 0.0, "step": null, "ts": 1642480903.3080013}]}, "version": 105}
{"obj": {"type": "LogFloats", "path": ["metrics", "mix_up_loss"], "values": [{"value": 0.0, "step": null, "ts": 1642480903.4878066}]}, "version": 106}
{"obj": {"type": "LogFloats", "path": ["metrics", "d_mix_up_loss"], "values": [{"value": 0.0, "step": null, "ts": 1642480903.4905136}]}, "version": 107}
{"obj": {"type": "LogFloats", "path": ["metrics", "tardis_loss"], "values": [{"value": 0.0, "step": null, "ts": 1642480904.1915884}]}, "version": 108}
{"obj": {"type": "LogFloats", "path": ["metrics", "d_t_loss"], "values": [{"value": 0.0, "step": null, "ts": 1642480904.2017734}]}, "version": 109}
{"obj": {"type": "LogFloats", "path": ["metrics", "tar_dis_loss_f1"], "values": [{"value": 0.0, "step": null, "ts": 1642480904.205753}]}, "version": 110}
{"obj": {"type": "LogFloats", "path": ["metrics", "tar_dis_loss_f2"], "values": [{"value": 0.0, "step": null, "ts": 1642480904.207182}]}, "version": 111}
{"obj": {"type": "LogFloats", "path": ["metrics", "src_dis_loss"], "values": [{"value": 0.0, "step": null, "ts": 1642480904.2907512}]}, "version": 112}
{"obj": {"type": "LogFloats", "path": ["metrics", "d_s_loss"], "values": [{"value": 0.0, "step": null, "ts": 1642480904.2942762}]}, "version": 113}
{"obj": {"type": "LogFloats", "path": ["metrics", "src_dis_loss_f1"], "values": [{"value": 0.0, "step": null, "ts": 1642480904.2980509}]}, "version": 114}
{"obj": {"type": "LogFloats", "path": ["metrics", "src_dis_loss_f2"], "values": [{"value": 0.0, "step": null, "ts": 1642480904.3060212}]}, "version": 115}
{"obj": {"type": "LogFloats", "path": ["metrics", "mix_up_loss"], "values": [{"value": 0.0, "step": null, "ts": 1642480904.4774313}]}, "version": 116}
{"obj": {"type": "LogFloats", "path": ["metrics", "d_mix_up_loss"], "values": [{"value": 0.0, "step": null, "ts": 1642480904.4940004}]}, "version": 117}
{"obj": {"type": "LogFloats", "path": ["monitoring", "cpu"], "values": [{"value": 5.2, "step": null, "ts": 1642480904.5573747}]}, "version": 118}
{"obj": {"type": "LogFloats", "path": ["monitoring", "memory"], "values": [{"value": 8.66885757446289, "step": null, "ts": 1642480904.5573747}]}, "version": 119}
{"obj": {"type": "LogFloats", "path": ["monitoring", "gpu"], "values": [{"value": 62.0, "step": null, "ts": 1642480904.5573747}]}, "version": 120}
{"obj": {"type": "LogFloats", "path": ["monitoring", "gpu_memory"], "values": [{"value": 11.6593017578125, "step": null, "ts": 1642480904.5573747}]}, "version": 121}
{"obj": {"type": "LogFloats", "path": ["metrics", "tardis_loss"], "values": [{"value": 0.0, "step": null, "ts": 1642480905.0731525}]}, "version": 122}
{"obj": {"type": "LogFloats", "path": ["metrics", "d_t_loss"], "values": [{"value": 0.0, "step": null, "ts": 1642480905.0910895}]}, "version": 123}
{"obj": {"type": "LogFloats", "path": ["metrics", "tar_dis_loss_f1"], "values": [{"value": 0.0, "step": null, "ts": 1642480905.1001763}]}, "version": 124}
{"obj": {"type": "LogFloats", "path": ["metrics", "tar_dis_loss_f2"], "values": [{"value": 0.0, "step": null, "ts": 1642480905.1040752}]}, "version": 125}
{"obj": {"type": "LogFloats", "path": ["metrics", "src_dis_loss"], "values": [{"value": 0.0, "step": null, "ts": 1642480905.432964}]}, "version": 126}
{"obj": {"type": "LogFloats", "path": ["metrics", "d_s_loss"], "values": [{"value": 0.0, "step": null, "ts": 1642480905.4373667}]}, "version": 127}
{"obj": {"type": "LogFloats", "path": ["metrics", "src_dis_loss_f1"], "values": [{"value": 0.0, "step": null, "ts": 1642480905.4388669}]}, "version": 128}
{"obj": {"type": "LogFloats", "path": ["metrics", "src_dis_loss_f2"], "values": [{"value": 0.0, "step": null, "ts": 1642480905.4403622}]}, "version": 129}
{"obj": {"type": "LogFloats", "path": ["metrics", "mix_up_loss"], "values": [{"value": 0.0, "step": null, "ts": 1642480905.5768616}]}, "version": 130}
{"obj": {"type": "LogFloats", "path": ["metrics", "d_mix_up_loss"], "values": [{"value": 0.0, "step": null, "ts": 1642480905.5898664}]}, "version": 131}
{"obj": {"type": "LogFloats", "path": ["metrics", "tardis_loss"], "values": [{"value": 0.0, "step": null, "ts": 1642480906.1770196}]}, "version": 132}
{"obj": {"type": "LogFloats", "path": ["metrics", "d_t_loss"], "values": [{"value": 0.0, "step": null, "ts": 1642480906.3102636}]}, "version": 133}
{"obj": {"type": "LogFloats", "path": ["metrics", "tar_dis_loss_f1"], "values": [{"value": 0.0, "step": null, "ts": 1642480906.317454}]}, "version": 134}
{"obj": {"type": "LogFloats", "path": ["metrics", "tar_dis_loss_f2"], "values": [{"value": 0.0, "step": null, "ts": 1642480906.3245149}]}, "version": 135}
{"obj": {"type": "LogFloats", "path": ["metrics", "src_dis_loss"], "values": [{"value": 0.0, "step": null, "ts": 1642480906.8079638}]}, "version": 136}
{"obj": {"type": "LogFloats", "path": ["metrics", "d_s_loss"], "values": [{"value": 0.0, "step": null, "ts": 1642480906.8090377}]}, "version": 137}
{"obj": {"type": "LogFloats", "path": ["metrics", "src_dis_loss_f1"], "values": [{"value": 0.0, "step": null, "ts": 1642480906.8100476}]}, "version": 138}
{"obj": {"type": "LogFloats", "path": ["metrics", "src_dis_loss_f2"], "values": [{"value": 0.0, "step": null, "ts": 1642480906.8111591}]}, "version": 139}
{"obj": {"type": "LogFloats", "path": ["metrics", "mix_up_loss"], "values": [{"value": 0.0, "step": null, "ts": 1642480906.944453}]}, "version": 140}
{"obj": {"type": "LogFloats", "path": ["metrics", "d_mix_up_loss"], "values": [{"value": 0.0, "step": null, "ts": 1642480906.9597132}]}, "version": 141}
{"obj": {"type": "LogFloats", "path": ["metrics", "tardis_loss"], "values": [{"value": 0.0, "step": null, "ts": 1642480907.5379162}]}, "version": 142}
{"obj": {"type": "LogFloats", "path": ["metrics", "d_t_loss"], "values": [{"value": 0.0, "step": null, "ts": 1642480907.5497744}]}, "version": 143}
{"obj": {"type": "LogFloats", "path": ["metrics", "tar_dis_loss_f1"], "values": [{"value": 0.0, "step": null, "ts": 1642480907.5537472}]}, "version": 144}
{"obj": {"type": "LogFloats", "path": ["metrics", "tar_dis_loss_f2"], "values": [{"value": 0.0, "step": null, "ts": 1642480907.5577986}]}, "version": 145}
{"obj": {"type": "LogFloats", "path": ["metrics", "src_dis_loss"], "values": [{"value": 0.0, "step": null, "ts": 1642480908.0794265}]}, "version": 146}
{"obj": {"type": "LogFloats", "path": ["metrics", "d_s_loss"], "values": [{"value": 0.0, "step": null, "ts": 1642480908.1009297}]}, "version": 147}
{"obj": {"type": "LogFloats", "path": ["metrics", "src_dis_loss_f1"], "values": [{"value": 0.0, "step": null, "ts": 1642480908.104519}]}, "version": 148}
{"obj": {"type": "LogFloats", "path": ["metrics", "src_dis_loss_f2"], "values": [{"value": 0.0, "step": null, "ts": 1642480908.1076202}]}, "version": 149}
{"obj": {"type": "LogFloats", "path": ["metrics", "mix_up_loss"], "values": [{"value": 0.0, "step": null, "ts": 1642480908.261828}]}, "version": 150}
{"obj": {"type": "LogFloats", "path": ["metrics", "d_mix_up_loss"], "values": [{"value": 0.0, "step": null, "ts": 1642480908.2628877}]}, "version": 151}
{"obj": {"type": "LogFloats", "path": ["metrics", "tardis_loss"], "values": [{"value": 0.0, "step": null, "ts": 1642480908.8459167}]}, "version": 152}
{"obj": {"type": "LogFloats", "path": ["metrics", "d_t_loss"], "values": [{"value": 0.0, "step": null, "ts": 1642480908.8497188}]}, "version": 153}
{"obj": {"type": "LogFloats", "path": ["metrics", "tar_dis_loss_f1"], "values": [{"value": 0.0, "step": null, "ts": 1642480908.8581715}]}, "version": 154}
{"obj": {"type": "LogFloats", "path": ["metrics", "tar_dis_loss_f2"], "values": [{"value": 0.0, "step": null, "ts": 1642480908.8623283}]}, "version": 155}
{"obj": {"type": "LogFloats", "path": ["metrics", "src_dis_loss"], "values": [{"value": 0.0, "step": null, "ts": 1642480909.3729603}]}, "version": 156}
{"obj": {"type": "LogFloats", "path": ["metrics", "d_s_loss"], "values": [{"value": 0.0, "step": null, "ts": 1642480909.3778124}]}, "version": 157}
{"obj": {"type": "LogFloats", "path": ["metrics", "src_dis_loss_f1"], "values": [{"value": 0.0, "step": null, "ts": 1642480909.3788645}]}, "version": 158}
{"obj": {"type": "LogFloats", "path": ["metrics", "src_dis_loss_f2"], "values": [{"value": 0.0, "step": null, "ts": 1642480909.3801327}]}, "version": 159}
{"obj": {"type": "LogFloats", "path": ["metrics", "mix_up_loss"], "values": [{"value": 0.0, "step": null, "ts": 1642480909.5289416}]}, "version": 160}
{"obj": {"type": "LogFloats", "path": ["metrics", "d_mix_up_loss"], "values": [{"value": 0.0, "step": null, "ts": 1642480909.5332086}]}, "version": 161}
{"obj": {"type": "LogFloats", "path": ["metrics", "tardis_loss"], "values": [{"value": 0.0, "step": null, "ts": 1642480910.1114697}]}, "version": 162}
{"obj": {"type": "LogFloats", "path": ["metrics", "d_t_loss"], "values": [{"value": 0.0, "step": null, "ts": 1642480910.15668}]}, "version": 163}
{"obj": {"type": "LogFloats", "path": ["metrics", "tar_dis_loss_f1"], "values": [{"value": 0.0, "step": null, "ts": 1642480910.1607747}]}, "version": 164}
{"obj": {"type": "LogFloats", "path": ["metrics", "tar_dis_loss_f2"], "values": [{"value": 0.0, "step": null, "ts": 1642480910.1701298}]}, "version": 165}
{"obj": {"type": "LogFloats", "path": ["metrics", "src_dis_loss"], "values": [{"value": 0.0, "step": null, "ts": 1642480910.7999382}]}, "version": 166}
{"obj": {"type": "LogFloats", "path": ["metrics", "d_s_loss"], "values": [{"value": 0.0, "step": null, "ts": 1642480910.8026764}]}, "version": 167}
{"obj": {"type": "LogFloats", "path": ["metrics", "src_dis_loss_f1"], "values": [{"value": 0.0, "step": null, "ts": 1642480910.807392}]}, "version": 168}
{"obj": {"type": "LogFloats", "path": ["metrics", "src_dis_loss_f2"], "values": [{"value": 0.0, "step": null, "ts": 1642480910.8120356}]}, "version": 169}
{"obj": {"type": "LogFloats", "path": ["metrics", "mix_up_loss"], "values": [{"value": 0.0, "step": null, "ts": 1642480910.9386933}]}, "version": 170}
{"obj": {"type": "LogFloats", "path": ["metrics", "d_mix_up_loss"], "values": [{"value": 0.0, "step": null, "ts": 1642480910.944768}]}, "version": 171}
{"obj": {"type": "LogFloats", "path": ["metrics", "tardis_loss"], "values": [{"value": 0.0, "step": null, "ts": 1642480911.534712}]}, "version": 172}
{"obj": {"type": "LogFloats", "path": ["metrics", "d_t_loss"], "values": [{"value": 0.0, "step": null, "ts": 1642480911.5859418}]}, "version": 173}
{"obj": {"type": "LogFloats", "path": ["metrics", "tar_dis_loss_f1"], "values": [{"value": 0.0, "step": null, "ts": 1642480911.587378}]}, "version": 174}
{"obj": {"type": "LogFloats", "path": ["metrics", "tar_dis_loss_f2"], "values": [{"value": 0.0, "step": null, "ts": 1642480911.5886698}]}, "version": 175}
{"obj": {"type": "LogFloats", "path": ["metrics", "src_dis_loss"], "values": [{"value": 0.0, "step": null, "ts": 1642480912.0749567}]}, "version": 176}
{"obj": {"type": "LogFloats", "path": ["metrics", "d_s_loss"], "values": [{"value": 0.0, "step": null, "ts": 1642480912.078793}]}, "version": 177}
{"obj": {"type": "LogFloats", "path": ["metrics", "src_dis_loss_f1"], "values": [{"value": 0.0, "step": null, "ts": 1642480912.0799637}]}, "version": 178}
{"obj": {"type": "LogFloats", "path": ["metrics", "src_dis_loss_f2"], "values": [{"value": 0.0, "step": null, "ts": 1642480912.081135}]}, "version": 179}
{"obj": {"type": "LogFloats", "path": ["metrics", "mix_up_loss"], "values": [{"value": 0.0, "step": null, "ts": 1642480912.2117586}]}, "version": 180}
{"obj": {"type": "LogFloats", "path": ["metrics", "d_mix_up_loss"], "values": [{"value": 0.0, "step": null, "ts": 1642480912.2297158}]}, "version": 181}
{"obj": {"type": "LogFloats", "path": ["metrics", "tardis_loss"], "values": [{"value": 0.0, "step": null, "ts": 1642480912.8080032}]}, "version": 182}
{"obj": {"type": "LogFloats", "path": ["metrics", "d_t_loss"], "values": [{"value": 0.0, "step": null, "ts": 1642480912.8227334}]}, "version": 183}
{"obj": {"type": "LogFloats", "path": ["metrics", "tar_dis_loss_f1"], "values": [{"value": 0.0, "step": null, "ts": 1642480912.8269985}]}, "version": 184}
{"obj": {"type": "LogFloats", "path": ["metrics", "tar_dis_loss_f2"], "values": [{"value": 0.0, "step": null, "ts": 1642480912.831049}]}, "version": 185}
{"obj": {"type": "LogFloats", "path": ["metrics", "src_dis_loss"], "values": [{"value": 0.0, "step": null, "ts": 1642480913.366963}]}, "version": 186}
{"obj": {"type": "LogFloats", "path": ["metrics", "d_s_loss"], "values": [{"value": 0.0, "step": null, "ts": 1642480913.3718128}]}, "version": 187}
{"obj": {"type": "LogFloats", "path": ["metrics", "src_dis_loss_f1"], "values": [{"value": 0.0, "step": null, "ts": 1642480913.37309}]}, "version": 188}
{"obj": {"type": "LogFloats", "path": ["metrics", "src_dis_loss_f2"], "values": [{"value": 0.0, "step": null, "ts": 1642480913.3748255}]}, "version": 189}
{"obj": {"type": "LogFloats", "path": ["metrics", "mix_up_loss"], "values": [{"value": 0.0, "step": null, "ts": 1642480913.5179465}]}, "version": 190}
{"obj": {"type": "LogFloats", "path": ["metrics", "d_mix_up_loss"], "values": [{"value": 0.0, "step": null, "ts": 1642480913.5189548}]}, "version": 191}
{"obj": {"type": "LogFloats", "path": ["metrics", "tardis_loss"], "values": [{"value": 0.0, "step": null, "ts": 1642480914.102021}]}, "version": 192}
{"obj": {"type": "LogFloats", "path": ["metrics", "d_t_loss"], "values": [{"value": 0.0, "step": null, "ts": 1642480914.1087263}]}, "version": 193}
{"obj": {"type": "LogFloats", "path": ["metrics", "tar_dis_loss_f1"], "values": [{"value": 0.0, "step": null, "ts": 1642480914.1190631}]}, "version": 194}
{"obj": {"type": "LogFloats", "path": ["metrics", "tar_dis_loss_f2"], "values": [{"value": 0.0, "step": null, "ts": 1642480914.120615}]}, "version": 195}
{"obj": {"type": "LogFloats", "path": ["monitoring", "cpu"], "values": [{"value": 3.6, "step": null, "ts": 1642480914.560499}]}, "version": 196}
{"obj": {"type": "LogFloats", "path": ["monitoring", "memory"], "values": [{"value": 8.600994110107422, "step": null, "ts": 1642480914.560499}]}, "version": 197}
{"obj": {"type": "LogFloats", "path": ["monitoring", "gpu"], "values": [{"value": 11.0, "step": null, "ts": 1642480914.560499}]}, "version": 198}
{"obj": {"type": "LogFloats", "path": ["monitoring", "gpu_memory"], "values": [{"value": 11.6593017578125, "step": null, "ts": 1642480914.560499}]}, "version": 199}
{"obj": {"type": "LogFloats", "path": ["metrics", "src_dis_loss"], "values": [{"value": 0.0, "step": null, "ts": 1642480914.6148248}]}, "version": 200}
{"obj": {"type": "LogFloats", "path": ["metrics", "d_s_loss"], "values": [{"value": 0.0, "step": null, "ts": 1642480914.6156816}]}, "version": 201}
{"obj": {"type": "LogFloats", "path": ["metrics", "src_dis_loss_f1"], "values": [{"value": 0.0, "step": null, "ts": 1642480914.617036}]}, "version": 202}
{"obj": {"type": "LogFloats", "path": ["metrics", "src_dis_loss_f2"], "values": [{"value": 0.0, "step": null, "ts": 1642480914.618387}]}, "version": 203}
{"obj": {"type": "LogFloats", "path": ["metrics", "mix_up_loss"], "values": [{"value": 0.0, "step": null, "ts": 1642480914.7315507}]}, "version": 204}
{"obj": {"type": "LogFloats", "path": ["metrics", "d_mix_up_loss"], "values": [{"value": 0.0, "step": null, "ts": 1642480914.7328618}]}, "version": 205}
{"obj": {"type": "LogStrings", "path": ["monitoring", "stdout"], "values": [{"value": "Train - epoch [0/200]\tBT 1.211 (1.211)\tDT 0.000 (0.000)\tS@1 100.000 (100.000)\tLoss 0.0000 (0.0000)", "step": null, "ts": 1642480915.1386678}]}, "version": 206}
{"obj": {"type": "LogStrings", "path": ["monitoring", "stdout"], "values": [{"value": "\n", "step": null, "ts": 1642480915.140581}]}, "version": 207}
{"obj": {"type": "LogFloats", "path": ["metrics", "tardis_loss"], "values": [{"value": 0.0, "step": null, "ts": 1642480915.311161}]}, "version": 208}
{"obj": {"type": "LogFloats", "path": ["metrics", "d_t_loss"], "values": [{"value": 0.0, "step": null, "ts": 1642480915.3220263}]}, "version": 209}
{"obj": {"type": "LogFloats", "path": ["metrics", "tar_dis_loss_f1"], "values": [{"value": 0.0, "step": null, "ts": 1642480915.3281853}]}, "version": 210}
{"obj": {"type": "LogFloats", "path": ["metrics", "tar_dis_loss_f2"], "values": [{"value": 0.0, "step": null, "ts": 1642480915.3299103}]}, "version": 211}
{"obj": {"type": "LogFloats", "path": ["metrics", "src_dis_loss"], "values": [{"value": 0.0, "step": null, "ts": 1642480916.4306276}]}, "version": 212}
{"obj": {"type": "LogFloats", "path": ["metrics", "d_s_loss"], "values": [{"value": 0.0, "step": null, "ts": 1642480916.4358196}]}, "version": 213}
{"obj": {"type": "LogFloats", "path": ["metrics", "src_dis_loss_f1"], "values": [{"value": 0.0, "step": null, "ts": 1642480916.448434}]}, "version": 214}
{"obj": {"type": "LogFloats", "path": ["metrics", "src_dis_loss_f2"], "values": [{"value": 0.0, "step": null, "ts": 1642480916.45003}]}, "version": 215}
{"obj": {"type": "LogFloats", "path": ["metrics", "mix_up_loss"], "values": [{"value": 0.0, "step": null, "ts": 1642480916.592963}]}, "version": 216}
{"obj": {"type": "LogFloats", "path": ["metrics", "d_mix_up_loss"], "values": [{"value": 0.0, "step": null, "ts": 1642480916.5972931}]}, "version": 217}
{"obj": {"type": "LogFloats", "path": ["metrics", "tardis_loss"], "values": [{"value": 0.0, "step": null, "ts": 1642480917.1762002}]}, "version": 218}
{"obj": {"type": "LogFloats", "path": ["metrics", "d_t_loss"], "values": [{"value": 0.0, "step": null, "ts": 1642480917.1966774}]}, "version": 219}
{"obj": {"type": "LogFloats", "path": ["metrics", "tar_dis_loss_f1"], "values": [{"value": 0.0, "step": null, "ts": 1642480917.1980596}]}, "version": 220}
{"obj": {"type": "LogFloats", "path": ["metrics", "tar_dis_loss_f2"], "values": [{"value": 0.0, "step": null, "ts": 1642480917.199359}]}, "version": 221}
{"obj": {"type": "LogFloats", "path": ["metrics", "src_dis_loss"], "values": [{"value": 0.0, "step": null, "ts": 1642480917.68565}]}, "version": 222}
{"obj": {"type": "LogFloats", "path": ["metrics", "d_s_loss"], "values": [{"value": 0.0, "step": null, "ts": 1642480917.6989543}]}, "version": 223}
{"obj": {"type": "LogFloats", "path": ["metrics", "src_dis_loss_f1"], "values": [{"value": 0.0, "step": null, "ts": 1642480917.7000382}]}, "version": 224}
{"obj": {"type": "LogFloats", "path": ["metrics", "src_dis_loss_f2"], "values": [{"value": 0.0, "step": null, "ts": 1642480917.7030153}]}, "version": 225}
{"obj": {"type": "LogFloats", "path": ["metrics", "mix_up_loss"], "values": [{"value": 0.0, "step": null, "ts": 1642480917.8330524}]}, "version": 226}
{"obj": {"type": "LogStrings", "path": ["monitoring", "traceback"], "values": [{"value": "An uncaught exception occurred while run was active on worker compute133.", "step": null, "ts": 1642480917.8586597}, {"value": "Marking run as failed", "step": null, "ts": 1642480917.8586597}, {"value": "Traceback:", "step": null, "ts": 1642480917.8586597}, {"value": "  File \"main.py\", line 280, in <module>\n    main()\n", "step": null, "ts": 1642480917.8586597}, {"value": "  File \"main.py\", line 243, in main\n    train_loader_source_batch, train_loader_target_batch = train(train_loader_source, train_loader_source_batch, train_loader_target, train_loader_target_batch, model, learn_cen, learn_cen_2, criterion_cons, optimizer, itern, epoch, new_epoch_flag, src_cs, args, run)\n", "step": null, "ts": 1642480917.8586597}, {"value": "  File \"/data/home/jkataok1/SRDC-CVPR2020/trainer.py\", line 150, in train\n    run[\"metrics/d_mix_up_loss\"].log(d_mixup_loss)\n", "step": null, "ts": 1642480917.8586597}, {"value": "  File \"/data/home/jkataok1/.conda/envs/cyclegan/lib/python3.8/site-packages/neptune/new/handler.py\", line 225, in log\n    attr.log(value, step=step, timestamp=timestamp, wait=wait, **kwargs)\n", "step": null, "ts": 1642480917.8586597}, {"value": "  File \"/data/home/jkataok1/.conda/envs/cyclegan/lib/python3.8/site-packages/neptune/new/attributes/series/series.py\", line 84, in log\n    value = self._data_to_value([value], **kwargs)\n", "step": null, "ts": 1642480917.8586597}, {"value": "  File \"/data/home/jkataok1/.conda/envs/cyclegan/lib/python3.8/site-packages/neptune/new/attributes/series/float_series.py\", line 60, in _data_to_value\n    return FloatSeriesVal(values)\n", "step": null, "ts": 1642480917.8586597}, {"value": "  File \"/data/home/jkataok1/.conda/envs/cyclegan/lib/python3.8/site-packages/neptune/new/types/series/float_series.py\", line 38, in __init__\n    self._values = [float(value) for value in values]\n", "step": null, "ts": 1642480917.8586597}, {"value": "  File \"/data/home/jkataok1/.conda/envs/cyclegan/lib/python3.8/site-packages/neptune/new/types/series/float_series.py\", line 38, in <listcomp>\n    self._values = [float(value) for value in values]\n", "step": null, "ts": 1642480917.8586597}, {"value": "CUDA error: device-side assert triggered", "step": null, "ts": 1642480917.8586597}, {"value": "CUDA kernel errors might be asynchronously reported at some other API call,so the stacktrace below might be incorrect.", "step": null, "ts": 1642480917.8586597}, {"value": "For debugging consider passing CUDA_LAUNCH_BLOCKING=1.", "step": null, "ts": 1642480917.8586597}]}, "version": 227}
{"obj": {"type": "AssignBool", "path": ["sys", "failed"], "value": true}, "version": 228}
{"obj": {"type": "LogStrings", "path": ["monitoring", "stderr"], "values": [{"value": "Traceback (most recent call last):\n", "step": null, "ts": 1642480917.8608897}]}, "version": 229}
{"obj": {"type": "LogStrings", "path": ["monitoring", "stderr"], "values": [{"value": "", "step": null, "ts": 1642480917.8617687}]}, "version": 230}
{"obj": {"type": "LogStrings", "path": ["monitoring", "stderr"], "values": [{"value": "  File \"main.py\", line 280, in <module>\n    main()\n", "step": null, "ts": 1642480917.8624022}]}, "version": 231}
{"obj": {"type": "LogStrings", "path": ["monitoring", "stderr"], "values": [{"value": "", "step": null, "ts": 1642480917.8633027}]}, "version": 232}
{"obj": {"type": "LogStrings", "path": ["monitoring", "stderr"], "values": [{"value": "  File \"main.py\", line 243, in main\n    train_loader_source_batch, train_loader_target_batch = train(train_loader_source, train_loader_source_batch, train_loader_target, train_loader_target_batch, model, learn_cen, learn_cen_2, criterion_cons, optimizer, itern, epoch, new_epoch_flag, src_cs, args, run)\n", "step": null, "ts": 1642480917.8640814}]}, "version": 233}
{"obj": {"type": "LogStrings", "path": ["monitoring", "stderr"], "values": [{"value": "", "step": null, "ts": 1642480917.8645918}]}, "version": 234}
{"obj": {"type": "LogStrings", "path": ["monitoring", "stderr"], "values": [{"value": "  File \"/data/home/jkataok1/SRDC-CVPR2020/trainer.py\", line 150, in train\n    run[\"metrics/d_mix_up_loss\"].log(d_mixup_loss)\n", "step": null, "ts": 1642480917.8650696}]}, "version": 235}
{"obj": {"type": "LogStrings", "path": ["monitoring", "stderr"], "values": [{"value": "", "step": null, "ts": 1642480917.8654466}]}, "version": 236}
{"obj": {"type": "LogStrings", "path": ["monitoring", "stderr"], "values": [{"value": "  File \"/data/home/jkataok1/.conda/envs/cyclegan/lib/python3.8/site-packages/neptune/new/handler.py\", line 225, in log\n    attr.log(value, step=step, timestamp=timestamp, wait=wait, **kwargs)\n", "step": null, "ts": 1642480917.8659232}]}, "version": 237}
{"obj": {"type": "LogStrings", "path": ["monitoring", "stderr"], "values": [{"value": "", "step": null, "ts": 1642480917.8663013}]}, "version": 238}
{"obj": {"type": "LogStrings", "path": ["monitoring", "stderr"], "values": [{"value": "  File \"/data/home/jkataok1/.conda/envs/cyclegan/lib/python3.8/site-packages/neptune/new/attributes/series/series.py\", line 84, in log\n    value = self._data_to_value([value], **kwargs)\n", "step": null, "ts": 1642480917.867191}]}, "version": 239}
{"obj": {"type": "LogStrings", "path": ["monitoring", "stderr"], "values": [{"value": "", "step": null, "ts": 1642480917.8680341}]}, "version": 240}
{"obj": {"type": "LogStrings", "path": ["monitoring", "stderr"], "values": [{"value": "  File \"/data/home/jkataok1/.conda/envs/cyclegan/lib/python3.8/site-packages/neptune/new/attributes/series/float_series.py\", line 60, in _data_to_value\n    return FloatSeriesVal(values)\n", "step": null, "ts": 1642480917.8685732}]}, "version": 241}
{"obj": {"type": "LogStrings", "path": ["monitoring", "stderr"], "values": [{"value": "", "step": null, "ts": 1642480917.869148}]}, "version": 242}
{"obj": {"type": "LogStrings", "path": ["monitoring", "stderr"], "values": [{"value": "  File \"/data/home/jkataok1/.conda/envs/cyclegan/lib/python3.8/site-packages/neptune/new/types/series/float_series.py\", line 38, in __init__\n    self._values = [float(value) for value in values]\n", "step": null, "ts": 1642480917.8696647}]}, "version": 243}
{"obj": {"type": "LogStrings", "path": ["monitoring", "stderr"], "values": [{"value": "", "step": null, "ts": 1642480917.8702037}]}, "version": 244}
{"obj": {"type": "LogStrings", "path": ["monitoring", "stderr"], "values": [{"value": "  File \"/data/home/jkataok1/.conda/envs/cyclegan/lib/python3.8/site-packages/neptune/new/types/series/float_series.py\", line 38, in <listcomp>\n    self._values = [float(value) for value in values]\n", "step": null, "ts": 1642480917.8705997}]}, "version": 245}
{"obj": {"type": "LogStrings", "path": ["monitoring", "stderr"], "values": [{"value": "", "step": null, "ts": 1642480917.8711324}]}, "version": 246}
{"obj": {"type": "LogStrings", "path": ["monitoring", "stderr"], "values": [{"value": "RuntimeError: CUDA error: device-side assert triggered\nCUDA kernel errors might be asynchronously reported at some other API call,so the stacktrace below might be incorrect.\nFor debugging consider passing CUDA_LAUNCH_BLOCKING=1.\n", "step": null, "ts": 1642480917.8716557}]}, "version": 247}
{"obj": {"type": "LogStrings", "path": ["monitoring", "stderr"], "values": [{"value": "", "step": null, "ts": 1642480917.8721442}]}, "version": 248}
{"obj": {"type": "LogStrings", "path": ["monitoring", "stderr"], "values": [{"value": "\nIf you suspect this is an IPython 7.29.0 bug, please report it at:\n    https://github.com/ipython/ipython/issues\nor send an email to the mailing list at ipython-dev@python.org\n\nYou can print a more detailed traceback right now with \"%tb\", or use \"%debug\"\nto interactively debug it.\n\nExtra-detailed tracebacks for bug-reporting purposes can be enabled via:\n    %config Application.verbose_crash=True\n", "step": null, "ts": 1642480917.8727496}]}, "version": 249}
{"obj": {"type": "LogStrings", "path": ["monitoring", "stderr"], "values": [{"value": "\n", "step": null, "ts": 1642480917.8732247}]}, "version": 250}
{"obj": {"type": "LogStrings", "path": ["monitoring", "stdout"], "values": [{"value": "Shutting down background jobs, please wait a moment...\n", "step": null, "ts": 1642480917.87391}]}, "version": 251}
