{"obj": {"type": "AssignString", "path": ["sys", "name"], "value": "Untitled"}, "version": 1}
{"obj": {"type": "AssignString", "path": ["sys", "description"], "value": ""}, "version": 2}
{"obj": {"type": "AssignString", "path": ["sys", "hostname"], "value": "compute132"}, "version": 3}
{"obj": {"type": "AssignBool", "path": ["sys", "failed"], "value": false}, "version": 4}
{"obj": {"type": "ClearStringLog", "path": ["monitoring", "stdout"]}, "version": 5}
{"obj": {"type": "ClearStringLog", "path": ["monitoring", "stderr"]}, "version": 6}
{"obj": {"type": "ConfigFloatSeries", "path": ["monitoring", "cpu"], "min": 0.0, "max": 100.0, "unit": "%"}, "version": 7}
{"obj": {"type": "ClearFloatLog", "path": ["monitoring", "cpu"]}, "version": 8}
{"obj": {"type": "ConfigFloatSeries", "path": ["monitoring", "memory"], "min": 0.0, "max": 251.8086280822754, "unit": "GB"}, "version": 9}
{"obj": {"type": "ClearFloatLog", "path": ["monitoring", "memory"]}, "version": 10}
{"obj": {"type": "ConfigFloatSeries", "path": ["monitoring", "gpu"], "min": 0.0, "max": 100.0, "unit": "%"}, "version": 11}
{"obj": {"type": "ClearFloatLog", "path": ["monitoring", "gpu"]}, "version": 12}
{"obj": {"type": "ConfigFloatSeries", "path": ["monitoring", "gpu_memory"], "min": 0.0, "max": 11.9124755859375, "unit": "GB"}, "version": 13}
{"obj": {"type": "ClearFloatLog", "path": ["monitoring", "gpu_memory"]}, "version": 14}
{"obj": {"type": "LogFloats", "path": ["monitoring", "cpu"], "values": [{"value": 5.9, "step": null, "ts": 1642449924.165099}]}, "version": 15}
{"obj": {"type": "LogFloats", "path": ["monitoring", "memory"], "values": [{"value": 10.3963623046875, "step": null, "ts": 1642449924.165099}]}, "version": 16}
{"obj": {"type": "LogFloats", "path": ["monitoring", "gpu_memory"], "values": [{"value": 0.9229736328125, "step": null, "ts": 1642449924.165099}]}, "version": 17}
{"obj": {"type": "LogStrings", "path": ["monitoring", "stdout"], "values": [{"value": "", "step": null, "ts": 1642449924.180495}]}, "version": 18}
{"obj": {"type": "LogStrings", "path": ["monitoring", "stdout"], "values": [{"value": "https://app.neptune.ai/junkataoka/SRDC/e/SRDC-61\n", "step": null, "ts": 1642449924.1841197}]}, "version": 19}
{"obj": {"type": "LogStrings", "path": ["monitoring", "stdout"], "values": [{"value": "Remember to stop your run once you\u2019ve finished logging your metadata (https://docs.neptune.ai/api-reference/run#stop). It will be stopped automatically only when the notebook kernel/interactive console is terminated.\n", "step": null, "ts": 1642449924.188064}]}, "version": 20}
{"obj": {"type": "LogStrings", "path": ["monitoring", "stdout"], "values": [{"value": "begin training", "step": null, "ts": 1642449924.3143563}]}, "version": 21}
{"obj": {"type": "LogStrings", "path": ["monitoring", "stdout"], "values": [{"value": "\n", "step": null, "ts": 1642449924.3150656}]}, "version": 22}
{"obj": {"type": "LogFloats", "path": ["monitoring", "cpu"], "values": [{"value": 6.6, "step": null, "ts": 1642449934.180589}]}, "version": 23}
{"obj": {"type": "LogFloats", "path": ["monitoring", "memory"], "values": [{"value": 10.60043716430664, "step": null, "ts": 1642449934.180589}]}, "version": 24}
{"obj": {"type": "LogFloats", "path": ["monitoring", "gpu"], "values": [{"value": 62.0, "step": null, "ts": 1642449934.180589}]}, "version": 25}
{"obj": {"type": "LogFloats", "path": ["monitoring", "gpu_memory"], "values": [{"value": 4.0382080078125, "step": null, "ts": 1642449934.180589}]}, "version": 26}
{"obj": {"type": "LogStrings", "path": ["monitoring", "stdout"], "values": [{"value": "Test on T training set - [0][0/13]\tT 0.710 (0.710)\tD 0.591 (0.591)\tT@1 100.000 (100.000)\tT@5 100.000 (100.000)\tL 0.1956 (0.1956)", "step": null, "ts": 1642449941.2887661}]}, "version": 27}
{"obj": {"type": "LogStrings", "path": ["monitoring", "stdout"], "values": [{"value": "\n", "step": null, "ts": 1642449941.303443}]}, "version": 28}
{"obj": {"type": "LogFloats", "path": ["monitoring", "cpu"], "values": [{"value": 7.0, "step": null, "ts": 1642449944.1845684}]}, "version": 29}
{"obj": {"type": "LogFloats", "path": ["monitoring", "memory"], "values": [{"value": 10.624031066894531, "step": null, "ts": 1642449944.1845684}]}, "version": 30}
{"obj": {"type": "LogFloats", "path": ["monitoring", "gpu_memory"], "values": [{"value": 3.9600830078125, "step": null, "ts": 1642449944.1845684}]}, "version": 31}
{"obj": {"type": "LogStrings", "path": ["monitoring", "stdout"], "values": [{"value": "Test on T training set - [0][10/13]\tT 0.475 (0.513)\tD 0.363 (0.392)\tT@1 76.190 (81.530)\tT@5 100.000 (94.517)\tL 0.8891 (0.7919)", "step": null, "ts": 1642449946.2214122}]}, "version": 32}
{"obj": {"type": "LogStrings", "path": ["monitoring", "stdout"], "values": [{"value": "\n", "step": null, "ts": 1642449946.2389202}]}, "version": 33}
{"obj": {"type": "LogStrings", "path": ["monitoring", "stdout"], "values": [{"value": " * Test on T training set - Prec@1 81.132, Prec@5 94.843", "step": null, "ts": 1642449947.9350252}]}, "version": 34}
{"obj": {"type": "LogStrings", "path": ["monitoring", "stdout"], "values": [{"value": "\n", "step": null, "ts": 1642449947.93688}]}, "version": 35}
{"obj": {"type": "LogStrings", "path": ["monitoring", "stdout"], "values": [{"value": "Test on T test set - [0][0/13]\tTime 0.942 (0.942)\tLoss 0.1956 (0.1956)\tPrec@1 100.000 (100.000)\tPrec@5 100.000 (100.000)", "step": null, "ts": 1642449948.882665}]}, "version": 36}
{"obj": {"type": "LogStrings", "path": ["monitoring", "stdout"], "values": [{"value": "\n", "step": null, "ts": 1642449948.8967423}]}, "version": 37}
{"obj": {"type": "LogStrings", "path": ["monitoring", "stdout"], "values": [{"value": "Test on T test set - [0][10/13]\tTime 0.510 (0.549)\tLoss 0.8891 (0.7919)\tPrec@1 76.190 (81.530)\tPrec@5 100.000 (94.517)", "step": null, "ts": 1642449953.9777634}]}, "version": 38}
{"obj": {"type": "LogStrings", "path": ["monitoring", "stdout"], "values": [{"value": "\n", "step": null, "ts": 1642449953.990207}]}, "version": 39}
{"obj": {"type": "LogFloats", "path": ["monitoring", "cpu"], "values": [{"value": 6.5, "step": null, "ts": 1642449954.1884742}]}, "version": 40}
{"obj": {"type": "LogFloats", "path": ["monitoring", "memory"], "values": [{"value": 10.576309204101562, "step": null, "ts": 1642449954.1884742}]}, "version": 41}
{"obj": {"type": "LogFloats", "path": ["monitoring", "gpu_memory"], "values": [{"value": 3.9327392578125, "step": null, "ts": 1642449954.1884742}]}, "version": 42}
{"obj": {"type": "LogStrings", "path": ["monitoring", "stdout"], "values": [{"value": " * Test on T test set - Prec@1 81.132, Prec@5 94.843", "step": null, "ts": 1642449954.7343235}]}, "version": 43}
{"obj": {"type": "LogStrings", "path": ["monitoring", "stdout"], "values": [{"value": "\n", "step": null, "ts": 1642449954.7352107}]}, "version": 44}
{"obj": {"type": "LogStrings", "path": ["monitoring", "stdout"], "values": [{"value": "Epoch 0, K-means clustering 0, Average clustering time 0.018, Prec@1 74.465", "step": null, "ts": 1642449954.7556841}]}, "version": 45}
{"obj": {"type": "LogStrings", "path": ["monitoring", "stdout"], "values": [{"value": "\n", "step": null, "ts": 1642449954.7565188}]}, "version": 46}
{"obj": {"type": "LogStrings", "path": ["monitoring", "stdout"], "values": [{"value": "Epoch 0, K-means clustering 1, Average clustering time 0.062, Prec@1 81.258", "step": null, "ts": 1642449954.8617437}]}, "version": 47}
{"obj": {"type": "LogStrings", "path": ["monitoring", "stdout"], "values": [{"value": "\n", "step": null, "ts": 1642449954.862683}]}, "version": 48}
{"obj": {"type": "LogStrings", "path": ["monitoring", "stdout"], "values": [{"value": "Epoch 0, K-means clustering 2, Average clustering time 0.067, Prec@1 82.013", "step": null, "ts": 1642449954.938609}]}, "version": 49}
{"obj": {"type": "LogStrings", "path": ["monitoring", "stdout"], "values": [{"value": "\n", "step": null, "ts": 1642449954.9397473}]}, "version": 50}
{"obj": {"type": "LogStrings", "path": ["monitoring", "stdout"], "values": [{"value": "Epoch 0, K-means clustering 3, Average clustering time 0.066, Prec@1 82.138", "step": null, "ts": 1642449955.002319}]}, "version": 51}
{"obj": {"type": "LogStrings", "path": ["monitoring", "stdout"], "values": [{"value": "\n", "step": null, "ts": 1642449955.0034354}]}, "version": 52}
{"obj": {"type": "LogStrings", "path": ["monitoring", "stdout"], "values": [{"value": "Epoch 0, K-means clustering 4, Average clustering time 0.065, Prec@1 82.642", "step": null, "ts": 1642449955.0619025}]}, "version": 53}
{"obj": {"type": "LogStrings", "path": ["monitoring", "stdout"], "values": [{"value": "\n", "step": null, "ts": 1642449955.0628784}]}, "version": 54}
{"obj": {"type": "LogStrings", "path": ["monitoring", "stdout"], "values": [{"value": "Epoch 0, K-means clustering 0, Average clustering time 0.001, Prec@1 77.610", "step": null, "ts": 1642449955.1824615}]}, "version": 55}
{"obj": {"type": "LogStrings", "path": ["monitoring", "stdout"], "values": [{"value": "\n", "step": null, "ts": 1642449955.1835628}]}, "version": 56}
{"obj": {"type": "LogStrings", "path": ["monitoring", "stdout"], "values": [{"value": "Epoch 0, K-means clustering 1, Average clustering time 0.036, Prec@1 83.648", "step": null, "ts": 1642449955.253967}]}, "version": 57}
{"obj": {"type": "LogStrings", "path": ["monitoring", "stdout"], "values": [{"value": "\n", "step": null, "ts": 1642449955.2550344}]}, "version": 58}
{"obj": {"type": "LogStrings", "path": ["monitoring", "stdout"], "values": [{"value": "Epoch 0, K-means clustering 2, Average clustering time 0.044, Prec@1 85.283", "step": null, "ts": 1642449955.3142262}]}, "version": 59}
{"obj": {"type": "LogStrings", "path": ["monitoring", "stdout"], "values": [{"value": "\n", "step": null, "ts": 1642449955.3153338}]}, "version": 60}
{"obj": {"type": "LogStrings", "path": ["monitoring", "stdout"], "values": [{"value": "Epoch 0, K-means clustering 3, Average clustering time 0.047, Prec@1 86.038", "step": null, "ts": 1642449955.3709586}]}, "version": 61}
{"obj": {"type": "LogStrings", "path": ["monitoring", "stdout"], "values": [{"value": "\n", "step": null, "ts": 1642449955.3721616}]}, "version": 62}
{"obj": {"type": "LogStrings", "path": ["monitoring", "stdout"], "values": [{"value": "Epoch 0, K-means clustering 4, Average clustering time 0.050, Prec@1 86.289", "step": null, "ts": 1642449955.429861}]}, "version": 63}
{"obj": {"type": "LogStrings", "path": ["monitoring", "stdout"], "values": [{"value": "\n", "step": null, "ts": 1642449955.4308789}]}, "version": 64}
{"obj": {"type": "LogFloats", "path": ["metrics", "current_acc"], "values": [{"value": 81.13207617705723, "step": null, "ts": 1642449955.9054525}]}, "version": 65}
{"obj": {"type": "LogFloats", "path": ["metrics", "best_acc"], "values": [{"value": 81.13207617705723, "step": null, "ts": 1642449955.908609}]}, "version": 66}
{"obj": {"type": "LogFloats", "path": ["metrics", "tardis_loss"], "values": [{"value": 0.0, "step": null, "ts": 1642449958.8874466}]}, "version": 67}
{"obj": {"type": "LogFloats", "path": ["metrics", "d_t_loss"], "values": [{"value": 0.0, "step": null, "ts": 1642449958.8888958}]}, "version": 68}
{"obj": {"type": "LogFloats", "path": ["metrics", "tar_dis_loss_f1"], "values": [{"value": 0.0, "step": null, "ts": 1642449958.8908894}]}, "version": 69}
{"obj": {"type": "LogFloats", "path": ["metrics", "tar_dis_loss_f2"], "values": [{"value": 0.0, "step": null, "ts": 1642449958.8927531}]}, "version": 70}
{"obj": {"type": "LogFloats", "path": ["metrics", "src_dis_loss"], "values": [{"value": 0.32100027799606323, "step": null, "ts": 1642449958.9916017}]}, "version": 71}
{"obj": {"type": "LogFloats", "path": ["metrics", "d_s_loss"], "values": [{"value": 0.49068501591682434, "step": null, "ts": 1642449958.9982927}]}, "version": 72}
{"obj": {"type": "LogStrings", "path": ["monitoring", "traceback"], "values": [{"value": "An uncaught exception occurred while run was active on worker compute132.", "step": null, "ts": 1642449959.002764}, {"value": "Marking run as failed", "step": null, "ts": 1642449959.002764}, {"value": "Traceback:", "step": null, "ts": 1642449959.002764}, {"value": "  File \"main.py\", line 280, in <module>\n    main()\n", "step": null, "ts": 1642449959.002764}, {"value": "  File \"main.py\", line 243, in main\n    train_loader_source_batch, train_loader_target_batch = train(train_loader_source, train_loader_source_batch, train_loader_target, train_loader_target_batch, model, learn_cen, learn_cen_2, criterion_cons, optimizer, itern, epoch, new_epoch_flag, src_cs, args, run)\n", "step": null, "ts": 1642449959.002764}, {"value": "  File \"/data/home/jkataok1/SRDC-CVPR2020/trainer.py\", line 121, in train\n    loss += stc_dis_loss\n", "step": null, "ts": 1642449959.002764}, {"value": "name 'stc_dis_loss' is not defined", "step": null, "ts": 1642449959.002764}]}, "version": 73}
{"obj": {"type": "AssignBool", "path": ["sys", "failed"], "value": true}, "version": 74}
{"obj": {"type": "LogStrings", "path": ["monitoring", "stderr"], "values": [{"value": "Traceback (most recent call last):\n", "step": null, "ts": 1642449959.00461}]}, "version": 75}
{"obj": {"type": "LogStrings", "path": ["monitoring", "stderr"], "values": [{"value": "", "step": null, "ts": 1642449959.0053809}]}, "version": 76}
{"obj": {"type": "LogStrings", "path": ["monitoring", "stderr"], "values": [{"value": "  File \"main.py\", line 280, in <module>\n    main()\n", "step": null, "ts": 1642449959.005947}]}, "version": 77}
{"obj": {"type": "LogStrings", "path": ["monitoring", "stderr"], "values": [{"value": "", "step": null, "ts": 1642449959.006428}]}, "version": 78}
{"obj": {"type": "LogStrings", "path": ["monitoring", "stderr"], "values": [{"value": "  File \"main.py\", line 243, in main\n    train_loader_source_batch, train_loader_target_batch = train(train_loader_source, train_loader_source_batch, train_loader_target, train_loader_target_batch, model, learn_cen, learn_cen_2, criterion_cons, optimizer, itern, epoch, new_epoch_flag, src_cs, args, run)\n", "step": null, "ts": 1642449959.0068786}]}, "version": 79}
{"obj": {"type": "LogStrings", "path": ["monitoring", "stderr"], "values": [{"value": "", "step": null, "ts": 1642449959.0073454}]}, "version": 80}
{"obj": {"type": "LogStrings", "path": ["monitoring", "stderr"], "values": [{"value": "  File \"/data/home/jkataok1/SRDC-CVPR2020/trainer.py\", line 121, in train\n    loss += stc_dis_loss\n", "step": null, "ts": 1642449959.0079598}]}, "version": 81}
{"obj": {"type": "LogStrings", "path": ["monitoring", "stderr"], "values": [{"value": "", "step": null, "ts": 1642449959.0084488}]}, "version": 82}
{"obj": {"type": "LogStrings", "path": ["monitoring", "stderr"], "values": [{"value": "NameError: name 'stc_dis_loss' is not defined\n", "step": null, "ts": 1642449959.008899}]}, "version": 83}
{"obj": {"type": "LogStrings", "path": ["monitoring", "stderr"], "values": [{"value": "", "step": null, "ts": 1642449959.0093994}]}, "version": 84}
{"obj": {"type": "LogStrings", "path": ["monitoring", "stderr"], "values": [{"value": "\nIf you suspect this is an IPython 7.29.0 bug, please report it at:\n    https://github.com/ipython/ipython/issues\nor send an email to the mailing list at ipython-dev@python.org\n\nYou can print a more detailed traceback right now with \"%tb\", or use \"%debug\"\nto interactively debug it.\n\nExtra-detailed tracebacks for bug-reporting purposes can be enabled via:\n    %config Application.verbose_crash=True\n", "step": null, "ts": 1642449959.0099845}]}, "version": 85}
{"obj": {"type": "LogStrings", "path": ["monitoring", "stderr"], "values": [{"value": "\n", "step": null, "ts": 1642449959.0106478}]}, "version": 86}
{"obj": {"type": "LogStrings", "path": ["monitoring", "stdout"], "values": [{"value": "Shutting down background jobs, please wait a moment...\n", "step": null, "ts": 1642449959.0111814}]}, "version": 87}
